[38;5;8m2023-01-12 22:53:40[0m [I] [38;5;78;1mapp[0m apply plugin [38;5;78mgroup:entry[0m
[38;5;8m2023-01-12 22:53:40[0m [I] [38;5;78;1mapp[0m apply plugin [38;5;78mgroup:basic[0m
[38;5;8m2023-01-12 22:53:39[0m [I] [38;5;78;1mapp[0m [38;5;15;1mKoishi/4.11.1[0m
[38;5;8m2023-01-12 22:53:40[0m [I] [38;5;78;1mapp[0m apply plugin [38;5;78mhelp[0m
[38;5;8m2023-01-12 22:53:40[0m [I] [38;5;78;1mapp[0m apply plugin [38;5;78mrate-limit[0m
[38;5;8m2023-01-12 22:53:40[0m [I] [38;5;78;1mapp[0m apply plugin [38;5;78mlocales[0m
[38;5;8m2023-01-12 22:53:40[0m [I] [38;5;78;1mapp[0m apply plugin [38;5;78mcommands[0m
[38;5;8m2023-01-12 22:53:40[0m [I] [38;5;78;1mapp[0m apply plugin [38;5;78mgroup:console[0m
[38;5;8m2023-01-12 22:53:40[0m [I] [38;5;78;1mapp[0m apply plugin [38;5;78mdataview[0m
[38;5;8m2023-01-12 22:53:40[0m [I] [38;5;78;1mapp[0m apply plugin [38;5;78manalytics[0m
[38;5;8m2023-01-12 22:53:40[0m [I] [38;5;78;1mapp[0m apply plugin [38;5;78mconsole[0m
[38;5;8m2023-01-12 22:53:40[0m [I] [38;5;78;1mapp[0m apply plugin [38;5;78mmarket[0m
[38;5;8m2023-01-12 22:53:40[0m [I] [38;5;78;1mapp[0m apply plugin [38;5;78minsight[0m
[38;5;8m2023-01-12 22:53:40[0m [I] [38;5;78;1mapp[0m apply plugin [38;5;78mlogger[0m
[38;5;8m2023-01-12 22:53:40[0m [I] [38;5;78;1mapp[0m apply plugin [38;5;78mstatus[0m
[38;5;8m2023-01-12 22:53:40[0m [I] [38;5;78;1mapp[0m apply plugin [38;5;78msandbox[0m
[38;5;8m2023-01-12 22:53:41[0m [I] [38;5;78;1mapp[0m apply plugin [38;5;78mgroup:database[0m
[38;5;8m2023-01-12 22:53:41[0m [I] [38;5;78;1mapp[0m apply plugin [38;5;78mdatabase-sqlite[0m
[38;5;8m2023-01-12 22:53:41[0m [I] [38;5;78;1mapp[0m apply plugin [38;5;78massets-local[0m
[38;5;8m2023-01-12 22:53:41[0m [I] [38;5;78;1mapp[0m apply plugin [38;5;78mgroup:adapter[0m
[38;5;8m2023-01-12 22:53:41[0m [W] [38;5;204;1massets[0m missing configuration "selfUrl", fallback to "file:" scheme
[38;5;8m2023-01-12 22:53:41[0m [I] [38;5;78;1mapp[0m apply plugin [38;5;78mgocqhttp[0m
[38;5;8m2023-01-12 22:53:41[0m [I] [38;5;78;1mapp[0m server listening at [38;5;78mhttp://localhost:5140[0m
[38;5;8m2023-01-12 22:53:41[0m [I] [38;5;209;1msqlite[0m auto creating table [38;5;209muser[0m
[38;5;8m2023-01-12 22:53:41[0m [I] [38;5;209;1msqlite[0m auto creating table [38;5;209mchannel[0m
[38;5;8m2023-01-12 22:53:41[0m [I] [38;5;209;1msqlite[0m auto creating table [38;5;209mstats_daily[0m
[38;5;8m2023-01-12 22:53:41[0m [I] [38;5;209;1msqlite[0m auto creating table [38;5;209mstats_hourly[0m
[38;5;8m2023-01-12 22:53:41[0m [I] [38;5;209;1msqlite[0m auto creating table [38;5;209mstats_longterm[0m
[38;5;8m2023-01-12 22:53:59[0m [W] [38;5;178;1mmarket[0m aborted
[38;5;8m2023-01-12 22:53:59[0m [W] [38;5;178;1mmarket[0m aborted
[38;5;8m2023-01-12 22:55:45[0m [I] [38;5;78;1mapp[0m apply plugin [38;5;78madapter-onebot[0m
[38;5;8m2023-01-12 22:55:45[0m [I] [38;5;209;1msqlite[0m auto updating table [38;5;209muser[0m
[38;5;8m2023-01-12 22:56:25[0m [I] [38;5;78;1mapp[0m unload plugin [38;5;78madapter-onebot[0m
[38;5;8m2023-01-12 22:56:26[0m [I] [38;5;78;1mapp[0m apply plugin [38;5;78madapter-onebot[0m
[38;5;8m2023-01-12 22:57:04[0m [I] [38;5;78;1mapp[0m reload plugin [38;5;78madapter-onebot[0m
[38;5;8m2023-01-12 22:57:04[0m [I] [38;5;214;1madapter[0m connect to server: [38;5;214mws://106.52.111.188:7110/onebot[0m
[38;5;8m2023-01-12 22:57:04[0m [I] [38;5;209;1msqlite[0m auto updating table [38;5;209muser[0m
[38;5;8m2023-01-12 22:57:07[0m [I] [38;5;78;1mapp[0m reload plugin [38;5;78madapter-onebot[0m
[38;5;8m2023-01-12 22:57:29[0m [I] [38;5;78;1mapp[0m reload plugin [38;5;78madapter-onebot[0m
[38;5;8m2023-01-12 22:57:29[0m [I] [38;5;214;1madapter[0m connect to server: [38;5;214mws://106.52.111.188:7110/onebot[0m
[38;5;8m2023-01-12 23:00:15[0m [I] [38;5;78;1mapp[0m [38;5;15;1mKoishi/4.11.1[0m
[38;5;8m2023-01-12 23:00:16[0m [I] [38;5;78;1mapp[0m apply plugin [38;5;78mgroup:entry[0m
[38;5;8m2023-01-12 23:00:16[0m [I] [38;5;78;1mapp[0m apply plugin [38;5;78mgroup:basic[0m
[38;5;8m2023-01-12 23:00:16[0m [I] [38;5;78;1mapp[0m apply plugin [38;5;78mhelp[0m
[38;5;8m2023-01-12 23:00:16[0m [I] [38;5;78;1mapp[0m apply plugin [38;5;78mrate-limit[0m
[38;5;8m2023-01-12 23:00:16[0m [I] [38;5;78;1mapp[0m apply plugin [38;5;78mlocales[0m
[38;5;8m2023-01-12 23:00:16[0m [I] [38;5;78;1mapp[0m apply plugin [38;5;78mcommands[0m
[38;5;8m2023-01-12 23:00:16[0m [I] [38;5;78;1mapp[0m apply plugin [38;5;78mgroup:console[0m
[38;5;8m2023-01-12 23:00:16[0m [I] [38;5;78;1mapp[0m apply plugin [38;5;78manalytics[0m
[38;5;8m2023-01-12 23:00:16[0m [I] [38;5;78;1mapp[0m apply plugin [38;5;78mconsole[0m
[38;5;8m2023-01-12 23:00:16[0m [I] [38;5;78;1mapp[0m apply plugin [38;5;78mdataview[0m
[38;5;8m2023-01-12 23:00:16[0m [I] [38;5;78;1mapp[0m apply plugin [38;5;78mlogger[0m
[38;5;8m2023-01-12 23:00:16[0m [I] [38;5;78;1mapp[0m apply plugin [38;5;78minsight[0m
[38;5;8m2023-01-12 23:00:16[0m [I] [38;5;78;1mapp[0m apply plugin [38;5;78mmarket[0m
[38;5;8m2023-01-12 23:00:17[0m [I] [38;5;78;1mapp[0m apply plugin [38;5;78msandbox[0m
[38;5;8m2023-01-12 23:00:17[0m [I] [38;5;78;1mapp[0m apply plugin [38;5;78mstatus[0m
[38;5;8m2023-01-12 23:00:17[0m [I] [38;5;78;1mapp[0m apply plugin [38;5;78mgroup:database[0m
[38;5;8m2023-01-12 23:00:17[0m [I] [38;5;78;1mapp[0m apply plugin [38;5;78mdatabase-sqlite[0m
[38;5;8m2023-01-12 23:00:17[0m [I] [38;5;78;1mapp[0m apply plugin [38;5;78massets-local[0m
[38;5;8m2023-01-12 23:00:17[0m [I] [38;5;78;1mapp[0m apply plugin [38;5;78mgroup:adapter[0m
[38;5;8m2023-01-12 23:00:17[0m [I] [38;5;78;1mapp[0m apply plugin [38;5;78madapter-onebot[0m
[38;5;8m2023-01-12 23:00:17[0m [I] [38;5;78;1mapp[0m apply plugin [38;5;78mgocqhttp[0m
[38;5;8m2023-01-12 23:00:17[0m [W] [38;5;204;1massets[0m missing configuration "selfUrl", fallback to "file:" scheme
[38;5;8m2023-01-12 23:00:17[0m [I] [38;5;78;1mapp[0m server listening at [38;5;78mhttp://localhost:5140[0m
[38;5;8m2023-01-12 23:00:18[0m [I] [38;5;214;1madapter[0m connect to server: [38;5;214mws://106.52.111.188:7110/onebot[0m
[38;5;8m2023-01-12 23:00:41[0m [W] [38;5;178;1mmarket[0m aborted
[38;5;8m2023-01-12 23:00:41[0m [W] [38;5;178;1mmarket[0m aborted
[38;5;8m2023-01-12 23:04:28[0m [I] [38;5;78;1mapp[0m [38;5;15;1mKoishi/4.11.1[0m
[38;5;8m2023-01-12 23:04:28[0m [I] [38;5;78;1mapp[0m apply plugin [38;5;78mgroup:entry[0m
[38;5;8m2023-01-12 23:04:28[0m [I] [38;5;78;1mapp[0m apply plugin [38;5;78mgroup:basic[0m
[38;5;8m2023-01-12 23:04:28[0m [I] [38;5;78;1mapp[0m apply plugin [38;5;78mrate-limit[0m
[38;5;8m2023-01-12 23:04:28[0m [I] [38;5;78;1mapp[0m apply plugin [38;5;78mhelp[0m
[38;5;8m2023-01-12 23:04:28[0m [I] [38;5;78;1mapp[0m apply plugin [38;5;78mlocales[0m
[38;5;8m2023-01-12 23:04:28[0m [I] [38;5;78;1mapp[0m apply plugin [38;5;78mcommands[0m
[38;5;8m2023-01-12 23:04:28[0m [I] [38;5;78;1mapp[0m apply plugin [38;5;78mgroup:console[0m
[38;5;8m2023-01-12 23:04:28[0m [I] [38;5;78;1mapp[0m apply plugin [38;5;78manalytics[0m
[38;5;8m2023-01-12 23:04:28[0m [I] [38;5;78;1mapp[0m apply plugin [38;5;78mconsole[0m
[38;5;8m2023-01-12 23:04:28[0m [I] [38;5;78;1mapp[0m apply plugin [38;5;78mdataview[0m
[38;5;8m2023-01-12 23:04:28[0m [I] [38;5;78;1mapp[0m apply plugin [38;5;78mlogger[0m
[38;5;8m2023-01-12 23:04:28[0m [I] [38;5;78;1mapp[0m apply plugin [38;5;78minsight[0m
[38;5;8m2023-01-12 23:04:29[0m [I] [38;5;78;1mapp[0m apply plugin [38;5;78msandbox[0m
[38;5;8m2023-01-12 23:04:28[0m [I] [38;5;78;1mapp[0m apply plugin [38;5;78mmarket[0m
[38;5;8m2023-01-12 23:04:29[0m [I] [38;5;78;1mapp[0m apply plugin [38;5;78mstatus[0m
[38;5;8m2023-01-12 23:04:29[0m [I] [38;5;78;1mapp[0m apply plugin [38;5;78mgroup:database[0m
[38;5;8m2023-01-12 23:04:29[0m [I] [38;5;78;1mapp[0m apply plugin [38;5;78mdatabase-sqlite[0m
[38;5;8m2023-01-12 23:04:29[0m [I] [38;5;78;1mapp[0m apply plugin [38;5;78massets-local[0m
[38;5;8m2023-01-12 23:04:29[0m [I] [38;5;78;1mapp[0m apply plugin [38;5;78mgroup:adapter[0m
[38;5;8m2023-01-12 23:04:29[0m [I] [38;5;78;1mapp[0m apply plugin [38;5;78madapter-onebot[0m
[38;5;8m2023-01-12 23:04:29[0m [I] [38;5;78;1mapp[0m apply plugin [38;5;78mgocqhttp[0m
[38;5;8m2023-01-12 23:04:29[0m [W] [38;5;204;1massets[0m missing configuration "selfUrl", fallback to "file:" scheme
[38;5;8m2023-01-12 23:04:29[0m [I] [38;5;78;1mapp[0m server listening at [38;5;78mhttp://localhost:5140[0m
[38;5;8m2023-01-12 23:04:29[0m [I] [38;5;214;1madapter[0m connect to server: [38;5;214mws://106.52.111.188:7110/onebot[0m
[38;5;8m2023-01-12 23:04:31[0m [W] [38;5;178;1mmarket[0m failed to parse [38;5;178mkoishi-plugin-huanlin-painter[0m
[38;5;8m2023-01-12 23:04:31[0m [W] [38;5;178;1mmarket[0m Error: Cannot find module 'koishi-plugin-huanlin-painter'
                        Require stack:
                        - D:\Project\koishinew\node_modules\@koishijs\plugin-market\lib\node\index.js
                        - D:\Project\koishinew\node_modules\@koishijs\loader\lib\node.js
                        - D:\Project\koishinew\node_modules\koishi\lib\worker\index.js
                            at Module._resolveFilename (node:internal/modules/cjs/loader:995:15)
                            at Module._resolveFilename (D:\Project\koishinew\node_modules\esbuild-register\dist\node.js:4787:36)
                            at Function.resolve (node:internal/modules/cjs/helpers:109:19)
                            at PackageProvider.loadPackage (D:\Project\koishinew\node_modules\@koishijs\plugin-market\src\node\packages.ts:95:26)
                            at PackageProvider.loadDirectory (D:\Project\koishinew\node_modules\@koishijs\plugin-market\src\node\packages.ts:85:16)
                            at async Promise.all (index 0)
                            at PackageProvider.prepare (D:\Project\koishinew\node_modules\@koishijs\plugin-market\src\node\packages.ts:53:5)
                            at PackageProvider.get (D:\Project\koishinew\node_modules\@koishijs\plugin-market\src\node\packages.ts:58:5)
                            at PackageProvider.refresh (D:\Project\koishinew\node_modules\@koishijs\plugin-console\src\shared\service.ts:44:14)
[38;5;8m2023-01-12 23:05:51[0m [I] [38;5;78;1mapp[0m [38;5;15;1mKoishi/4.11.1[0m
[38;5;8m2023-01-12 23:05:51[0m [I] [38;5;78;1mapp[0m apply plugin [38;5;78mgroup:entry[0m
[38;5;8m2023-01-12 23:05:51[0m [I] [38;5;78;1mapp[0m apply plugin [38;5;78mhelp[0m
[38;5;8m2023-01-12 23:05:51[0m [I] [38;5;78;1mapp[0m apply plugin [38;5;78mrate-limit[0m
[38;5;8m2023-01-12 23:05:51[0m [I] [38;5;78;1mapp[0m apply plugin [38;5;78mgroup:basic[0m
[38;5;8m2023-01-12 23:05:51[0m [I] [38;5;78;1mapp[0m apply plugin [38;5;78mlocales[0m
[38;5;8m2023-01-12 23:05:51[0m [I] [38;5;78;1mapp[0m apply plugin [38;5;78mcommands[0m
[38;5;8m2023-01-12 23:05:51[0m [I] [38;5;78;1mapp[0m apply plugin [38;5;78mgroup:console[0m
[38;5;8m2023-01-12 23:05:51[0m [I] [38;5;78;1mapp[0m apply plugin [38;5;78manalytics[0m
[38;5;8m2023-01-12 23:05:51[0m [I] [38;5;78;1mapp[0m apply plugin [38;5;78mconsole[0m
[38;5;8m2023-01-12 23:05:51[0m [I] [38;5;78;1mapp[0m apply plugin [38;5;78mdataview[0m
[38;5;8m2023-01-12 23:05:51[0m [I] [38;5;78;1mapp[0m apply plugin [38;5;78mlogger[0m
[38;5;8m2023-01-12 23:05:51[0m [I] [38;5;78;1mapp[0m apply plugin [38;5;78minsight[0m
[38;5;8m2023-01-12 23:05:51[0m [I] [38;5;78;1mapp[0m apply plugin [38;5;78mmarket[0m
[38;5;8m2023-01-12 23:05:52[0m [I] [38;5;78;1mapp[0m apply plugin [38;5;78msandbox[0m
[38;5;8m2023-01-12 23:05:52[0m [I] [38;5;78;1mapp[0m apply plugin [38;5;78mstatus[0m
[38;5;8m2023-01-12 23:05:52[0m [I] [38;5;78;1mapp[0m apply plugin [38;5;78mgroup:database[0m
[38;5;8m2023-01-12 23:05:52[0m [I] [38;5;78;1mapp[0m apply plugin [38;5;78mdatabase-sqlite[0m
[38;5;8m2023-01-12 23:05:52[0m [I] [38;5;78;1mapp[0m apply plugin [38;5;78massets-local[0m
[38;5;8m2023-01-12 23:05:52[0m [I] [38;5;78;1mapp[0m apply plugin [38;5;78mgroup:adapter[0m
[38;5;8m2023-01-12 23:05:52[0m [I] [38;5;78;1mapp[0m apply plugin [38;5;78madapter-onebot[0m
[38;5;8m2023-01-12 23:05:52[0m [I] [38;5;78;1mapp[0m apply plugin [38;5;78mgocqhttp[0m
[38;5;8m2023-01-12 23:05:52[0m [W] [38;5;204;1massets[0m missing configuration "selfUrl", fallback to "file:" scheme
[38;5;8m2023-01-12 23:05:52[0m [I] [38;5;78;1mapp[0m server listening at [38;5;78mhttp://localhost:5140[0m
[38;5;8m2023-01-12 23:05:52[0m [I] [38;5;214;1madapter[0m connect to server: [38;5;214mws://106.52.111.188:7110/onebot[0m
[38;5;8m2023-01-12 23:11:05[0m [I] [38;5;78;1mapp[0m [38;5;15;1mKoishi/4.11.1[0m
[38;5;8m2023-01-12 23:11:05[0m [I] [38;5;78;1mapp[0m apply plugin [38;5;78mgroup:entry[0m
[38;5;8m2023-01-12 23:11:05[0m [I] [38;5;78;1mapp[0m apply plugin [38;5;78mgroup:basic[0m
[38;5;8m2023-01-12 23:11:05[0m [I] [38;5;78;1mapp[0m apply plugin [38;5;78mhelp[0m
[38;5;8m2023-01-12 23:11:05[0m [I] [38;5;78;1mapp[0m apply plugin [38;5;78mrate-limit[0m
[38;5;8m2023-01-12 23:11:06[0m [I] [38;5;78;1mapp[0m apply plugin [38;5;78mlocales[0m
[38;5;8m2023-01-12 23:11:06[0m [I] [38;5;78;1mapp[0m apply plugin [38;5;78mcommands[0m
[38;5;8m2023-01-12 23:11:06[0m [I] [38;5;78;1mapp[0m apply plugin [38;5;78mgroup:console[0m
[38;5;8m2023-01-12 23:11:06[0m [I] [38;5;78;1mapp[0m apply plugin [38;5;78manalytics[0m
[38;5;8m2023-01-12 23:11:06[0m [I] [38;5;78;1mapp[0m apply plugin [38;5;78mconsole[0m
[38;5;8m2023-01-12 23:11:06[0m [I] [38;5;78;1mapp[0m apply plugin [38;5;78mdataview[0m
[38;5;8m2023-01-12 23:11:06[0m [I] [38;5;78;1mapp[0m apply plugin [38;5;78mlogger[0m
[38;5;8m2023-01-12 23:11:06[0m [I] [38;5;78;1mapp[0m apply plugin [38;5;78minsight[0m
[38;5;8m2023-01-12 23:11:06[0m [I] [38;5;78;1mapp[0m apply plugin [38;5;78mmarket[0m
[38;5;8m2023-01-12 23:11:06[0m [I] [38;5;78;1mapp[0m apply plugin [38;5;78msandbox[0m
[38;5;8m2023-01-12 23:11:06[0m [I] [38;5;78;1mapp[0m apply plugin [38;5;78mstatus[0m
[38;5;8m2023-01-12 23:11:06[0m [I] [38;5;78;1mapp[0m apply plugin [38;5;78mgroup:database[0m
[38;5;8m2023-01-12 23:11:06[0m [I] [38;5;78;1mapp[0m apply plugin [38;5;78mdatabase-sqlite[0m
[38;5;8m2023-01-12 23:11:06[0m [I] [38;5;78;1mapp[0m apply plugin [38;5;78massets-local[0m
[38;5;8m2023-01-12 23:11:06[0m [I] [38;5;78;1mapp[0m apply plugin [38;5;78mgroup:adapter[0m
[38;5;8m2023-01-12 23:11:06[0m [I] [38;5;78;1mapp[0m apply plugin [38;5;78madapter-onebot[0m
[38;5;8m2023-01-12 23:11:06[0m [I] [38;5;78;1mapp[0m apply plugin [38;5;78mgocqhttp[0m
[38;5;8m2023-01-12 23:11:06[0m [W] [38;5;204;1massets[0m missing configuration "selfUrl", fallback to "file:" scheme
[38;5;8m2023-01-12 23:11:06[0m [I] [38;5;78;1mapp[0m server listening at [38;5;78mhttp://localhost:5140[0m
[38;5;8m2023-01-12 23:11:07[0m [I] [38;5;214;1madapter[0m connect to server: [38;5;214mws://106.52.111.188:7110/onebot[0m
[38;5;8m2023-01-12 23:14:13[0m [I] [38;5;78;1mapp[0m apply plugin [38;5;78mhuanlin-aipainter:22aang[0m
[38;5;8m2023-01-12 23:14:13[0m [W] [38;5;207;1mi18n[0m preset is deprecated and will be removed in the future
[38;5;8m2023-01-12 23:14:13[0m [W] [38;5;207;1mi18n[0m preset is deprecated and will be removed in the future
[38;5;8m2023-01-12 23:15:06[0m [W] [38;5;207;1mi18n[0m preset is deprecated and will be removed in the future
[38;5;8m2023-01-12 23:15:06[0m [W] [38;5;207;1mi18n[0m preset is deprecated and will be removed in the future
[38;5;8m2023-01-12 23:15:06[0m [I] [38;5;167;1mwatch[0m reload plugin at [38;5;167mplugins\huanlin-aipainter\src\index.ts[0m
[38;5;8m2023-01-12 23:15:14[0m [W] [38;5;207;1mi18n[0m missing [90mundefined[39m
[38;5;8m2023-01-12 23:15:14[0m [E] [38;5;43;1mrryth[0m { detail: [32m'Method Not Allowed'[39m }
[38;5;8m2023-01-12 23:15:38[0m [W] [38;5;207;1mi18n[0m preset is deprecated and will be removed in the future
[38;5;8m2023-01-12 23:15:38[0m [W] [38;5;207;1mi18n[0m preset is deprecated and will be removed in the future
[38;5;8m2023-01-12 23:15:38[0m [I] [38;5;167;1mwatch[0m reload plugin at [38;5;167mplugins\huanlin-aipainter\src\index.ts[0m
[38;5;8m2023-01-12 23:15:42[0m [W] [38;5;207;1mi18n[0m missing [90mundefined[39m
[38;5;8m2023-01-12 23:15:42[0m [E] [38;5;43;1mrryth[0m { detail: [32m'Method Not Allowed'[39m }
[38;5;8m2023-01-12 23:19:04[0m [I] [38;5;78;1mapp[0m [38;5;15;1mKoishi/4.11.1[0m
[38;5;8m2023-01-12 23:19:04[0m [I] [38;5;78;1mapp[0m apply plugin [38;5;78mgroup:entry[0m
[38;5;8m2023-01-12 23:19:04[0m [I] [38;5;78;1mapp[0m apply plugin [38;5;78mgroup:basic[0m
[38;5;8m2023-01-12 23:19:04[0m [I] [38;5;78;1mapp[0m apply plugin [38;5;78mhelp[0m
[38;5;8m2023-01-12 23:19:04[0m [I] [38;5;78;1mapp[0m apply plugin [38;5;78mrate-limit[0m
[38;5;8m2023-01-12 23:19:04[0m [I] [38;5;78;1mapp[0m apply plugin [38;5;78mlocales[0m
[38;5;8m2023-01-12 23:19:04[0m [I] [38;5;78;1mapp[0m apply plugin [38;5;78mcommands[0m
[38;5;8m2023-01-12 23:19:04[0m [I] [38;5;78;1mapp[0m apply plugin [38;5;78mgroup:console[0m
[38;5;8m2023-01-12 23:19:04[0m [I] [38;5;78;1mapp[0m apply plugin [38;5;78manalytics[0m
[38;5;8m2023-01-12 23:19:04[0m [I] [38;5;78;1mapp[0m apply plugin [38;5;78mconsole[0m
[38;5;8m2023-01-12 23:19:04[0m [I] [38;5;78;1mapp[0m apply plugin [38;5;78mdataview[0m
[38;5;8m2023-01-12 23:19:04[0m [I] [38;5;78;1mapp[0m apply plugin [38;5;78mlogger[0m
[38;5;8m2023-01-12 23:19:04[0m [I] [38;5;78;1mapp[0m apply plugin [38;5;78minsight[0m
[38;5;8m2023-01-12 23:19:04[0m [I] [38;5;78;1mapp[0m apply plugin [38;5;78mmarket[0m
[38;5;8m2023-01-12 23:19:04[0m [I] [38;5;78;1mapp[0m apply plugin [38;5;78mstatus[0m
[38;5;8m2023-01-12 23:19:04[0m [I] [38;5;78;1mapp[0m apply plugin [38;5;78msandbox[0m
[38;5;8m2023-01-12 23:19:04[0m [I] [38;5;78;1mapp[0m apply plugin [38;5;78mgroup:database[0m
[38;5;8m2023-01-12 23:19:04[0m [I] [38;5;78;1mapp[0m apply plugin [38;5;78mdatabase-sqlite[0m
[38;5;8m2023-01-12 23:19:05[0m [I] [38;5;78;1mapp[0m apply plugin [38;5;78massets-local[0m
[38;5;8m2023-01-12 23:19:05[0m [I] [38;5;78;1mapp[0m apply plugin [38;5;78mgroup:adapter[0m
[38;5;8m2023-01-12 23:19:05[0m [I] [38;5;78;1mapp[0m apply plugin [38;5;78madapter-onebot[0m
[38;5;8m2023-01-12 23:19:05[0m [I] [38;5;78;1mapp[0m apply plugin [38;5;78mgocqhttp[0m
[38;5;8m2023-01-12 23:19:05[0m [I] [38;5;78;1mapp[0m apply plugin [38;5;78mhuanlin-aipainter:22aang[0m
[38;5;8m2023-01-12 23:19:05[0m [W] [38;5;204;1massets[0m missing configuration "selfUrl", fallback to "file:" scheme
[38;5;8m2023-01-12 23:19:05[0m [W] [38;5;78;1mapp[0m Error: Cannot find module 'libsodium-wrappers'
                        Require stack:
                        - D:\Project\koishinew\plugins\huanlin-aipainter\src\utils.ts
                        - D:\Project\koishinew\plugins\huanlin-aipainter\src\index.ts
                        - D:\Project\koishinew\node_modules\@koishijs\loader\lib\node.js
                        - D:\Project\koishinew\node_modules\koishi\lib\worker\index.js
                            at Module._resolveFilename (node:internal/modules/cjs/loader:995:15)
                            at Module._resolveFilename (D:\Project\koishinew\node_modules\esbuild-register\dist\node.js:4787:36)
                            at Module._load (node:internal/modules/cjs/loader:841:27)
                            at Module.require (node:internal/modules/cjs/loader:1061:19)
                            at require (node:internal/modules/cjs/helpers:103:18)
                            at Object.<anonymous> (d:\Project\koishinew\plugins\huanlin-aipainter\src\utils.ts:5:8)
                            at Module._compile (node:internal/modules/cjs/loader:1159:14)
                            at Module._compile (D:\Project\koishinew\node_modules\esbuild-register\dist\node.js:2258:26)
                            at Module._extensions..js (node:internal/modules/cjs/loader:1213:10)
                            at Object.newLoader [as .ts] (D:\Project\koishinew\node_modules\esbuild-register\dist\node.js:2262:9)
[38;5;8m2023-01-12 23:19:05[0m [I] [38;5;78;1mapp[0m server listening at [38;5;78mhttp://localhost:5140[0m
[38;5;8m2023-01-12 23:19:05[0m [I] [38;5;214;1madapter[0m connect to server: [38;5;214mws://106.52.111.188:7110/onebot[0m
[38;5;8m2023-01-12 23:19:07[0m [W] [38;5;178;1mmarket[0m failed to parse [38;5;178mkoishi-plugin-huanlin-aipainter[0m
[38;5;8m2023-01-12 23:19:07[0m [W] [38;5;178;1mmarket[0m Error: Cannot find module 'libsodium-wrappers'
                        Require stack:
                        - D:\Project\koishinew\plugins\huanlin-aipainter\src\utils.ts
                        - D:\Project\koishinew\plugins\huanlin-aipainter\src\index.ts
                        - D:\Project\koishinew\node_modules\@koishijs\plugin-market\lib\node\index.js
                        - D:\Project\koishinew\node_modules\@koishijs\loader\lib\node.js
                        - D:\Project\koishinew\node_modules\koishi\lib\worker\index.js
                            at Module._resolveFilename (node:internal/modules/cjs/loader:995:15)
                            at Module._resolveFilename (D:\Project\koishinew\node_modules\esbuild-register\dist\node.js:4787:36)
                            at Module._load (node:internal/modules/cjs/loader:841:27)
                            at Module.require (node:internal/modules/cjs/loader:1061:19)
                            at require (node:internal/modules/cjs/helpers:103:18)
                            at Object.<anonymous> (d:\Project\koishinew\plugins\huanlin-aipainter\src\utils.ts:5:8)
                            at Module._compile (node:internal/modules/cjs/loader:1159:14)
                            at Module._compile (D:\Project\koishinew\node_modules\esbuild-register\dist\node.js:2258:26)
                            at Module._extensions..js (node:internal/modules/cjs/loader:1213:10)
                            at Object.newLoader [as .ts] (D:\Project\koishinew\node_modules\esbuild-register\dist\node.js:2262:9)
[38;5;8m2023-01-12 23:19:53[0m [I] [38;5;78;1mapp[0m [38;5;15;1mKoishi/4.11.1[0m
[38;5;8m2023-01-12 23:19:53[0m [I] [38;5;78;1mapp[0m apply plugin [38;5;78mgroup:entry[0m
[38;5;8m2023-01-12 23:19:53[0m [I] [38;5;78;1mapp[0m apply plugin [38;5;78mgroup:basic[0m
[38;5;8m2023-01-12 23:19:53[0m [I] [38;5;78;1mapp[0m apply plugin [38;5;78mhelp[0m
[38;5;8m2023-01-12 23:19:53[0m [I] [38;5;78;1mapp[0m apply plugin [38;5;78mrate-limit[0m
[38;5;8m2023-01-12 23:19:53[0m [I] [38;5;78;1mapp[0m apply plugin [38;5;78mlocales[0m
[38;5;8m2023-01-12 23:19:54[0m [I] [38;5;78;1mapp[0m apply plugin [38;5;78mcommands[0m
[38;5;8m2023-01-12 23:19:54[0m [I] [38;5;78;1mapp[0m apply plugin [38;5;78mgroup:console[0m
[38;5;8m2023-01-12 23:19:54[0m [I] [38;5;78;1mapp[0m apply plugin [38;5;78manalytics[0m
[38;5;8m2023-01-12 23:19:54[0m [I] [38;5;78;1mapp[0m apply plugin [38;5;78mconsole[0m
[38;5;8m2023-01-12 23:19:54[0m [I] [38;5;78;1mapp[0m apply plugin [38;5;78mdataview[0m
[38;5;8m2023-01-12 23:19:54[0m [I] [38;5;78;1mapp[0m apply plugin [38;5;78mlogger[0m
[38;5;8m2023-01-12 23:19:54[0m [I] [38;5;78;1mapp[0m apply plugin [38;5;78minsight[0m
[38;5;8m2023-01-12 23:19:54[0m [I] [38;5;78;1mapp[0m apply plugin [38;5;78mmarket[0m
[38;5;8m2023-01-12 23:19:54[0m [I] [38;5;78;1mapp[0m apply plugin [38;5;78msandbox[0m
[38;5;8m2023-01-12 23:19:54[0m [I] [38;5;78;1mapp[0m apply plugin [38;5;78mstatus[0m
[38;5;8m2023-01-12 23:19:54[0m [I] [38;5;78;1mapp[0m apply plugin [38;5;78mgroup:database[0m
[38;5;8m2023-01-12 23:19:54[0m [I] [38;5;78;1mapp[0m apply plugin [38;5;78mdatabase-sqlite[0m
[38;5;8m2023-01-12 23:19:54[0m [I] [38;5;78;1mapp[0m apply plugin [38;5;78massets-local[0m
[38;5;8m2023-01-12 23:19:54[0m [I] [38;5;78;1mapp[0m apply plugin [38;5;78mgroup:adapter[0m
[38;5;8m2023-01-12 23:19:54[0m [I] [38;5;78;1mapp[0m apply plugin [38;5;78madapter-onebot[0m
[38;5;8m2023-01-12 23:19:54[0m [I] [38;5;78;1mapp[0m apply plugin [38;5;78mgocqhttp[0m
[38;5;8m2023-01-12 23:19:54[0m [I] [38;5;78;1mapp[0m apply plugin [38;5;78mhuanlin-aipainter:22aang[0m
[38;5;8m2023-01-12 23:19:54[0m [W] [38;5;204;1massets[0m missing configuration "selfUrl", fallback to "file:" scheme
[38;5;8m2023-01-12 23:19:54[0m [I] [38;5;78;1mapp[0m server listening at [38;5;78mhttp://localhost:5140[0m
[38;5;8m2023-01-12 23:19:54[0m [W] [38;5;78;1mapp[0m Error: Cannot find module 'libsodium-wrappers'
                        Require stack:
                        - D:\Project\koishinew\plugins\huanlin-aipainter\src\utils.ts
                        - D:\Project\koishinew\plugins\huanlin-aipainter\src\index.ts
                        - D:\Project\koishinew\node_modules\@koishijs\loader\lib\node.js
                        - D:\Project\koishinew\node_modules\koishi\lib\worker\index.js
                            at Module._resolveFilename (node:internal/modules/cjs/loader:995:15)
                            at Module._resolveFilename (D:\Project\koishinew\node_modules\esbuild-register\dist\node.js:4787:36)
                            at Module._load (node:internal/modules/cjs/loader:841:27)
                            at Module.require (node:internal/modules/cjs/loader:1061:19)
                            at require (node:internal/modules/cjs/helpers:103:18)
                            at Object.<anonymous> (d:\Project\koishinew\plugins\huanlin-aipainter\src\utils.ts:5:8)
                            at Module._compile (node:internal/modules/cjs/loader:1159:14)
                            at Module._compile (D:\Project\koishinew\node_modules\esbuild-register\dist\node.js:2258:26)
                            at Module._extensions..js (node:internal/modules/cjs/loader:1213:10)
                            at Object.newLoader [as .ts] (D:\Project\koishinew\node_modules\esbuild-register\dist\node.js:2262:9)
[38;5;8m2023-01-12 23:19:55[0m [I] [38;5;214;1madapter[0m connect to server: [38;5;214mws://106.52.111.188:7110/onebot[0m
[38;5;8m2023-01-12 23:19:56[0m [W] [38;5;178;1mmarket[0m failed to parse [38;5;178mkoishi-plugin-huanlin-aipainter[0m
[38;5;8m2023-01-12 23:19:56[0m [W] [38;5;178;1mmarket[0m Error: Cannot find module 'libsodium-wrappers'
                        Require stack:
                        - D:\Project\koishinew\plugins\huanlin-aipainter\src\utils.ts
                        - D:\Project\koishinew\plugins\huanlin-aipainter\src\index.ts
                        - D:\Project\koishinew\node_modules\@koishijs\plugin-market\lib\node\index.js
                        - D:\Project\koishinew\node_modules\@koishijs\loader\lib\node.js
                        - D:\Project\koishinew\node_modules\koishi\lib\worker\index.js
                            at Module._resolveFilename (node:internal/modules/cjs/loader:995:15)
                            at Module._resolveFilename (D:\Project\koishinew\node_modules\esbuild-register\dist\node.js:4787:36)
                            at Module._load (node:internal/modules/cjs/loader:841:27)
                            at Module.require (node:internal/modules/cjs/loader:1061:19)
                            at require (node:internal/modules/cjs/helpers:103:18)
                            at Object.<anonymous> (d:\Project\koishinew\plugins\huanlin-aipainter\src\utils.ts:5:8)
                            at Module._compile (node:internal/modules/cjs/loader:1159:14)
                            at Module._compile (D:\Project\koishinew\node_modules\esbuild-register\dist\node.js:2258:26)
                            at Module._extensions..js (node:internal/modules/cjs/loader:1213:10)
                            at Object.newLoader [as .ts] (D:\Project\koishinew\node_modules\esbuild-register\dist\node.js:2262:9)
[38;5;8m2023-01-12 23:20:54[0m [I] [38;5;78;1mapp[0m [38;5;15;1mKoishi/4.11.1[0m
[38;5;8m2023-01-12 23:20:54[0m [I] [38;5;78;1mapp[0m apply plugin [38;5;78mgroup:entry[0m
[38;5;8m2023-01-12 23:20:54[0m [I] [38;5;78;1mapp[0m apply plugin [38;5;78mgroup:basic[0m
[38;5;8m2023-01-12 23:20:54[0m [I] [38;5;78;1mapp[0m apply plugin [38;5;78mhelp[0m
[38;5;8m2023-01-12 23:20:54[0m [I] [38;5;78;1mapp[0m apply plugin [38;5;78mrate-limit[0m
[38;5;8m2023-01-12 23:20:54[0m [I] [38;5;78;1mapp[0m apply plugin [38;5;78mlocales[0m
[38;5;8m2023-01-12 23:20:54[0m [I] [38;5;78;1mapp[0m apply plugin [38;5;78mcommands[0m
[38;5;8m2023-01-12 23:20:54[0m [I] [38;5;78;1mapp[0m apply plugin [38;5;78mgroup:console[0m
[38;5;8m2023-01-12 23:20:54[0m [I] [38;5;78;1mapp[0m apply plugin [38;5;78manalytics[0m
[38;5;8m2023-01-12 23:20:54[0m [I] [38;5;78;1mapp[0m apply plugin [38;5;78mconsole[0m
[38;5;8m2023-01-12 23:20:54[0m [I] [38;5;78;1mapp[0m apply plugin [38;5;78mdataview[0m
[38;5;8m2023-01-12 23:20:54[0m [I] [38;5;78;1mapp[0m apply plugin [38;5;78mlogger[0m
[38;5;8m2023-01-12 23:20:54[0m [I] [38;5;78;1mapp[0m apply plugin [38;5;78minsight[0m
[38;5;8m2023-01-12 23:20:54[0m [I] [38;5;78;1mapp[0m apply plugin [38;5;78mmarket[0m
[38;5;8m2023-01-12 23:20:54[0m [I] [38;5;78;1mapp[0m apply plugin [38;5;78msandbox[0m
[38;5;8m2023-01-12 23:20:54[0m [I] [38;5;78;1mapp[0m apply plugin [38;5;78mstatus[0m
[38;5;8m2023-01-12 23:20:54[0m [I] [38;5;78;1mapp[0m apply plugin [38;5;78mgroup:database[0m
[38;5;8m2023-01-12 23:20:54[0m [I] [38;5;78;1mapp[0m apply plugin [38;5;78mdatabase-sqlite[0m
[38;5;8m2023-01-12 23:20:54[0m [I] [38;5;78;1mapp[0m apply plugin [38;5;78massets-local[0m
[38;5;8m2023-01-12 23:20:55[0m [I] [38;5;78;1mapp[0m apply plugin [38;5;78mgroup:adapter[0m
[38;5;8m2023-01-12 23:20:55[0m [I] [38;5;78;1mapp[0m apply plugin [38;5;78madapter-onebot[0m
[38;5;8m2023-01-12 23:20:55[0m [I] [38;5;78;1mapp[0m apply plugin [38;5;78mgocqhttp[0m
[38;5;8m2023-01-12 23:20:55[0m [W] [38;5;204;1massets[0m missing configuration "selfUrl", fallback to "file:" scheme
[38;5;8m2023-01-12 23:20:55[0m [I] [38;5;78;1mapp[0m apply plugin [38;5;78mhuanlin-aipainter:22aang[0m
[38;5;8m2023-01-12 23:20:55[0m [I] [38;5;78;1mapp[0m server listening at [38;5;78mhttp://localhost:5140[0m
[38;5;8m2023-01-12 23:20:55[0m [I] [38;5;214;1madapter[0m connect to server: [38;5;214mws://106.52.111.188:7110/onebot[0m
[38;5;8m2023-01-12 23:21:10[0m [W] [38;5;178;1mmarket[0m aborted
[38;5;8m2023-01-12 23:21:10[0m [W] [38;5;178;1mmarket[0m aborted
[38;5;8m2023-01-12 23:21:10[0m [W] [38;5;178;1mmarket[0m aborted
[38;5;8m2023-01-12 23:24:56[0m [W] [38;5;167;1mwatch[0m { detail: [90mundefined[39m, id: [32m''[39m, location: { column: [33m0[39m, file: [32m'D:\\Project\\koishinew\\plugins\\huanlin-aipainter\\src\\config.ts'[39m, length: [33m9[39m, line: [33m254[39m, lineText: [32m'interface Forbidden {'[39m, namespace: [32m''[39m, suggestion: [32m']'[39m }, notes: [], pluginName: [32m''[39m, text: [32m'Expected "]" but found "interface"'[39m }
[38;5;8m2023-01-12 23:25:08[0m [W] [38;5;167;1mwatch[0m { detail: [90mundefined[39m, id: [32m''[39m, location: { column: [33m0[39m, file: [32m'D:\\Project\\koishinew\\plugins\\huanlin-aipainter\\src\\config.ts'[39m, length: [33m9[39m, line: [33m254[39m, lineText: [32m'interface Forbidden {'[39m, namespace: [32m''[39m, suggestion: [32m']'[39m }, notes: [], pluginName: [32m''[39m, text: [32m'Expected "]" but found "interface"'[39m }
[38;5;8m2023-01-12 23:31:23[0m [I] [38;5;78;1mapp[0m [38;5;15;1mKoishi/4.11.1[0m
[38;5;8m2023-01-12 23:31:23[0m [I] [38;5;78;1mapp[0m apply plugin [38;5;78mgroup:entry[0m
[38;5;8m2023-01-12 23:31:23[0m [I] [38;5;78;1mapp[0m apply plugin [38;5;78mgroup:basic[0m
[38;5;8m2023-01-12 23:31:23[0m [I] [38;5;78;1mapp[0m apply plugin [38;5;78mhelp[0m
[38;5;8m2023-01-12 23:31:23[0m [I] [38;5;78;1mapp[0m apply plugin [38;5;78mrate-limit[0m
[38;5;8m2023-01-12 23:31:23[0m [I] [38;5;78;1mapp[0m apply plugin [38;5;78mcommands[0m
[38;5;8m2023-01-12 23:31:23[0m [I] [38;5;78;1mapp[0m apply plugin [38;5;78mlocales[0m
[38;5;8m2023-01-12 23:31:23[0m [I] [38;5;78;1mapp[0m apply plugin [38;5;78manalytics[0m
[38;5;8m2023-01-12 23:31:23[0m [I] [38;5;78;1mapp[0m apply plugin [38;5;78mgroup:console[0m
[38;5;8m2023-01-12 23:31:23[0m [I] [38;5;78;1mapp[0m apply plugin [38;5;78mconsole[0m
[38;5;8m2023-01-12 23:31:23[0m [I] [38;5;78;1mapp[0m apply plugin [38;5;78mdataview[0m
[38;5;8m2023-01-12 23:31:23[0m [I] [38;5;78;1mapp[0m apply plugin [38;5;78mlogger[0m
[38;5;8m2023-01-12 23:31:23[0m [I] [38;5;78;1mapp[0m apply plugin [38;5;78minsight[0m
[38;5;8m2023-01-12 23:31:23[0m [I] [38;5;78;1mapp[0m apply plugin [38;5;78mmarket[0m
[38;5;8m2023-01-12 23:31:24[0m [I] [38;5;78;1mapp[0m apply plugin [38;5;78msandbox[0m
[38;5;8m2023-01-12 23:31:24[0m [I] [38;5;78;1mapp[0m apply plugin [38;5;78mstatus[0m
[38;5;8m2023-01-12 23:31:24[0m [I] [38;5;78;1mapp[0m apply plugin [38;5;78mgroup:database[0m
[38;5;8m2023-01-12 23:31:24[0m [I] [38;5;78;1mapp[0m apply plugin [38;5;78mdatabase-sqlite[0m
[38;5;8m2023-01-12 23:31:24[0m [I] [38;5;78;1mapp[0m apply plugin [38;5;78mgroup:adapter[0m
[38;5;8m2023-01-12 23:31:24[0m [I] [38;5;78;1mapp[0m apply plugin [38;5;78massets-local[0m
[38;5;8m2023-01-12 23:31:24[0m [I] [38;5;78;1mapp[0m apply plugin [38;5;78madapter-onebot[0m
[38;5;8m2023-01-12 23:31:24[0m [I] [38;5;78;1mapp[0m apply plugin [38;5;78mgocqhttp[0m
[38;5;8m2023-01-12 23:31:24[0m [I] [38;5;78;1mapp[0m apply plugin [38;5;78mhuanlin-aipainter:22aang[0m
[38;5;8m2023-01-12 23:31:24[0m [W] [38;5;204;1massets[0m missing configuration "selfUrl", fallback to "file:" scheme
[38;5;8m2023-01-12 23:31:24[0m [I] [38;5;78;1mapp[0m server listening at [38;5;78mhttp://localhost:5140[0m
[38;5;8m2023-01-12 23:31:24[0m [I] [38;5;214;1madapter[0m connect to server: [38;5;214mws://106.52.111.188:7110/onebot[0m
[38;5;8m2023-01-12 23:31:36[0m [W] [38;5;178;1mmarket[0m aborted
[38;5;8m2023-01-12 23:31:36[0m [W] [38;5;178;1mmarket[0m aborted
[38;5;8m2023-01-12 23:31:36[0m [W] [38;5;178;1mmarket[0m aborted
[38;5;8m2023-01-12 23:33:29[0m [I] [38;5;167;1mwatch[0m reload plugin at [38;5;167mplugins\huanlin-aipainter\src\index.ts[0m
[38;5;8m2023-01-12 23:51:57[0m [I] [38;5;167;1mwatch[0m reload plugin at [38;5;167mplugins\huanlin-aipainter\src\index.ts[0m
[38;5;8m2023-01-12 23:54:15[0m [I] [38;5;167;1mwatch[0m reload plugin at [38;5;167mplugins\huanlin-aipainter\src\index.ts[0m
[38;5;8m2023-01-12 23:54:35[0m [I] [38;5;167;1mwatch[0m reload plugin at [38;5;167mplugins\huanlin-aipainter\src\index.ts[0m
[38;5;8m2023-01-12 23:54:45[0m [I] [38;5;167;1mwatch[0m reload plugin at [38;5;167mplugins\huanlin-aipainter\src\index.ts[0m
[38;5;8m2023-01-12 23:55:46[0m [I] [38;5;167;1mwatch[0m reload plugin at [38;5;167mplugins\huanlin-aipainter\src\index.ts[0m
[38;5;8m2023-01-12 23:55:48[0m [I] [38;5;167;1mwatch[0m reload plugin at [38;5;167mplugins\huanlin-aipainter\src\index.ts[0m
[38;5;8m2023-01-12 23:59:50[0m [I] [38;5;167;1mwatch[0m reload plugin at [38;5;167mplugins\huanlin-aipainter\src\index.ts[0m
