[38;5;8m2023-01-27 22:17:39[0m [I] [38;5;78;1mapp[0m apply plugin [38;5;78mgroup:entry[0m
[38;5;8m2023-01-27 22:17:39[0m [I] [38;5;78;1mapp[0m [38;5;15;1mKoishi/4.11.2[0m
[38;5;8m2023-01-27 22:17:39[0m [I] [38;5;78;1mapp[0m apply plugin [38;5;78mgroup:basic[0m
[38;5;8m2023-01-27 22:17:39[0m [I] [38;5;78;1mapp[0m apply plugin [38;5;78mrate-limit[0m
[38;5;8m2023-01-27 22:17:39[0m [I] [38;5;78;1mapp[0m apply plugin [38;5;78mlocales[0m
[38;5;8m2023-01-27 22:17:39[0m [I] [38;5;78;1mapp[0m apply plugin [38;5;78madmin[0m
[38;5;8m2023-01-27 22:17:39[0m [I] [38;5;78;1mapp[0m apply plugin [38;5;78mgroup:console[0m
[38;5;8m2023-01-27 22:17:39[0m [I] [38;5;78;1mapp[0m apply plugin [38;5;78manalytics[0m
[38;5;8m2023-01-27 22:17:39[0m [I] [38;5;78;1mapp[0m apply plugin [38;5;78mlogger[0m
[38;5;8m2023-01-27 22:17:40[0m [I] [38;5;78;1mapp[0m apply plugin [38;5;78mstatus[0m
[38;5;8m2023-01-27 22:17:40[0m [I] [38;5;78;1mapp[0m apply plugin [38;5;78msandbox[0m
[38;5;8m2023-01-27 22:17:40[0m [I] [38;5;78;1mapp[0m apply plugin [38;5;78mgroup:database[0m
[38;5;8m2023-01-27 22:17:40[0m [I] [38;5;78;1mapp[0m apply plugin [38;5;78mgroup:adapter[0m
[38;5;8m2023-01-27 22:17:40[0m [I] [38;5;78;1mapp[0m apply plugin [38;5;78massets-local[0m
[38;5;8m2023-01-27 22:17:40[0m [I] [38;5;78;1mapp[0m apply plugin [38;5;78mdatabase-sqlite[0m
[38;5;8m2023-01-27 22:17:39[0m [I] [38;5;78;1mapp[0m apply plugin [38;5;78minsight[0m
[38;5;8m2023-01-27 22:17:40[0m [I] [38;5;78;1mapp[0m apply plugin [38;5;78madapter-onebot[0m
[38;5;8m2023-01-27 22:17:40[0m [I] [38;5;78;1mapp[0m apply plugin [38;5;78mgocqhttp[0m
[38;5;8m2023-01-27 22:17:40[0m [I] [38;5;78;1mapp[0m apply plugin [38;5;78mpuppeteer:2oipri[0m
[38;5;8m2023-01-27 22:17:41[0m [I] [38;5;78;1mapp[0m apply plugin [38;5;78meditfile:r5cmr0[0m
[38;5;8m2023-01-27 22:17:41[0m [I] [38;5;78;1mapp[0m apply plugin [38;5;78meditor:p7tj3h[0m
[38;5;8m2023-01-27 22:17:43[0m [I] [38;5;78;1mapp[0m apply plugin [38;5;78mgocq-session-uploader:3o1mxt[0m
[38;5;8m2023-01-27 22:17:41[0m [E] [38;5;78;1mapp[0m cannot resolve plugin "editfile"
[38;5;8m2023-01-27 22:17:43[0m [I] [38;5;78;1mapp[0m apply plugin [38;5;78madapter-onebot:ru8o4v[0m
[38;5;8m2023-01-27 22:17:39[0m [I] [38;5;78;1mapp[0m apply plugin [38;5;78mmarket[0m
[38;5;8m2023-01-27 22:17:39[0m [I] [38;5;78;1mapp[0m apply plugin [38;5;78mconsole[0m
[38;5;8m2023-01-27 22:17:39[0m [I] [38;5;78;1mapp[0m apply plugin [38;5;78mdataview[0m
[38;5;8m2023-01-27 22:17:43[0m [I] [38;5;78;1mapp[0m server listening at [38;5;78mhttp://localhost:5141[0m
[38;5;8m2023-01-27 22:17:43[0m [W] [38;5;204;1massets[0m missing configuration "selfUrl", fallback to "file:" scheme
[38;5;8m2023-01-27 22:17:43[0m [I] [38;5;221;1mpuppeteer[0m chrome executable found at [38;5;221mC:\Program Files\Google\Chrome\Application\chrome.exe[0m
[38;5;8m2023-01-27 22:17:43[0m [I] [38;5;92;1mlocales[0m loading locale zh.yml
[38;5;8m2023-01-27 22:17:43[0m [I] [38;5;214;1madapter[0m connect to server: [38;5;214mws://106.52.111.188:7110/[0m
[38;5;8m2023-01-27 22:17:47[0m [W] [38;5;32;1mgocqhttp[0m 账号密码未配置, 将使用二维码登录. 
[38;5;8m2023-01-27 22:19:48[0m [E] [38;5;32;1mgocqhttp[0m 二维码过期
[38;5;8m2023-01-27 22:26:19[0m [I] [38;5;178;1mmarket[0m [1/4] Resolving packages...
[38;5;8m2023-01-27 22:26:19[0m [I] [38;5;178;1mmarket[0m [2/4] Fetching packages...
[38;5;8m2023-01-27 22:26:20[0m [I] [38;5;178;1mmarket[0m [3/4] Linking dependencies...
[38;5;8m2023-01-27 22:26:20[0m [W] [38;5;178;1mmarket[0m warning "@koishijs/plugin-adapter-discord > @satorijs/adapter-discord@3.4.2" has unmet peer dependency "@satorijs/satori@^2.0.1".
[38;5;8m2023-01-27 22:26:20[0m [W] [38;5;178;1mmarket[0m warning "@koishijs/plugin-adapter-feishu > @satorijs/adapter-feishu@1.1.1" has unmet peer dependency "@satorijs/satori@^2.0.1".
[38;5;8m2023-01-27 22:26:20[0m [W] [38;5;178;1mmarket[0m warning "@koishijs/plugin-adapter-kook > @satorijs/adapter-kook@3.5.2" has unmet peer dependency "@satorijs/satori@^2.0.1".
[38;5;8m2023-01-27 22:26:20[0m [W] [38;5;178;1mmarket[0m warning "@koishijs/plugin-adapter-onebot > @satorijs/adapter-onebot@5.5.4" has unmet peer dependency "@satorijs/satori@^2.0.1".
[38;5;8m2023-01-27 22:26:20[0m [W] [38;5;178;1mmarket[0m warning "@koishijs/plugin-adapter-telegram > @satorijs/adapter-telegram@3.6.5" has unmet peer dependency "@satorijs/satori@^2.0.1".
[38;5;8m2023-01-27 22:26:20[0m [W] [38;5;178;1mmarket[0m warning "@koishijs/plugin-database-sqlite > @minatojs/driver-sqlite > @minatojs/sql-utils@3.0.0" has unmet peer dependency "@minatojs/core@^2.1.1".
[38;5;8m2023-01-27 22:26:20[0m [W] [38;5;178;1mmarket[0m warning "@koishijs/plugin-database-sqlite > @minatojs/driver-sqlite@3.2.3" has unmet peer dependency "@minatojs/core@^2.1.1".
[38;5;8m2023-01-27 22:26:31[0m [I] [38;5;178;1mmarket[0m [4/4] Building fresh packages...
[38;5;8m2023-01-27 22:26:31[0m [I] [38;5;178;1mmarket[0m success Saved lockfile.
[38;5;8m2023-01-27 22:26:45[0m [I] [38;5;78;1mapp[0m apply plugin [38;5;78mchat:kneswj[0m
[38;5;8m2023-01-27 22:26:46[0m [D] [38;5;113;1mmessage[0m [svc] 少灬杰: 设定欢迎词
[38;5;8m2023-01-27 22:26:51[0m [D] [38;5;113;1mmessage[0m [svc] 多玩幻灵qwq: 14
[38;5;8m2023-01-27 22:28:00[0m [D] [38;5;113;1mmessage[0m [svc] 呃呃: @ 我小号加了，管理员同意一下[表情]
[38;5;8m2023-01-27 22:28:04[0m [D] [38;5;113;1mmessage[0m [svc] ⁢A60: [图片]
[38;5;8m2023-01-27 22:28:05[0m [D] [38;5;113;1mmessage[0m [svc] ⁢A60: 这样好
[38;5;8m2023-01-27 22:28:16[0m [D] [38;5;113;1mmessage[0m [svc] 少灬杰: 设定欢迎词
[38;5;8m2023-01-27 22:28:31[0m [D] [38;5;113;1mmessage[0m [svc] 多玩幻灵qwq: @ @ 麻 机器人没收到加群请求
[38;5;8m2023-01-27 22:28:33[0m [D] [38;5;113;1mmessage[0m [svc] 少灬杰: 欢迎来到Diff-svc项目测试群！ 
[38;5;8m2023-01-27 22:28:36[0m [D] [38;5;113;1mmessage[0m [svc] 多玩幻灵qwq: 设定欢迎词
[38;5;8m2023-01-27 22:28:42[0m [D] [38;5;113;1mmessage[0m [svc] ⁢A60: 呃
[38;5;8m2023-01-27 22:28:54[0m [D] [38;5;113;1mmessage[0m [svc] 美牛牛: 有没有diffsinger手把手教程
[38;5;8m2023-01-27 22:28:54[0m [D] [38;5;113;1mmessage[0m [svc] 少灬杰: 欢迎来到Diff-svc项目测试群！ 
[38;5;8m2023-01-27 22:29:00[0m [D] [38;5;113;1mmessage[0m [svc] ⁢A60: 没有
[38;5;8m2023-01-27 22:29:04[0m [D] [38;5;113;1mmessage[0m [svc] 呃呃: 没
[38;5;8m2023-01-27 22:29:10[0m [D] [38;5;113;1mmessage[0m [svc] 少灬杰: @ @ 上面
[38;5;8m2023-01-27 22:29:13[0m [D] [38;5;113;1mmessage[0m [svc] 少灬杰: [表情]🙏
[38;5;8m2023-01-27 22:29:22[0m [D] [38;5;113;1mmessage[0m [svc] ⁢A60: @ @ 这不飞
[38;5;8m2023-01-27 22:29:22[0m [W] [38;5;78;1mapp[0m Error: Error with request send_group_msg, args: {"group_id":"588056461","message":[{"type":"image","data":{"file":"file:///D:\\Project\\koishinew\\public/b3542b51a3cfa50d4e89892d48637b20f4a7e690"}}]}, retcode: 100
                            at _Internal._get (D:\Project\koishinew\node_modules\@satorijs\adapter-onebot\src\types.ts:546:11)
                            at process.processTicksAndRejections (node:internal/process/task_queues:95:5)
                            at _Internal._Internal.<computed> (D:\Project\koishinew\node_modules\@satorijs\adapter-onebot\src\types.ts:583:20)
                            at OneBotMessenger.flush (D:\Project\koishinew\node_modules\@satorijs\adapter-onebot\src\bot\message.ts:65:16)
                            at OneBotMessenger.send (D:\Project\koishinew\node_modules\@satorijs\core\src\message.ts:45:5)
[38;5;8m2023-01-27 22:29:28[0m [D] [38;5;113;1mmessage[0m [svc] 透明パレット: 乐
[38;5;8m2023-01-27 22:29:30[0m [D] [38;5;113;1mmessage[0m [NovelAi playground] nai: [插件市场更新]
[38;5;8m2023-01-27 22:29:35[0m [D] [38;5;113;1mmessage[0m [svc] 少灬杰: @ @ 不敢飞
[38;5;8m2023-01-27 22:29:41[0m [D] [38;5;113;1mmessage[0m [svc] 少灬杰: 对方说大佬
[38;5;8m2023-01-27 22:29:44[0m [D] [38;5;113;1mmessage[0m [svc] 少灬杰: 是
[38;5;8m2023-01-27 22:29:46[0m [D] [38;5;113;1mmessage[0m [svc] ⁢A60: @ @ 怎么反应这么慢
[38;5;8m2023-01-27 22:29:50[0m [D] [38;5;113;1mmessage[0m [svc] 呃呃: 额，这个教程到不了手把手，但是很详细了
[38;5;8m2023-01-27 22:29:52[0m [D] [38;5;113;1mmessage[0m [svc] ⁢A60: @欢迎来到Diff-svc项目测试群！ 
[38;5;8m2023-01-27 22:30:09[0m [D] [38;5;113;1mmessage[0m [svc] 少灬杰: 可以的
[38;5;8m2023-01-27 22:30:11[0m [D] [38;5;113;1mmessage[0m [svc] 少灬杰: NB
[38;5;8m2023-01-27 22:30:13[0m [D] [38;5;113;1mmessage[0m [svc] 多玩幻灵qwq: 欢迎来到Diff-svc项目测试群！ 
[38;5;8m2023-01-27 22:30:20[0m [D] [38;5;113;1mmessage[0m [svc] 少灬杰: 以后每次重温
[38;5;8m2023-01-27 22:30:31[0m [D] [38;5;113;1mmessage[0m [svc] 多玩幻灵qwq: 设定欢迎词
[38;5;8m2023-01-27 22:30:34[0m [D] [38;5;113;1mmessage[0m [svc] 多玩幻灵qwq: 欢迎来到Diff-svc项目测试群！ 
[38;5;8m2023-01-27 22:30:39[0m [D] [38;5;113;1mmessage[0m [svc] 多玩幻灵qwq: @ @ 撤回
[38;5;8m2023-01-27 22:30:50[0m [D] [38;5;113;1mmessage[0m [svc] 秋枫飒飒: 这么长
[38;5;8m2023-01-27 22:31:04[0m [D] [38;5;113;1mmessage[0m [svc] 呃呃: wow， 大佬来了
[38;5;8m2023-01-27 22:31:07[0m [D] [38;5;113;1mmessage[0m [svc] ⁢A60: @欢迎来到Diff-svc项目测试群！ 
[38;5;8m2023-01-27 22:31:26[0m [D] [38;5;113;1mmessage[0m [svc] 少灬杰: @ 经典咏流传嘛@ 
[38;5;8m2023-01-27 22:31:34[0m [D] [38;5;113;1mmessage[0m [svc] 呃呃: @ 把我小号踢了试试
[38;5;8m2023-01-27 22:31:52[0m [D] [38;5;113;1mmessage[0m [svc] 少灬杰: 我懒
[38;5;8m2023-01-27 22:31:57[0m [D] [38;5;113;1mmessage[0m [svc] 呃呃: 额，好吧
[38;5;8m2023-01-27 22:32:01[0m [D] [38;5;113;1mmessage[0m [svc] ⁢A60: [图片]
[38;5;8m2023-01-27 22:32:07[0m [D] [38;5;113;1mmessage[0m [svc] 多玩幻灵qwq: 管理员帮助
[38;5;8m2023-01-27 22:32:08[0m [D] [38;5;113;1mmessage[0m [svc] ⁢A60: 改成正则就方便了
[38;5;8m2023-01-27 22:32:13[0m [D] [38;5;113;1mmessage[0m [svc] 秋枫飒飒: [图片]
[38;5;8m2023-01-27 22:32:19[0m [D] [38;5;113;1mmessage[0m [svc] 多玩幻灵qwq: 超级管理员帮助
[38;5;8m2023-01-27 22:32:24[0m [D] [38;5;113;1mmessage[0m [svc] 多玩幻灵qwq: ？
[38;5;8m2023-01-27 22:32:31[0m [D] [38;5;113;1mmessage[0m [svc] 多玩幻灵qwq: 草了
[38;5;8m2023-01-27 22:32:35[0m [D] [38;5;113;1mmessage[0m [svc] 少灬杰: @ @ 探索人工智能管理
[38;5;8m2023-01-27 22:32:51[0m [D] [38;5;113;1mmessage[0m [svc] ⁢A60: 用ai训一个自动踢人bot
[38;5;8m2023-01-27 22:32:56[0m [D] [38;5;113;1mmessage[0m [svc] ⁢A60: [图片]
[38;5;8m2023-01-27 22:33:04[0m [D] [38;5;113;1mmessage[0m [svc] 呃呃: [表情]
[38;5;8m2023-01-27 22:33:20[0m [D] [38;5;113;1mmessage[0m [svc] 少灬杰: 反正我认为是可行的
[38;5;8m2023-01-27 22:33:23[0m [D] [38;5;113;1mmessage[0m [svc] 少灬杰: 保证血压
[38;5;8m2023-01-27 22:33:33[0m [D] [38;5;113;1mmessage[0m [svc] ⁢A60: 不过正则已经可以完成了
[38;5;8m2023-01-27 22:33:34[0m [D] [38;5;113;1mmessage[0m [svc] 多玩幻灵qwq: 超级用户帮助
[38;5;8m2023-01-27 22:33:36[0m [D] [38;5;113;1mmessage[0m [svc] ⁢A60: 不至于ai
[38;5;8m2023-01-27 22:33:42[0m [D] [38;5;113;1mmessage[0m [svc] 红血球AE3803: @ @ 寄了？
[38;5;8m2023-01-27 22:33:42[0m [D] [38;5;113;1mmessage[0m [svc] 少灬杰: 所有的教程工作都已经完成了
[38;5;8m2023-01-27 22:33:47[0m [D] [38;5;113;1mmessage[0m [svc] 多玩幻灵qwq: @ @ 那谁负责打标（（
[38;5;8m2023-01-27 22:34:02[0m [D] [38;5;113;1mmessage[0m [svc] 少灬杰: 这都跑不通请你退群就是了
[38;5;8m2023-01-27 22:34:08[0m [D] [38;5;113;1mmessage[0m [svc] ⁢A60: 那再训一个自动打标的
[38;5;8m2023-01-27 22:34:47[0m [D] [38;5;113;1mmessage[0m [svc] 多玩幻灵qwq: @ @ 那谁谁自动打标的打标
[38;5;8m2023-01-27 22:34:49[0m [D] [38;5;113;1mmessage[0m [svc] 多玩幻灵qwq: 查看所有群组
[38;5;8m2023-01-27 22:34:55[0m [D] [38;5;113;1mmessage[0m [svc] 多玩幻灵qwq: @
[38;5;8m2023-01-27 22:34:57[0m [D] [38;5;113;1mmessage[0m [svc] 红血球AE3803: 自动打标ai还得要人工标记训练集[表情]
[38;5;8m2023-01-27 22:34:59[0m [D] [38;5;113;1mmessage[0m [svc] 多玩幻灵qwq: @ 查看所有群组
[38;5;8m2023-01-27 22:35:12[0m [D] [38;5;113;1mmessage[0m [svc] 嗝。: 可以训练一个自动跳舞吗
[38;5;8m2023-01-27 22:35:15[0m [D] [38;5;113;1mmessage[0m [svc] ⁢A60: 我bot加了300多个群
[38;5;8m2023-01-27 22:35:16[0m [D] [38;5;113;1mmessage[0m [svc] 多玩幻灵qwq: @ 查看所有请求
[38;5;8m2023-01-27 22:35:49[0m [D] [38;5;113;1mmessage[0m [svc] 透明パレット: 但是这个群里的报错永远超乎你想象（
[38;5;8m2023-01-27 22:35:53[0m [D] [38;5;113;1mmessage[0m [svc] 多玩幻灵qwq: 更奇怪了（（
[38;5;8m2023-01-27 22:35:56[0m [D] [38;5;113;1mmessage[0m [svc] 多玩幻灵qwq: @ @ 撤回
[38;5;8m2023-01-27 22:36:06[0m [D] [38;5;113;1mmessage[0m [svc] 红血球AE3803: @ @ 日志？
[38;5;8m2023-01-27 22:36:07[0m [D] [38;5;113;1mmessage[0m [svc] ⁢A60: 我有个自动报错处理的bot
[38;5;8m2023-01-27 22:36:16[0m [D] [38;5;113;1mmessage[0m [svc] 多玩幻灵qwq: @ @ 没日志
[38;5;8m2023-01-27 22:36:19[0m [D] [38;5;113;1mmessage[0m [svc] ⁢A60: 就是ocr报错，然后查库找解答方案
[38;5;8m2023-01-27 22:36:21[0m [D] [38;5;113;1mmessage[0m [svc] 多玩幻灵qwq: [图片]
[38;5;8m2023-01-27 22:36:24[0m [D] [38;5;113;1mmessage[0m [svc] 多玩幻灵qwq: 我代码这么写的
[38;5;8m2023-01-27 22:36:27[0m [D] [38;5;113;1mmessage[0m [svc] 多玩幻灵qwq: ocr我可以支持
[38;5;8m2023-01-27 22:36:30[0m [D] [38;5;113;1mmessage[0m [svc] 红血球AE3803: 好家伙
[38;5;8m2023-01-27 22:36:31[0m [D] [38;5;113;1mmessage[0m [svc] ⁢A60: ？
[38;5;8m2023-01-27 22:36:31[0m [D] [38;5;113;1mmessage[0m [svc] 多玩幻灵qwq: hlai.ocr [图片]
[38;5;8m2023-01-27 22:36:32[0m [D] [38;5;113;1mmessage[0m [svc] 呃呃: @ @ 啥服务器，这么nb
[38;5;8m2023-01-27 22:36:34[0m [D] [38;5;113;1mmessage[0m [svc] ⁢A60: guild
[38;5;8m2023-01-27 22:36:36[0m [D] [38;5;113;1mmessage[0m [svc] ⁢A60: 有没有一种可能
[38;5;8m2023-01-27 22:36:39[0m [D] [38;5;113;1mmessage[0m [svc] ⁢A60: 是频道
[38;5;8m2023-01-27 22:36:42[0m [D] [38;5;113;1mmessage[0m [svc] ⁢A60: 而不是群
[38;5;8m2023-01-27 22:36:45[0m [D] [38;5;113;1mmessage[0m [svc] 多玩幻灵qwq: 有没有可能
[38;5;8m2023-01-27 22:36:47[0m [D] [38;5;113;1mmessage[0m [svc] 多玩幻灵qwq: koishi里面
[38;5;8m2023-01-27 22:36:49[0m [D] [38;5;113;1mmessage[0m [svc] 多玩幻灵qwq: guild
[38;5;8m2023-01-27 22:36:57[0m [D] [38;5;113;1mmessage[0m [svc] 多玩幻灵qwq: 指的就是qq里面的群
[38;5;8m2023-01-27 22:37:01[0m [D] [38;5;113;1mmessage[0m [svc] ⁢A60: 呃
[38;5;8m2023-01-27 22:37:03[0m [D] [38;5;113;1mmessage[0m [svc] ⁢A60: 什么寄吧
[38;5;8m2023-01-27 22:37:41[0m [D] [38;5;113;1mmessage[0m [svc] 少灬杰: 反正你们可以在这个群实验自动管理
[38;5;8m2023-01-27 22:37:48[0m [D] [38;5;113;1mmessage[0m [svc] 少灬杰: 成了就好玩了
[38;5;8m2023-01-27 22:37:52[0m [D] [38;5;113;1mmessage[0m [svc] 呃呃: 确实
[38;5;8m2023-01-27 22:38:09[0m [D] [38;5;113;1mmessage[0m [svc] 呃呃: 踢无脑小白
[38;5;8m2023-01-27 22:38:11[0m [D] [38;5;113;1mmessage[0m [svc] 少灬杰: 但是前提是
[38;5;8m2023-01-27 22:38:12[0m [D] [38;5;113;1mmessage[0m [svc] ⁢A60: 自动管理的bot有现成的
[38;5;8m2023-01-27 22:38:16[0m [D] [38;5;113;1mmessage[0m [svc] ⁢A60: 没啥用
[38;5;8m2023-01-27 22:38:18[0m [D] [38;5;113;1mmessage[0m [svc] ⁢A60: 图一乐可以
[38;5;8m2023-01-27 22:38:26[0m [D] [38;5;113;1mmessage[0m [svc] 謬紗特 ゚゚゚゚゚゚゚゚: 别最后搞成单独发个
[38;5;8m2023-01-27 22:38:27[0m [D] [38;5;113;1mmessage[0m [svc] 少灬杰: 不能打扰群正常聊天
[38;5;8m2023-01-27 22:38:31[0m [D] [38;5;113;1mmessage[0m [svc] 多玩幻灵qwq: 进群前10句话at管理
[38;5;8m2023-01-27 22:38:39[0m [D] [38;5;113;1mmessage[0m [svc] 多玩幻灵qwq: 飞
[38;5;8m2023-01-27 22:38:42[0m [D] [38;5;113;1mmessage[0m [svc] 多玩幻灵qwq: 或者ban
[38;5;8m2023-01-27 22:38:46[0m [D] [38;5;113;1mmessage[0m [svc] 多玩幻灵qwq: .ban @
[38;5;8m2023-01-27 22:38:52[0m [D] [38;5;113;1mmessage[0m [svc] ⁢A60: 这样
[38;5;8m2023-01-27 22:38:58[0m [D] [38;5;113;1mmessage[0m [svc] 呃呃: @ 现在可以自动踢人了吗，可以的话我去拿小号试一下
[38;5;8m2023-01-27 22:39:00[0m [D] [38;5;113;1mmessage[0m [svc] 謬紗特 ゚゚゚゚゚゚゚゚: @ @两次
[38;5;8m2023-01-27 22:39:16[0m [D] [38;5;113;1mmessage[0m [svc] 多玩幻灵qwq: 自动踹人不现实
[38;5;8m2023-01-27 22:39:21[0m [D] [38;5;113;1mmessage[0m [svc] 多玩幻灵qwq: 免得误伤了
[38;5;8m2023-01-27 22:39:25[0m [D] [38;5;113;1mmessage[0m [svc] ⁢A60: @ @ 我bot没管理啊
[38;5;8m2023-01-27 22:39:31[0m [D] [38;5;113;1mmessage[0m [svc] 呃呃: 好吧
[38;5;8m2023-01-27 22:39:47[0m [D] [38;5;113;1mmessage[0m [svc] ⁢A60: 我觉得
[38;5;8m2023-01-27 22:39:49[0m [D] [38;5;113;1mmessage[0m [svc] ⁢A60: 最合适的办法
[38;5;8m2023-01-27 22:39:50[0m [D] [38;5;113;1mmessage[0m [svc] ⁢A60: 是这样
[38;5;8m2023-01-27 22:39:58[0m [D] [38;5;113;1mmessage[0m [svc] ⁢A60: [图片]
[38;5;8m2023-01-27 22:40:02[0m [D] [38;5;113;1mmessage[0m [svc] ⁢A60: 进群就禁言一小时
[38;5;8m2023-01-27 22:40:08[0m [D] [38;5;113;1mmessage[0m [svc] ⁢A60: 一小时后再发言
[38;5;8m2023-01-27 22:40:27[0m [D] [38;5;113;1mmessage[0m [svc] 多玩幻灵qwq: [图片]
[38;5;8m2023-01-27 22:40:28[0m [D] [38;5;113;1mmessage[0m [svc] 红血球AE3803: @ @ 直接私聊转发管理能实现吗？
[38;5;8m2023-01-27 22:40:33[0m [D] [38;5;113;1mmessage[0m [svc] ⁢A60: 如果一小时后还问弱智问题
[38;5;8m2023-01-27 22:40:36[0m [D] [38;5;113;1mmessage[0m [svc] ⁢A60: 直接飞
[38;5;8m2023-01-27 22:40:39[0m [D] [38;5;113;1mmessage[0m [svc] 多玩幻灵qwq: 啥私聊转发管理
[38;5;8m2023-01-27 22:41:14[0m [D] [38;5;113;1mmessage[0m [svc] 红血球AE3803: 把内容转发给群管理员[表情]
[38;5;8m2023-01-27 22:41:26[0m [D] [38;5;113;1mmessage[0m [svc] 红血球AE3803: 而不在群里面发出来[表情]
[38;5;8m2023-01-27 22:42:08[0m [D] [38;5;113;1mmessage[0m [svc] ⁢A60: @欢迎来到Diff-svc项目测试群！ 
[38;5;8m2023-01-27 22:42:18[0m [D] [38;5;113;1mmessage[0m [svc] 多玩幻灵qwq: @ 机器人关关
[38;5;8m2023-01-27 22:44:47[0m [I] [38;5;78;1mapp[0m apply plugin [38;5;78mgroup:entry[0m
[38;5;8m2023-01-27 22:44:46[0m [I] [38;5;78;1mapp[0m [38;5;15;1mKoishi/4.11.2[0m
[38;5;8m2023-01-27 22:44:47[0m [I] [38;5;78;1mapp[0m apply plugin [38;5;78mrate-limit[0m
[38;5;8m2023-01-27 22:44:47[0m [I] [38;5;78;1mapp[0m apply plugin [38;5;78mgroup:basic[0m
[38;5;8m2023-01-27 22:44:47[0m [I] [38;5;78;1mapp[0m apply plugin [38;5;78mlocales[0m
[38;5;8m2023-01-27 22:44:47[0m [I] [38;5;78;1mapp[0m apply plugin [38;5;78madmin[0m
[38;5;8m2023-01-27 22:44:47[0m [I] [38;5;78;1mapp[0m apply plugin [38;5;78mgroup:console[0m
[38;5;8m2023-01-27 22:44:47[0m [I] [38;5;78;1mapp[0m apply plugin [38;5;78manalytics[0m
[38;5;8m2023-01-27 22:44:47[0m [I] [38;5;78;1mapp[0m apply plugin [38;5;78mlogger[0m
[38;5;8m2023-01-27 22:44:47[0m [I] [38;5;78;1mapp[0m apply plugin [38;5;78mdataview[0m
[38;5;8m2023-01-27 22:44:47[0m [I] [38;5;78;1mapp[0m apply plugin [38;5;78mmarket[0m
[38;5;8m2023-01-27 22:44:47[0m [I] [38;5;78;1mapp[0m apply plugin [38;5;78minsight[0m
[38;5;8m2023-01-27 22:44:47[0m [I] [38;5;78;1mapp[0m apply plugin [38;5;78msandbox[0m
[38;5;8m2023-01-27 22:44:47[0m [I] [38;5;78;1mapp[0m apply plugin [38;5;78mstatus[0m
[38;5;8m2023-01-27 22:44:48[0m [I] [38;5;78;1mapp[0m apply plugin [38;5;78mdatabase-sqlite[0m
[38;5;8m2023-01-27 22:44:48[0m [I] [38;5;78;1mapp[0m apply plugin [38;5;78mgroup:adapter[0m
[38;5;8m2023-01-27 22:44:48[0m [I] [38;5;78;1mapp[0m apply plugin [38;5;78massets-local[0m
[38;5;8m2023-01-27 22:44:48[0m [I] [38;5;78;1mapp[0m apply plugin [38;5;78mgroup:database[0m
[38;5;8m2023-01-27 22:44:47[0m [I] [38;5;78;1mapp[0m apply plugin [38;5;78mconsole[0m
[38;5;8m2023-01-27 22:44:48[0m [I] [38;5;78;1mapp[0m apply plugin [38;5;78madapter-onebot[0m
[38;5;8m2023-01-27 22:44:48[0m [I] [38;5;78;1mapp[0m apply plugin [38;5;78mgocqhttp[0m
[38;5;8m2023-01-27 22:44:48[0m [I] [38;5;78;1mapp[0m apply plugin [38;5;78mpuppeteer:2oipri[0m
[38;5;8m2023-01-27 22:44:48[0m [I] [38;5;78;1mapp[0m apply plugin [38;5;78meditfile:r5cmr0[0m
[38;5;8m2023-01-27 22:44:48[0m [E] [38;5;78;1mapp[0m cannot resolve plugin "editfile"
[38;5;8m2023-01-27 22:44:49[0m [I] [38;5;78;1mapp[0m apply plugin [38;5;78madapter-onebot:ru8o4v[0m
[38;5;8m2023-01-27 22:44:48[0m [I] [38;5;78;1mapp[0m apply plugin [38;5;78meditor:p7tj3h[0m
[38;5;8m2023-01-27 22:44:49[0m [I] [38;5;78;1mapp[0m apply plugin [38;5;78mchat:kneswj[0m
[38;5;8m2023-01-27 22:44:49[0m [I] [38;5;78;1mapp[0m apply plugin [38;5;78mgocq-session-uploader:3o1mxt[0m
[38;5;8m2023-01-27 22:44:49[0m [I] [38;5;78;1mapp[0m server listening at [38;5;78mhttp://localhost:5141[0m
[38;5;8m2023-01-27 22:44:49[0m [W] [38;5;204;1massets[0m missing configuration "selfUrl", fallback to "file:" scheme
[38;5;8m2023-01-27 22:44:49[0m [I] [38;5;221;1mpuppeteer[0m chrome executable found at [38;5;221mC:\Program Files\Google\Chrome\Application\chrome.exe[0m
[38;5;8m2023-01-27 22:44:49[0m [I] [38;5;92;1mlocales[0m loading locale zh.yml
[38;5;8m2023-01-27 22:44:49[0m [I] [38;5;214;1madapter[0m connect to server: [38;5;214mws://106.52.111.188:7110/[0m
[38;5;8m2023-01-27 22:44:51[0m [W] [38;5;32;1mgocqhttp[0m 账号密码未配置, 将使用二维码登录. 
[38;5;8m2023-01-27 22:45:04[0m [D] [38;5;113;1mmessage[0m [svc] 红血球AE3803: 审核群要不搞一个？[表情]
[38;5;8m2023-01-27 22:45:04[0m [D] [38;5;113;1mmessage[0m [svc] ⁢A60: 缓冲群的血压谁来降
[38;5;8m2023-01-27 22:45:04[0m [D] [38;5;113;1mmessage[0m [svc] boisprune: 群公告入群弹窗就行了
[38;5;8m2023-01-27 22:45:06[0m [W] [38;5;178;1mmarket[0m aborted
[38;5;8m2023-01-27 22:45:06[0m [W] [38;5;178;1mmarket[0m aborted
[38;5;8m2023-01-27 22:45:06[0m [D] [38;5;113;1mmessage[0m [svc] ⁢A60: @ @ 现在就是这样
[38;5;8m2023-01-27 22:45:09[0m [D] [38;5;113;1mmessage[0m [svc] 开小灶: 缓冲群只需要机器人和萌新
[38;5;8m2023-01-27 22:45:17[0m [D] [38;5;113;1mmessage[0m [svc] ⁢A60: 草
[38;5;8m2023-01-27 22:45:21[0m [D] [38;5;113;1mmessage[0m [svc] 开小灶: 全员禁言
[38;5;8m2023-01-27 22:45:32[0m [D] [38;5;113;1mmessage[0m [svc] ⁢A60: 只发教程是吧
[38;5;8m2023-01-27 22:45:40[0m [D] [38;5;113;1mmessage[0m [svc] 开小灶: 是的喵
[38;5;8m2023-01-27 22:45:49[0m [D] [38;5;113;1mmessage[0m [svc] 开小灶: 确认了群公告再让他进大群喵
[38;5;8m2023-01-27 22:45:56[0m [D] [38;5;113;1mmessage[0m [svc] ⁢A60: 那为什么不直接搭个论坛呢
[38;5;8m2023-01-27 22:46:06[0m [D] [38;5;113;1mmessage[0m [svc] 少灬杰: 那为什么不直接搭个论坛呢
[38;5;8m2023-01-27 22:46:13[0m [D] [38;5;113;1mmessage[0m [svc] ⁢A60: 论坛的权限机制可比这玩意完善多了
[38;5;8m2023-01-27 22:46:16[0m [D] [38;5;113;1mmessage[0m [svc] 开小灶: 那为什么不直接搭个论坛呢
[38;5;8m2023-01-27 22:46:27[0m [D] [38;5;113;1mmessage[0m [svc] 謬紗特 ゚゚゚゚゚゚゚゚: @ 没啥用，不想看的不还是直接进大群
[38;5;8m2023-01-27 22:46:41[0m [D] [38;5;113;1mmessage[0m [svc] ⁢A60: 吧大群的群号
[38;5;8m2023-01-27 22:46:41[0m [D] [38;5;113;1mmessage[0m [svc] Chunibyo: [表情]
[38;5;8m2023-01-27 22:46:43[0m [D] [38;5;113;1mmessage[0m [svc] ⁢A60: 放在教程里
[38;5;8m2023-01-27 22:46:48[0m [D] [38;5;113;1mmessage[0m [svc] 红血球AE3803: 不过管理起来也挺麻烦，毕竟我也搞过论坛
[38;5;8m2023-01-27 22:46:49[0m [D] [38;5;113;1mmessage[0m [svc] 开小灶: 合理
[38;5;8m2023-01-27 22:46:50[0m [D] [38;5;113;1mmessage[0m [svc] ⁢A60: 他得看完了教程才知道大群在哪儿
[38;5;8m2023-01-27 22:46:53[0m [E] [38;5;32;1mgocqhttp[0m 二维码过期
[38;5;8m2023-01-27 22:47:06[0m [D] [38;5;113;1mmessage[0m [svc] ⁢A60: 这样我觉得是最合理的办法
[38;5;8m2023-01-27 22:47:17[0m [D] [38;5;113;1mmessage[0m [svc] 开小灶: 怕不是明天b站就出入群教程了（）
[38;5;8m2023-01-27 22:47:23[0m [D] [38;5;113;1mmessage[0m [svc] 红血球AE3803: @ @ 直接放教程最后[表情]
[38;5;8m2023-01-27 22:47:28[0m [D] [38;5;113;1mmessage[0m [svc] 😂Luce😂: @ @ 草了，这个还真是
[38;5;8m2023-01-27 22:47:30[0m [D] [38;5;113;1mmessage[0m [svc] 謬紗特 ゚゚゚゚゚゚゚゚: 也行
[38;5;8m2023-01-27 22:47:30[0m [D] [38;5;113;1mmessage[0m [svc] ⁢A60: 不行
[38;5;8m2023-01-27 22:47:33[0m [D] [38;5;113;1mmessage[0m [svc] ⁢A60: 教程放中间
[38;5;8m2023-01-27 22:47:47[0m [D] [38;5;113;1mmessage[0m [svc] 开小灶: 简单 入群问题
[38;5;8m2023-01-27 22:47:51[0m [D] [38;5;113;1mmessage[0m [svc] ⁢A60: 但我觉得还是论坛管用
[38;5;8m2023-01-27 22:48:01[0m [D] [38;5;113;1mmessage[0m [svc] ⁢A60: 但论坛时效性太差
[38;5;8m2023-01-27 22:48:04[0m [D] [38;5;113;1mmessage[0m [svc] 😂Luce😂: 我是看到github，然后看到频道和discord，然后在里面看到语雀
[38;5;8m2023-01-27 22:48:13[0m [D] [38;5;113;1mmessage[0m [svc] 😂Luce😂: 看到语雀然后才看到这个群
[38;5;8m2023-01-27 22:48:15[0m [D] [38;5;113;1mmessage[0m [svc] 开小灶: 让他看过教程才能答出入群问题好了
[38;5;8m2023-01-27 22:48:21[0m [D] [38;5;113;1mmessage[0m [svc] 红血球AE3803: @ @ 教程里面隐藏群号怎么样[表情]，都找到才能知道群号[表情]
[38;5;8m2023-01-27 22:48:27[0m [D] [38;5;113;1mmessage[0m [svc] ⁢A60: 啊这
[38;5;8m2023-01-27 22:48:47[0m [D] [38;5;113;1mmessage[0m [svc] 謬紗特 ゚゚゚゚゚゚゚゚: 再加个解谜
[38;5;8m2023-01-27 22:48:49[0m [D] [38;5;113;1mmessage[0m [svc] 謬紗特 ゚゚゚゚゚゚゚゚: 都别进
[38;5;8m2023-01-27 22:48:52[0m [D] [38;5;113;1mmessage[0m [svc] 😂Luce😂: 我感觉找到这个群已经够难了
[38;5;8m2023-01-27 22:48:56[0m [D] [38;5;113;1mmessage[0m [svc] 😂Luce😂: [表情]
[38;5;8m2023-01-27 22:49:06[0m [D] [38;5;113;1mmessage[0m [svc] 开小灶: 可以这么弄
[38;5;8m2023-01-27 22:49:10[0m [D] [38;5;113;1mmessage[0m [svc] 拓扑逻辑轰炸龙: 我觉得门槛还得高[表情]
[38;5;8m2023-01-27 22:49:16[0m [D] [38;5;113;1mmessage[0m [svc] 开小灶: 在教程里放一个典型报错的处理
[38;5;8m2023-01-27 22:49:18[0m [D] [38;5;113;1mmessage[0m [svc] 开小灶: 办法
[38;5;8m2023-01-27 22:49:24[0m [D] [38;5;113;1mmessage[0m [svc] ⁢A60: 没人看啊
[38;5;8m2023-01-27 22:49:33[0m [D] [38;5;113;1mmessage[0m [svc] ⁢A60: 他都能张口就问了
[38;5;8m2023-01-27 22:49:39[0m [D] [38;5;113;1mmessage[0m [svc] ⁢A60: 你还指望他看？
[38;5;8m2023-01-27 22:49:44[0m [D] [38;5;113;1mmessage[0m [svc] 开小灶: 禁言啊
[38;5;8m2023-01-27 22:49:46[0m [D] [38;5;113;1mmessage[0m [svc] 开小灶: 缓冲群
[38;5;8m2023-01-27 22:49:48[0m [D] [38;5;113;1mmessage[0m [svc] 😂Luce😂: 不过语雀教程学的还算蛮详细
[38;5;8m2023-01-27 22:49:50[0m [D] [38;5;113;1mmessage[0m [svc] 开小灶: 全员禁言
[38;5;8m2023-01-27 22:49:51[0m [D] [38;5;113;1mmessage[0m [svc] 拓扑逻辑轰炸龙: 群里的人数相比炼出来的模型数量还是有点悬殊（
[38;5;8m2023-01-27 22:50:04[0m [D] [38;5;113;1mmessage[0m [svc] 开小灶: 全员禁言禁止私聊
[38;5;8m2023-01-27 22:50:08[0m [D] [38;5;113;1mmessage[0m [svc] 透明パレット: 没进群能看群公告里的教程吗
[38;5;8m2023-01-27 22:50:08[0m [D] [38;5;113;1mmessage[0m [svc] ⁢A60: @ @ 1:100？
[38;5;8m2023-01-27 22:50:12[0m [D] [38;5;113;1mmessage[0m [svc] ⁢A60: 还是1:70
[38;5;8m2023-01-27 22:50:14[0m [D] [38;5;113;1mmessage[0m [svc] ⁢A60: 不能
[38;5;8m2023-01-27 22:50:19[0m [D] [38;5;113;1mmessage[0m [svc] 开小灶: 缓冲群放教程
[38;5;8m2023-01-27 22:50:21[0m [D] [38;5;113;1mmessage[0m [svc] ⁢A60: 所以我建议直接进群就禁言
[38;5;8m2023-01-27 22:50:26[0m [D] [38;5;113;1mmessage[0m [svc] ⁢A60: 等他自己想办法解决
[38;5;8m2023-01-27 22:50:29[0m [D] [38;5;113;1mmessage[0m [svc] 😂Luce😂: 我遇到的问题是vs环境的问题
[38;5;8m2023-01-27 22:50:33[0m [D] [38;5;113;1mmessage[0m [svc] ⁢A60: 说不定一个小时后他自己就想明白了
[38;5;8m2023-01-27 22:50:45[0m [D] [38;5;113;1mmessage[0m [svc] 😂Luce😂: 这个的话感觉你们教程最好写一下（提一句
[38;5;8m2023-01-27 22:51:02[0m [D] [38;5;113;1mmessage[0m [svc] 😂Luce😂: c++环境
[38;5;8m2023-01-27 22:51:05[0m [D] [38;5;113;1mmessage[0m [svc] ニア: msvc？
[38;5;8m2023-01-27 22:51:08[0m [D] [38;5;113;1mmessage[0m [svc] 开小灶: 建一个缓冲群 群里面放教程和大群群号 大群入群问题改成如何处理某某报错
[38;5;8m2023-01-27 22:51:10[0m [D] [38;5;113;1mmessage[0m [svc] 透明パレット: 还有那种前所未有的报错怎么办捏
[38;5;8m2023-01-27 22:51:10[0m [D] [38;5;113;1mmessage[0m [svc] 拓扑逻辑轰炸龙: 主要是好多人几乎知识0进来的（
[38;5;8m2023-01-27 22:51:11[0m [D] [38;5;113;1mmessage[0m [svc] 开小灶: 这样呗
[38;5;8m2023-01-27 22:51:15[0m [D] [38;5;113;1mmessage[0m [svc] 拓扑逻辑轰炸龙: 就很可怕
[38;5;8m2023-01-27 22:51:21[0m [D] [38;5;113;1mmessage[0m [svc] ⁢A60: @ @ 直接过滤掉
[38;5;8m2023-01-27 22:51:24[0m [D] [38;5;113;1mmessage[0m [svc] 红血球AE3803: @ @ 不过也可能有一些一被禁言就退了[表情]
[38;5;8m2023-01-27 22:51:34[0m [D] [38;5;113;1mmessage[0m [NovelAi playground] 因缘而遇: rr fu hua
[38;5;8m2023-01-27 22:51:34[0m [D] [38;5;113;1mmessage[0m [NovelAi playground] 堇年: 在画了在画了
[38;5;8m2023-01-27 22:51:35[0m [D] [38;5;113;1mmessage[0m [svc] ⁢A60: 在入群问题里写个题
[38;5;8m2023-01-27 22:51:39[0m [D] [38;5;113;1mmessage[0m [NovelAi playground] 堇年: [合并转发]你的QQ暂不支持查看[转发多条消息]，请期待后续版本。
[38;5;8m2023-01-27 22:51:40[0m [D] [38;5;113;1mmessage[0m [svc] ⁢A60: 答不上来就不能进群
[38;5;8m2023-01-27 22:51:43[0m [D] [38;5;113;1mmessage[0m [svc] 开小灶: @ 这样就能保证有基础
[38;5;8m2023-01-27 22:51:45[0m [D] [38;5;113;1mmessage[0m [svc] ⁢A60: 题目定期更换
[38;5;8m2023-01-27 22:51:47[0m [D] [38;5;113;1mmessage[0m [svc] 开小灶: 而且看过教程
[38;5;8m2023-01-27 22:51:50[0m [D] [38;5;113;1mmessage[0m [NovelAi playground] 因缘而遇: [图片]
[38;5;8m2023-01-27 22:51:51[0m [D] [38;5;113;1mmessage[0m [svc] 开小灶: 正确的喵
[38;5;8m2023-01-27 22:52:01[0m [D] [38;5;113;1mmessage[0m [svc] 少灬杰: @ @ 这个
[38;5;8m2023-01-27 22:52:05[0m [D] [38;5;113;1mmessage[0m [svc] 少灬杰: 经典
[38;5;8m2023-01-27 22:52:08[0m [D] [38;5;113;1mmessage[0m [NovelAi playground] 树枝666: 在画了在画了，不过前面还有 1 个稿……
[38;5;8m2023-01-27 22:52:23[0m [D] [38;5;113;1mmessage[0m [NovelAi playground] 树枝666: [合并转发]你的QQ暂不支持查看[转发多条消息]，请期待后续版本。
[38;5;8m2023-01-27 22:52:26[0m [D] [38;5;113;1mmessage[0m [svc] 呃呃: 分群也行，一个技术大佬交流群，一个解答小白问题的群
[38;5;8m2023-01-27 22:52:35[0m [D] [38;5;113;1mmessage[0m [svc] 呃呃: 直接分开
[38;5;8m2023-01-27 22:52:38[0m [D] [38;5;113;1mmessage[0m [svc] 红血球AE3803: @ @ 这样也行
[38;5;8m2023-01-27 22:52:41[0m [D] [38;5;113;1mmessage[0m [svc] 开小灶: @ @ 那怎么筛选
[38;5;8m2023-01-27 22:52:43[0m [D] [38;5;113;1mmessage[0m [svc] ⁢A60: 小 白 互 助 群
[38;5;8m2023-01-27 22:52:48[0m [D] [38;5;113;1mmessage[0m [svc] 呃呃: 这样
[38;5;8m2023-01-27 22:52:52[0m [D] [38;5;113;1mmessage[0m [svc] 红血球AE3803: @ @ 考试？[表情]
[38;5;8m2023-01-27 22:52:56[0m [D] [38;5;113;1mmessage[0m [svc] ⁢A60: @ @ 手动邀请
[38;5;8m2023-01-27 22:52:58[0m [D] [38;5;113;1mmessage[0m [svc] 开小灶: 凭丹进群？
[38;5;8m2023-01-27 22:53:05[0m [D] [38;5;113;1mmessage[0m [svc] ⁢A60: 觉得他有前途就能进大群
[38;5;8m2023-01-27 22:53:05[0m [D] [38;5;113;1mmessage[0m [svc] 😂Luce😂: 不过python这边都给解决办法的
[38;5;8m2023-01-27 22:53:07[0m [D] [38;5;113;1mmessage[0m [svc] ⁢A60: （
[38;5;8m2023-01-27 22:53:08[0m [D] [38;5;113;1mmessage[0m [svc] 拓扑逻辑轰炸龙: 发demo进群
[38;5;8m2023-01-27 22:53:10[0m [D] [38;5;113;1mmessage[0m [svc] 开小灶: 进不了群又不会炼丹（）
[38;5;8m2023-01-27 22:53:11[0m [D] [38;5;113;1mmessage[0m [svc] 呃呃: 看炼丹成功
[38;5;8m2023-01-27 22:53:13[0m [D] [38;5;113;1mmessage[0m [svc] ニア: 什么入群考试
[38;5;8m2023-01-27 22:53:13[0m [D] [38;5;113;1mmessage[0m [svc] 呃呃: 成果
[38;5;8m2023-01-27 22:53:15[0m [D] [38;5;113;1mmessage[0m [svc] ⁢A60: 看着感觉就像是个笨比的就不给进
[38;5;8m2023-01-27 22:53:16[0m [D] [38;5;113;1mmessage[0m [svc] 😂Luce😂: 网址一点就进去了
[38;5;8m2023-01-27 22:53:20[0m [D] [38;5;113;1mmessage[0m [svc] 红血球AE3803: 不及格不让进
[38;5;8m2023-01-27 22:53:20[0m [D] [38;5;113;1mmessage[0m [svc] 开小灶: 呃呃
[38;5;8m2023-01-27 22:53:20[0m [D] [38;5;113;1mmessage[0m [svc] 呃呃: 就跟mmd群似的
[38;5;8m2023-01-27 22:53:23[0m [D] [38;5;113;1mmessage[0m [svc] 红血球AE3803: [表情]
[38;5;8m2023-01-27 22:53:24[0m [D] [38;5;113;1mmessage[0m [svc] 开小灶: 坏了 我是笨比
[38;5;8m2023-01-27 22:53:26[0m [D] [38;5;113;1mmessage[0m [svc] 少灬杰: 反正你们可以慢慢考虑
[38;5;8m2023-01-27 22:53:27[0m [D] [38;5;113;1mmessage[0m [svc] 土豆: @ 害怕，还好我再次之前混进来了
[38;5;8m2023-01-27 22:53:31[0m [D] [38;5;113;1mmessage[0m [svc] 少灬杰: 如何降低血压
[38;5;8m2023-01-27 22:53:31[0m [D] [38;5;113;1mmessage[0m [svc] 呃呃: mmd群里必须要发作品才可以进
[38;5;8m2023-01-27 22:53:38[0m [D] [38;5;113;1mmessage[0m [svc] ⁢A60: @ @ 这个群当然会作为小群
[38;5;8m2023-01-27 22:53:49[0m [D] [38;5;113;1mmessage[0m [svc] ⁢A60: 里群会再开一个单独的
[38;5;8m2023-01-27 22:54:03[0m [D] [38;5;113;1mmessage[0m [svc] 开小灶: 敲 里群拉拉
[38;5;8m2023-01-27 22:54:03[0m [D] [38;5;113;1mmessage[0m [svc] ⁢A60: 因为所有的引流都是指向这个群的
[38;5;8m2023-01-27 22:54:07[0m [D] [38;5;113;1mmessage[0m [svc] 开小灶: （）
[38;5;8m2023-01-27 22:54:12[0m [D] [38;5;113;1mmessage[0m [svc] 少灬杰: 敲 里群拉拉
[38;5;8m2023-01-27 22:54:16[0m [D] [38;5;113;1mmessage[0m [svc] ⁢A60: 要改很麻烦
[38;5;8m2023-01-27 22:54:17[0m [D] [38;5;113;1mmessage[0m [svc] 呃呃: 我们在建一个对外的教小白的，那个群里禁止私聊
[38;5;8m2023-01-27 22:54:23[0m [D] [38;5;113;1mmessage[0m [svc] ⁢A60: 不是
[38;5;8m2023-01-27 22:54:27[0m [D] [38;5;113;1mmessage[0m [svc] ⁢A60: 这个群是教小白的
[38;5;8m2023-01-27 22:54:30[0m [D] [38;5;113;1mmessage[0m [svc] 拓扑逻辑轰炸龙: 还有小团体？
[38;5;8m2023-01-27 22:54:32[0m [D] [38;5;113;1mmessage[0m [svc] 呃呃: 可以
[38;5;8m2023-01-27 22:54:33[0m [D] [38;5;113;1mmessage[0m [svc] ⁢A60: 技术交流群单独再建一个
[38;5;8m2023-01-27 22:54:37[0m [D] [38;5;113;1mmessage[0m [svc] 呃呃: 可以
[38;5;8m2023-01-27 22:54:41[0m [D] [38;5;113;1mmessage[0m [svc] ⁢A60: 不然你新群号
[38;5;8m2023-01-27 22:54:49[0m [D] [38;5;113;1mmessage[0m [svc] ⁢A60: 还得重新在到处发一遍
[38;5;8m2023-01-27 22:54:52[0m [D] [38;5;113;1mmessage[0m [svc] ⁢A60: 不嫌麻烦啊
[38;5;8m2023-01-27 22:54:57[0m [D] [38;5;113;1mmessage[0m [svc] 开小灶: 不是那再建一个和现在有区别咩
[38;5;8m2023-01-27 22:55:02[0m [D] [38;5;113;1mmessage[0m [svc] 呃呃: 技术交流群群号不能不能暴露
[38;5;8m2023-01-27 22:55:03[0m [D] [38;5;113;1mmessage[0m [svc] ⁢A60: 里群就凭炼的丹来进
[38;5;8m2023-01-27 22:55:09[0m [D] [38;5;113;1mmessage[0m [svc] ⁢A60: 有丹才能进
[38;5;8m2023-01-27 22:55:10[0m [D] [38;5;113;1mmessage[0m [svc] 呃呃: @ 里面都是炼丹大佬
[38;5;8m2023-01-27 22:55:19[0m [D] [38;5;113;1mmessage[0m [svc] ⁢A60: 甭管丹是顶级的还是次级的
[38;5;8m2023-01-27 22:55:23[0m [D] [38;5;113;1mmessage[0m [svc] ⁢A60: 只要能练出来
[38;5;8m2023-01-27 22:55:24[0m [D] [38;5;113;1mmessage[0m [svc] ⁢A60: 就能进
[38;5;8m2023-01-27 22:55:28[0m [D] [38;5;113;1mmessage[0m [NovelAi playground] nai: [插件市场更新]
[38;5;8m2023-01-27 22:55:30[0m [D] [38;5;113;1mmessage[0m [svc] 呃呃: 可以
[38;5;8m2023-01-27 22:55:38[0m [D] [38;5;113;1mmessage[0m [svc] ⁢A60: 这样才是最好的方案
[38;5;8m2023-01-27 22:55:38[0m [D] [38;5;113;1mmessage[0m [svc] 謬紗特 ゚゚゚゚゚゚゚゚: 你怎么知道是不是他自己炼的
[38;5;8m2023-01-27 22:55:41[0m [D] [38;5;113;1mmessage[0m [svc] 开小灶: 呃呃
[38;5;8m2023-01-27 22:55:47[0m [D] [38;5;113;1mmessage[0m [svc] 呃呃: 呃呃来了
[38;5;8m2023-01-27 22:55:48[0m [D] [38;5;113;1mmessage[0m [svc] 念: 只发音频得吗
[38;5;8m2023-01-27 22:55:50[0m [D] [38;5;113;1mmessage[0m [svc] ⁢A60: 没必要较真
[38;5;8m2023-01-27 22:55:53[0m [D] [38;5;113;1mmessage[0m [svc] ニア: 给个测试用的raw音频
[38;5;8m2023-01-27 22:55:56[0m [D] [38;5;113;1mmessage[0m [svc] 开小灶: [图片][图片] 所以 我是笨比 这个怎么解决到底
[38;5;8m2023-01-27 22:55:56[0m [D] [38;5;113;1mmessage[0m [svc] 呃呃: 没必要
[38;5;8m2023-01-27 22:56:03[0m [D] [38;5;113;1mmessage[0m [svc] ⁢A60: 给他个wav
[38;5;8m2023-01-27 22:56:06[0m [D] [38;5;113;1mmessage[0m [svc] ⁢A60: 让他转
[38;5;8m2023-01-27 22:56:08[0m [D] [38;5;113;1mmessage[0m [svc] ⁢A60: 他能转出来
[38;5;8m2023-01-27 22:56:09[0m [D] [38;5;113;1mmessage[0m [svc] 呃呃: 可以
[38;5;8m2023-01-27 22:56:11[0m [D] [38;5;113;1mmessage[0m [svc] ⁢A60: 就是合格
[38;5;8m2023-01-27 22:56:17[0m [D] [38;5;113;1mmessage[0m [svc] 呃呃: 可以！@ 
[38;5;8m2023-01-27 22:56:18[0m [D] [38;5;113;1mmessage[0m [svc] 念: 直接拿我多想说再见啊
[38;5;8m2023-01-27 22:56:26[0m [D] [38;5;113;1mmessage[0m [svc] 拓扑逻辑轰炸龙: 草
[38;5;8m2023-01-27 22:56:26[0m [D] [38;5;113;1mmessage[0m [svc] 謬紗特 ゚゚゚゚゚゚゚゚: 有没有可能huggingface一堆别人的丹
[38;5;8m2023-01-27 22:56:33[0m [D] [38;5;113;1mmessage[0m [svc] 謬紗特 ゚゚゚゚゚゚゚゚: 随便找个转不就完了
[38;5;8m2023-01-27 22:56:33[0m [D] [38;5;113;1mmessage[0m [svc] 开小灶: 正确的喵
[38;5;8m2023-01-27 22:56:34[0m [D] [38;5;113;1mmessage[0m [svc] 呃呃: 定期换换曲目吧
[38;5;8m2023-01-27 22:56:44[0m [D] [38;5;113;1mmessage[0m [svc] ⁢A60: @ @ 那当然得要炼丹的历史截图什么的
[38;5;8m2023-01-27 22:56:50[0m [D] [38;5;113;1mmessage[0m [svc] 开小灶: 但是会用huggingface差不多也有点基础
[38;5;8m2023-01-27 22:56:55[0m [D] [38;5;113;1mmessage[0m [svc] 呃呃: 对
[38;5;8m2023-01-27 22:56:59[0m [D] [38;5;113;1mmessage[0m [svc] 謬紗特 ゚゚゚゚゚゚゚゚: 要啥基础
[38;5;8m2023-01-27 22:57:00[0m [D] [38;5;113;1mmessage[0m [svc] 呃呃: 毕竟小白也不知道
[38;5;8m2023-01-27 22:57:00[0m [D] [38;5;113;1mmessage[0m [svc] 念: 谁炼丹自己截图啊
[38;5;8m2023-01-27 22:57:03[0m [D] [38;5;113;1mmessage[0m [svc] 开小灶: @ @ 那审核太麻烦了罢
[38;5;8m2023-01-27 22:57:04[0m [D] [38;5;113;1mmessage[0m [svc] 謬紗特 ゚゚゚゚゚゚゚゚: 打开就是两个框
[38;5;8m2023-01-27 22:57:05[0m [D] [38;5;113;1mmessage[0m [svc] ⁢A60: 他能用别人的丹推理
[38;5;8m2023-01-27 22:57:08[0m [D] [38;5;113;1mmessage[0m [svc] 謬紗特 ゚゚゚゚゚゚゚゚: 一个输入一个输出
[38;5;8m2023-01-27 22:57:10[0m [D] [38;5;113;1mmessage[0m [svc] 开小灶: @ @ 对额
[38;5;8m2023-01-27 22:57:19[0m [D] [38;5;113;1mmessage[0m [svc] 呃呃: @ @ 证明也会一点
[38;5;8m2023-01-27 22:57:19[0m [D] [38;5;113;1mmessage[0m [svc] 拓扑逻辑轰炸龙: @ @ TB的log
[38;5;8m2023-01-27 22:57:26[0m [D] [38;5;113;1mmessage[0m [svc] ⁢A60: 那就给工程目录就行了呗
[38;5;8m2023-01-27 22:57:26[0m [D] [38;5;113;1mmessage[0m [svc] 红血球AE3803: 开个筛选群，发视频时候放那个群号。然后新人可以在那里交流互助，教程也放进去。如果想要进这个主群，可以先考试，题目管理员自行考虑，让练模型也行，发作品也行（要用自己的模型），题型可以多样化。满分100，60及格，及格才能进。定期换题[表情]
[38;5;8m2023-01-27 22:57:30[0m [D] [38;5;113;1mmessage[0m [svc] ⁢A60: 然后有log
[38;5;8m2023-01-27 22:57:32[0m [D] [38;5;113;1mmessage[0m [svc] 红血球AE3803: 这样如何[表情]
[38;5;8m2023-01-27 22:57:33[0m [D] [38;5;113;1mmessage[0m [svc] ⁢A60: 这些都是证明
[38;5;8m2023-01-27 22:57:38[0m [D] [38;5;113;1mmessage[0m [svc] 念: [图片]
[38;5;8m2023-01-27 22:57:43[0m [D] [38;5;113;1mmessage[0m [svc] 謬紗特 ゚゚゚゚゚゚゚゚: 怎么提交
[38;5;8m2023-01-27 22:57:44[0m [D] [38;5;113;1mmessage[0m [svc] 念: 这种？
[38;5;8m2023-01-27 22:57:44[0m [D] [38;5;113;1mmessage[0m [svc] ⁢A60: 给数据集截图，工作目录截图
[38;5;8m2023-01-27 22:57:53[0m [D] [38;5;113;1mmessage[0m [svc] ⁢A60: 提交可以用收集表
[38;5;8m2023-01-27 22:57:58[0m [D] [38;5;113;1mmessage[0m [svc] ⁢A60: 办法多的是
[38;5;8m2023-01-27 22:58:07[0m [D] [38;5;113;1mmessage[0m [svc] ⁢A60: 也可以用bot
[38;5;8m2023-01-27 22:58:11[0m [D] [38;5;113;1mmessage[0m [svc] ⁢A60: 按特定格式提交
[38;5;8m2023-01-27 22:58:20[0m [D] [38;5;113;1mmessage[0m [svc] 红血球AE3803: 我那个怎么样[表情]
[38;5;8m2023-01-27 22:58:21[0m [D] [38;5;113;1mmessage[0m [svc] 呃呃: @ 炼丹的截图也要有，就是tb和cm的的界面
[38;5;8m2023-01-27 22:58:21[0m [D] [38;5;113;1mmessage[0m [svc] ⁢A60: 不按格式就不给进
[38;5;8m2023-01-27 22:58:43[0m [D] [38;5;113;1mmessage[0m [svc] ⁢A60: tb什么的无所谓，你给配置文件和工作目录就行了
[38;5;8m2023-01-27 22:58:46[0m [D] [38;5;113;1mmessage[0m [svc] ニア: [图片]
[38;5;8m2023-01-27 22:58:52[0m [D] [38;5;113;1mmessage[0m [svc] 呃呃: 哪怕用的别人的丹，会推理，会继续训练也算是有点学识了@ 
[38;5;8m2023-01-27 22:58:53[0m [D] [38;5;113;1mmessage[0m [svc] 少灬杰: 可以
[38;5;8m2023-01-27 22:59:02[0m [D] [38;5;113;1mmessage[0m [svc] 😂Luce😂: 我一开始tensorboard也不会开哈哈
[38;5;8m2023-01-27 22:59:03[0m [D] [38;5;113;1mmessage[0m [svc] 念: 话说特化后确实不糊了
[38;5;8m2023-01-27 22:59:04[0m [D] [38;5;113;1mmessage[0m [svc] 謬紗特 ゚゚゚゚゚゚゚゚: 可别
[38;5;8m2023-01-27 22:59:07[0m [D] [38;5;113;1mmessage[0m [svc] 呃呃: 明早我去推理一个
[38;5;8m2023-01-27 22:59:10[0m [D] [38;5;113;1mmessage[0m [svc] 😂Luce😂: 我看你们在看于是自己去查
[38;5;8m2023-01-27 22:59:12[0m [D] [38;5;113;1mmessage[0m [svc] 謬紗特 ゚゚゚゚゚゚゚゚: 会推理真不要基础
[38;5;8m2023-01-27 22:59:16[0m [D] [38;5;113;1mmessage[0m [svc] 少灬杰: 反正你们搞了先新群给我拉一个就行了
[38;5;8m2023-01-27 22:59:19[0m [D] [38;5;113;1mmessage[0m [svc] ⁢A60: 不要基础？
[38;5;8m2023-01-27 22:59:19[0m [D] [38;5;113;1mmessage[0m [svc] 少灬杰: [表情]🙏
[38;5;8m2023-01-27 22:59:23[0m [D] [38;5;113;1mmessage[0m [svc] ⁢A60: 你把你奶奶喊来
[38;5;8m2023-01-27 22:59:25[0m [D] [38;5;113;1mmessage[0m [svc] ⁢A60: 看她会不会
[38;5;8m2023-01-27 22:59:28[0m [D] [38;5;113;1mmessage[0m [svc] 开小灶: 反正你们搞了先新群给我拉一个就行了
[38;5;8m2023-01-27 22:59:34[0m [D] [38;5;113;1mmessage[0m [svc] 謬紗特 ゚゚゚゚゚゚゚゚: [图片]
[38;5;8m2023-01-27 22:59:36[0m [D] [38;5;113;1mmessage[0m [svc] 呃呃: 拉我一个
[38;5;8m2023-01-27 22:59:41[0m [D] [38;5;113;1mmessage[0m [svc] 念: 搞新群拉我
[38;5;8m2023-01-27 22:59:43[0m [D] [38;5;113;1mmessage[0m [svc] 謬紗特 ゚゚゚゚゚゚゚゚: 这种界面给谁谁不会用
[38;5;8m2023-01-27 22:59:53[0m [D] [38;5;113;1mmessage[0m [svc] ⁢A60: 那当然要用diff svc的推理
[38;5;8m2023-01-27 23:00:02[0m [D] [38;5;113;1mmessage[0m [svc] ⁢A60: 都是有限定条件的
[38;5;8m2023-01-27 23:00:04[0m [D] [38;5;113;1mmessage[0m [svc] 开小灶: u1s1
[38;5;8m2023-01-27 23:00:05[0m [D] [38;5;113;1mmessage[0m [svc] 红血球AE3803: 搞个svc新人互助&amp;考核群[表情]
[38;5;8m2023-01-27 23:00:09[0m [D] [38;5;113;1mmessage[0m [svc] ⁢A60: 你以为那么简单就糊弄过去了？
[38;5;8m2023-01-27 23:00:12[0m [D] [38;5;113;1mmessage[0m [svc] 呃呃: 完了，我是sovits党[表情]
[38;5;8m2023-01-27 23:00:21[0m [D] [38;5;113;1mmessage[0m [svc] 开小灶: 完了 我是冷月党
[38;5;8m2023-01-27 23:00:21[0m [D] [38;5;113;1mmessage[0m [svc] 呃呃: 当然diffsvc我也有丹
[38;5;8m2023-01-27 23:00:26[0m [D] [38;5;113;1mmessage[0m [svc] 呃呃: 没事
[38;5;8m2023-01-27 23:00:28[0m [D] [38;5;113;1mmessage[0m [svc] boisprune: 说来
[38;5;8m2023-01-27 23:00:29[0m [D] [38;5;113;1mmessage[0m [svc] 拓扑逻辑轰炸龙: [表情]那看来我还得去炼一炉diff
[38;5;8m2023-01-27 23:00:34[0m [D] [38;5;113;1mmessage[0m [svc] 呃呃: 确实
[38;5;8m2023-01-27 23:00:38[0m [D] [38;5;113;1mmessage[0m [svc] 开小灶: 而且丹炼了一半打不开了
[38;5;8m2023-01-27 23:00:40[0m [D] [38;5;113;1mmessage[0m [svc] 念: 话说九天网终于好了
[38;5;8m2023-01-27 23:00:44[0m [D] [38;5;113;1mmessage[0m [svc] 呃呃: wow
[38;5;8m2023-01-27 23:00:44[0m [D] [38;5;113;1mmessage[0m [svc] ⁢A60: 毕竟这是svc群
[38;5;8m2023-01-27 23:00:45[0m [D] [38;5;113;1mmessage[0m [svc] boisprune: 有没有群友帮忙测试一下咱的模型
[38;5;8m2023-01-27 23:00:45[0m [D] [38;5;113;1mmessage[0m [svc] 呃呃: wow
[38;5;8m2023-01-27 23:00:50[0m [D] [38;5;113;1mmessage[0m [svc] 呃呃: 我去炼丹了
[38;5;8m2023-01-27 23:00:50[0m [D] [38;5;113;1mmessage[0m [svc] 开小灶: 所以谁来救救
[38;5;8m2023-01-27 23:00:58[0m [D] [38;5;113;1mmessage[0m [svc] boisprune: 我感觉推理出来的歌曲吐字不清，而且音域太窄
[38;5;8m2023-01-27 23:01:01[0m [D] [38;5;113;1mmessage[0m [svc] boisprune: https://huggingface.co/spaces/kohrisatou-infinity/KIP_01_beta
[38;5;8m2023-01-27 23:01:05[0m [D] [38;5;113;1mmessage[0m [svc] .: 怎么定义有木有基础是最重要的
[38;5;8m2023-01-27 23:01:07[0m [D] [38;5;113;1mmessage[0m [svc] 少灬杰: @ @ 就拿这个群吧
[38;5;8m2023-01-27 23:01:07[0m [D] [38;5;113;1mmessage[0m [svc] 念: 现在去装冷月的依赖了
[38;5;8m2023-01-27 23:01:07[0m [D] [38;5;113;1mmessage[0m [svc] 开小灶: #pack [图片][图片]
[38;5;8m2023-01-27 23:01:10[0m [D] [38;5;113;1mmessage[0m [svc] ⁢A60: 吐字不清很正常
[38;5;8m2023-01-27 23:01:29[0m [D] [38;5;113;1mmessage[0m [svc] boisprune: @ 主要是音域
[38;5;8m2023-01-27 23:01:29[0m [D] [38;5;113;1mmessage[0m [svc] 开小灶: @ @ autodl有镜像喵
[38;5;8m2023-01-27 23:01:34[0m [D] [38;5;113;1mmessage[0m [svc] 红血球AE3803: 有的新人估计只是要模型，而不是炼丹
[38;5;8m2023-01-27 23:01:35[0m [D] [38;5;113;1mmessage[0m [svc] boisprune: 很蛋疼
[38;5;8m2023-01-27 23:01:42[0m [D] [38;5;113;1mmessage[0m [svc] 念: autodl现在没钱用
[38;5;8m2023-01-27 23:01:50[0m [D] [38;5;113;1mmessage[0m [svc] 拓扑逻辑轰炸龙: 有一说一，我是从sovits的频道找的这个群
[38;5;8m2023-01-27 23:01:52[0m [D] [38;5;113;1mmessage[0m [svc] 念: 现在在解决九天的问题
[38;5;8m2023-01-27 23:02:00[0m [D] [38;5;113;1mmessage[0m [svc] ニア: 有一说一
[38;5;8m2023-01-27 23:02:07[0m [D] [38;5;113;1mmessage[0m [svc] ニア: 你有了模型还要搭环境才能推理
[38;5;8m2023-01-27 23:02:08[0m [D] [38;5;113;1mmessage[0m [svc] 呃呃: @ 我也是sovits教程入的群
[38;5;8m2023-01-27 23:02:27[0m [D] [38;5;113;1mmessage[0m [svc] 呃呃: 搭建环境就能刷掉一大堆小白了
[38;5;8m2023-01-27 23:02:36[0m [D] [38;5;113;1mmessage[0m [svc] 呃呃: 我敢这样说
[38;5;8m2023-01-27 23:02:42[0m [D] [38;5;113;1mmessage[0m [svc] 开小灶: @ @所以谁来救救我！！！
[38;5;8m2023-01-27 23:03:13[0m [D] [38;5;113;1mmessage[0m [svc] 开小灶: 炼了一下午想接着练打不开
[38;5;8m2023-01-27 23:03:21[0m [D] [38;5;113;1mmessage[0m [svc] 红血球AE3803: @ @ 我刚进这个群的时候，也是sovits，后来才搞的diffsvc，再后来搞的diffsinger
[38;5;8m2023-01-27 23:03:25[0m [D] [38;5;113;1mmessage[0m [svc] 念: 现在炼丹来证明
[38;5;8m2023-01-27 23:03:32[0m [D] [38;5;113;1mmessage[0m [svc] 开小灶: @ @ 让他们发个conda环境的requirement.txt
[38;5;8m2023-01-27 23:03:36[0m [D] [38;5;113;1mmessage[0m [svc] 开小灶: 怎么样
[38;5;8m2023-01-27 23:03:46[0m [D] [38;5;113;1mmessage[0m [svc] 呃呃: @ 我是为了sovits进来的
[38;5;8m2023-01-27 23:03:56[0m [D] [38;5;113;1mmessage[0m [svc] 念: 装环境也简单啊
[38;5;8m2023-01-27 23:04:02[0m [D] [38;5;113;1mmessage[0m [svc] 呃呃: 还有啊，我觉得大部分小白是进来下群文件的
[38;5;8m2023-01-27 23:04:09[0m [D] [38;5;113;1mmessage[0m [svc] ⁢A60: 对于0基础的人
[38;5;8m2023-01-27 23:04:14[0m [D] [38;5;113;1mmessage[0m [svc] 拓扑逻辑轰炸龙: 呃呃，就各个项目的requirement.txt
[38;5;8m2023-01-27 23:04:15[0m [D] [38;5;113;1mmessage[0m [svc] ⁢A60: 装环境不简单
[38;5;8m2023-01-27 23:04:23[0m [D] [38;5;113;1mmessage[0m [svc] 念: 本地装还不简单？
[38;5;8m2023-01-27 23:04:23[0m [D] [38;5;113;1mmessage[0m [svc] 呃呃:  conda和pip报错很折磨人的
[38;5;8m2023-01-27 23:04:28[0m [D] [38;5;113;1mmessage[0m [svc] 嗝。: 我是来这聊天的
[38;5;8m2023-01-27 23:04:30[0m [D] [38;5;113;1mmessage[0m [svc] 拓扑逻辑轰炸龙: 不改没一个我跑的通的[表情]
[38;5;8m2023-01-27 23:04:31[0m [D] [38;5;113;1mmessage[0m [svc] 念: 九天这种代理垃圾的
[38;5;8m2023-01-27 23:04:37[0m [D] [38;5;113;1mmessage[0m [svc] 念: 才是折磨
[38;5;8m2023-01-27 23:04:45[0m [D] [38;5;113;1mmessage[0m [svc] 开小灶: 正确的
[38;5;8m2023-01-27 23:04:46[0m [D] [38;5;113;1mmessage[0m [svc] 呃呃: 免费的
[38;5;8m2023-01-27 23:04:46[0m [D] [38;5;113;1mmessage[0m [svc] ⁢A60: 零基础的人
[38;5;8m2023-01-27 23:04:46[0m [D] [38;5;113;1mmessage[0m [svc] 拓扑逻辑轰炸龙: 可能我这边环境比较奇怪
[38;5;8m2023-01-27 23:04:54[0m [D] [38;5;113;1mmessage[0m [svc] ⁢A60: 你让他解压文件都费劲
[38;5;8m2023-01-27 23:04:58[0m [D] [38;5;113;1mmessage[0m [svc] ⁢A60: 还指望他装环境？
[38;5;8m2023-01-27 23:05:00[0m [D] [38;5;113;1mmessage[0m [svc] ⁢A60: 扯啥呢
[38;5;8m2023-01-27 23:05:08[0m [D] [38;5;113;1mmessage[0m [svc] 謬紗特 ゚゚゚゚゚゚゚゚: conda和pip能报的错只有ssl error和找不到torch➕cu
[38;5;8m2023-01-27 23:05:08[0m [D] [38;5;113;1mmessage[0m [svc] ニア: req里的torch要根据自己的cuda版本改
[38;5;8m2023-01-27 23:05:10[0m [D] [38;5;113;1mmessage[0m [svc] 呃呃: 确实，对于无脑小白来说
[38;5;8m2023-01-27 23:05:14[0m [D] [38;5;113;1mmessage[0m [svc] 呃呃: 是无脑小白
[38;5;8m2023-01-27 23:05:28[0m [D] [38;5;113;1mmessage[0m [svc] 开小灶: @ @  pip cannot solve...
[38;5;8m2023-01-27 23:05:36[0m [D] [38;5;113;1mmessage[0m [svc] 开小灶: 没遇到过?
[38;5;8m2023-01-27 23:05:47[0m [D] [38;5;113;1mmessage[0m [svc] 拓扑逻辑轰炸龙: @ @ conda能报500[表情]
[38;5;8m2023-01-27 23:05:54[0m [D] [38;5;113;1mmessage[0m [svc] 嗝。: pip 瞎几把下之术
[38;5;8m2023-01-27 23:05:57[0m [D] [38;5;113;1mmessage[0m [svc] 謬紗特 ゚゚゚゚゚゚゚゚: [图片]
[38;5;8m2023-01-27 23:06:17[0m [D] [38;5;113;1mmessage[0m [svc] 开小灶: 还有源
[38;5;8m2023-01-27 23:06:20[0m [D] [38;5;113;1mmessage[0m [svc] 謬紗特 ゚゚゚゚゚゚゚゚: 网不好这个没救
[38;5;8m2023-01-27 23:06:30[0m [D] [38;5;113;1mmessage[0m [svc] 开小灶: 有些东西阿里源没有只有清华源有
[38;5;8m2023-01-27 23:06:40[0m [D] [38;5;113;1mmessage[0m [svc] 红血球AE3803: 我是直接运行时候缺什么补什么[表情]
[38;5;8m2023-01-27 23:06:43[0m [D] [38;5;113;1mmessage[0m [svc] 拓扑逻辑轰炸龙: @ @ 报500我是重装anconda解决的[表情]
[38;5;8m2023-01-27 23:06:52[0m [D] [38;5;113;1mmessage[0m [svc] 少灬杰: 所以你们真的打算建硬核交流群吗？
[38;5;8m2023-01-27 23:06:52[0m [D] [38;5;113;1mmessage[0m [svc] 呃呃: 我也是@ 
[38;5;8m2023-01-27 23:06:55[0m [D] [38;5;113;1mmessage[0m [svc] 嗝。: pip 啥源也不用就在干等之术
[38;5;8m2023-01-27 23:06:55[0m [D] [38;5;113;1mmessage[0m [svc] 拓扑逻辑轰炸龙: 还有各种组件的版本
[38;5;8m2023-01-27 23:06:58[0m [I] [38;5;78;1mapp[0m apply plugin [38;5;78mhuanlin-welcome:qgs4qz[0m
[38;5;8m2023-01-27 23:07:06[0m [D] [38;5;113;1mmessage[0m [svc] 呃呃: 我感觉可以@ 
[38;5;8m2023-01-27 23:07:09[0m [D] [38;5;113;1mmessage[0m [svc] 拓扑逻辑轰炸龙: 举个例子就是sovits那个pth转onnx
[38;5;8m2023-01-27 23:07:13[0m [D] [38;5;113;1mmessage[0m [svc] 红血球AE3803: 毕竟有时候req......txt给的依赖也并不全
[38;5;8m2023-01-27 23:07:26[0m [D] [38;5;113;1mmessage[0m [svc] 呃呃: 起码我们需要一个良好的技术交流环境@ 
[38;5;8m2023-01-27 23:07:50[0m [D] [38;5;113;1mmessage[0m [svc] ニア: diff-svc的req就是因为torch安装出了问题，导致其他的包没装上
[38;5;8m2023-01-27 23:07:59[0m [D] [38;5;113;1mmessage[0m [svc] 呃呃: 本地搭个镜像站，一段时间同步一次[表情]
[38;5;8m2023-01-27 23:07:59[0m [D] [38;5;113;1mmessage[0m [svc] ⁢A60: 硬核交流群不是很有必要
[38;5;8m2023-01-27 23:08:07[0m [D] [38;5;113;1mmessage[0m [svc] 开小灶: #pack所以有没有大佬救救 [图片][图片]
[38;5;8m2023-01-27 23:08:08[0m [D] [38;5;113;1mmessage[0m [svc] ⁢A60: 但是防止有小白给大伙增加血压很重要
[38;5;8m2023-01-27 23:08:12[0m [D] [38;5;113;1mmessage[0m [svc] 呃呃: 但是分群我感觉可以
[38;5;8m2023-01-27 23:08:13[0m [D] [38;5;113;1mmessage[0m [svc] ニア: 本来req是齐全的
[38;5;8m2023-01-27 23:08:14[0m [D] [38;5;113;1mmessage[0m [svc] 嗝。: 我按re装的咋啥事没有[表情]
[38;5;8m2023-01-27 23:08:19[0m [D] [38;5;113;1mmessage[0m [svc] 拓扑逻辑轰炸龙: req里的torch我就没装成功过
[38;5;8m2023-01-27 23:08:27[0m [D] [38;5;113;1mmessage[0m [svc] 拓扑逻辑轰炸龙: 都得用官网源
[38;5;8m2023-01-27 23:08:42[0m [D] [38;5;113;1mmessage[0m [svc] 謬紗特 ゚゚゚゚゚゚゚゚: 国内源必装不上cudatorch
[38;5;8m2023-01-27 23:08:53[0m [D] [38;5;113;1mmessage[0m [svc] 呃呃: 对
[38;5;8m2023-01-27 23:09:04[0m [D] [38;5;113;1mmessage[0m [svc] 念: 九天上的冷月的依赖req
[38;5;8m2023-01-27 23:09:05[0m [D] [38;5;113;1mmessage[0m [svc] 呃呃: 官网源速度还可以吧
[38;5;8m2023-01-27 23:09:08[0m [D] [38;5;113;1mmessage[0m [svc] 念: 应该没问题了
[38;5;8m2023-01-27 23:09:31[0m [D] [38;5;113;1mmessage[0m [svc] 拓扑逻辑轰炸龙: 所以实际上教程的那个环境命令很多人也是装不上[表情]
[38;5;8m2023-01-27 23:09:57[0m [D] [38;5;113;1mmessage[0m [svc] 謬紗特 ゚゚゚゚゚゚゚゚: @ 不保证能连上
[38;5;8m2023-01-27 23:10:03[0m [D] [38;5;113;1mmessage[0m [svc] 謬紗特 ゚゚゚゚゚゚゚゚: 就像github
[38;5;8m2023-01-27 23:10:17[0m [D] [38;5;113;1mmessage[0m [svc] 呃呃: 确实，但是连上了速度还可以
[38;5;8m2023-01-27 23:10:25[0m [D] [38;5;113;1mmessage[0m [svc] 呃呃: 不会慢的夸张
[38;5;8m2023-01-27 23:10:29[0m [D] [38;5;113;1mmessage[0m [svc] ニア: 笑死，云服务器根本打不开github
[38;5;8m2023-01-27 23:10:32[0m [D] [38;5;113;1mmessage[0m [svc] 多玩幻灵qwq: jupyterlab的默认密码是多少来着
[38;5;8m2023-01-27 23:10:35[0m [D] [38;5;113;1mmessage[0m [svc] 念: 我本地就不换源
[38;5;8m2023-01-27 23:10:45[0m [D] [38;5;113;1mmessage[0m [svc] 念: 我都是直接开梯子下的
[38;5;8m2023-01-27 23:10:54[0m [D] [38;5;113;1mmessage[0m [svc] 拓扑逻辑轰炸龙: @ @ 不是随机密码么
[38;5;8m2023-01-27 23:11:24[0m [D] [38;5;113;1mmessage[0m [svc] 呃呃: 我去本地练一炉diffsvc试试
[38;5;8m2023-01-27 23:11:36[0m [D] [38;5;113;1mmessage[0m [svc] 多玩幻灵qwq: @ @ 不是的
[38;5;8m2023-01-27 23:11:40[0m [D] [38;5;113;1mmessage[0m [svc] 呃呃: 九天的网给我折磨疯了
[38;5;8m2023-01-27 23:11:53[0m [D] [38;5;113;1mmessage[0m [svc] 謬紗特 ゚゚゚゚゚゚゚゚: 富哥剩余的显存分我点
[38;5;8m2023-01-27 23:12:03[0m [D] [38;5;113;1mmessage[0m [svc] 呃呃: ？
[38;5;8m2023-01-27 23:12:04[0m [D] [38;5;113;1mmessage[0m [svc] 謬紗特 ゚゚゚゚゚゚゚゚: 怎么你们都能本地开炉啊
[38;5;8m2023-01-27 23:12:09[0m [D] [38;5;113;1mmessage[0m [svc] 呃呃: 额
[38;5;8m2023-01-27 23:12:10[0m [D] [38;5;113;1mmessage[0m [svc] 多玩幻灵qwq: 我也想问
[38;5;8m2023-01-27 23:12:12[0m [D] [38;5;113;1mmessage[0m [svc] 謬紗特 ゚゚゚゚゚゚゚゚: 就我不能本地炼吗
[38;5;8m2023-01-27 23:12:20[0m [D] [38;5;113;1mmessage[0m [svc] 呃呃: 我一直本地炼丹
[38;5;8m2023-01-27 23:12:26[0m [D] [38;5;113;1mmessage[0m [svc] 祐不知苏: [图片]
[38;5;8m2023-01-27 23:12:28[0m [D] [38;5;113;1mmessage[0m [svc] 謬紗特 ゚゚゚゚゚゚゚゚: [图片]
[38;5;8m2023-01-27 23:12:41[0m [D] [38;5;113;1mmessage[0m [svc] 祐不知苏: 本地练novelai练坏了
[38;5;8m2023-01-27 23:12:51[0m [D] [38;5;113;1mmessage[0m [svc] 呃呃: 3090ti的参数甚至比一些专业卡还夸张
[38;5;8m2023-01-27 23:12:54[0m [D] [38;5;113;1mmessage[0m [svc] 祐不知苏: 不敢整了
[38;5;8m2023-01-27 23:12:59[0m [D] [38;5;113;1mmessage[0m [svc] 呃呃: 24g显存足够了
[38;5;8m2023-01-27 23:13:16[0m [D] [38;5;113;1mmessage[0m [svc] 😂Luce😂: 3090矿卡还能一战
[38;5;8m2023-01-27 23:13:27[0m [D] [38;5;113;1mmessage[0m [svc] 待我红袖: [图片] 。 [图片]
[38;5;8m2023-01-27 23:13:33[0m [D] [38;5;113;1mmessage[0m [svc] 念: 我要是有3090还用被网络折磨？😭
[38;5;8m2023-01-27 23:13:40[0m [D] [38;5;113;1mmessage[0m [svc] 拓扑逻辑轰炸龙: 我本地推理都费劲
[38;5;8m2023-01-27 23:13:41[0m [D] [38;5;113;1mmessage[0m [svc] 呃呃: 额
[38;5;8m2023-01-27 23:13:41[0m [D] [38;5;113;1mmessage[0m [svc] ⁢A60: 呃
[38;5;8m2023-01-27 23:13:45[0m [D] [38;5;113;1mmessage[0m [svc] ⁢A60: 这啥几把傻逼气泡
[38;5;8m2023-01-27 23:13:48[0m [D] [38;5;113;1mmessage[0m [svc] 多玩幻灵qwq: [图片]
[38;5;8m2023-01-27 23:13:52[0m [D] [38;5;113;1mmessage[0m [svc] 拓扑逻辑轰炸龙: 平时短的cpu推一下
[38;5;8m2023-01-27 23:13:52[0m [D] [38;5;113;1mmessage[0m [svc] ⁢A60: 乐了
[38;5;8m2023-01-27 23:13:53[0m [D] [38;5;113;1mmessage[0m [svc] 嗝。: @ @ 你这买矿了吧
[38;5;8m2023-01-27 23:13:53[0m [D] [38;5;113;1mmessage[0m [svc] 多玩幻灵qwq: .ban @  1h
[38;5;8m2023-01-27 23:13:57[0m [D] [38;5;113;1mmessage[0m [svc] 嗝。: [图片]
[38;5;8m2023-01-27 23:14:06[0m [D] [38;5;113;1mmessage[0m [svc] 呃呃: @ ？
[38;5;8m2023-01-27 23:14:07[0m [D] [38;5;113;1mmessage[0m [svc] 多玩幻灵qwq: .ban @   1
[38;5;8m2023-01-27 23:14:23[0m [D] [38;5;113;1mmessage[0m [svc] ⁢A60: ？
[38;5;8m2023-01-27 23:14:24[0m [D] [38;5;113;1mmessage[0m [svc] ⁢A60: [图片]
[38;5;8m2023-01-27 23:14:24[0m [D] [38;5;113;1mmessage[0m [svc] 待我红袖: 哦吼
[38;5;8m2023-01-27 23:14:29[0m [D] [38;5;113;1mmessage[0m [svc] ⁢A60: 你？
[38;5;8m2023-01-27 23:14:36[0m [D] [38;5;113;1mmessage[0m [svc] 多玩幻灵qwq: @ @ 重复了
[38;5;8m2023-01-27 23:14:40[0m [D] [38;5;113;1mmessage[0m [svc] .: 有大佬试过2070s本地跑吗，九天演我[表情]实在不行，我就用本地跑了
[38;5;8m2023-01-27 23:14:41[0m [D] [38;5;113;1mmessage[0m [svc] 多玩幻灵qwq: 因为我在debug（（
[38;5;8m2023-01-27 23:14:51[0m [D] [38;5;113;1mmessage[0m [NovelAi playground] VMware01: rr reimu
[38;5;8m2023-01-27 23:14:51[0m [D] [38;5;113;1mmessage[0m [NovelAi playground] 堇年: 在画了在画了
[38;5;8m2023-01-27 23:14:51[0m [D] [38;5;113;1mmessage[0m [NovelAi playground] 树枝666: 你就在此地不要走动，等我给你画一幅
[38;5;8m2023-01-27 23:14:53[0m [D] [38;5;113;1mmessage[0m [svc] 红血球AE3803: @ @ jypyterlab启动后会给个初始token。然后那个token可以拿来直接登录和在设置密码那栏设置密码
[38;5;8m2023-01-27 23:14:55[0m [D] [38;5;113;1mmessage[0m [svc] 开小灶: 我发现一个神奇的现象
[38;5;8m2023-01-27 23:14:56[0m [D] [38;5;113;1mmessage[0m [NovelAi playground] 堇年: [合并转发]你的QQ暂不支持查看[转发多条消息]，请期待后续版本。
[38;5;8m2023-01-27 23:15:02[0m [D] [38;5;113;1mmessage[0m [NovelAi playground] 树枝666: [合并转发]你的QQ暂不支持查看[转发多条消息]，请期待后续版本。
[38;5;8m2023-01-27 23:15:06[0m [D] [38;5;113;1mmessage[0m [svc] 开小灶: 冷月佬的多卡
[38;5;8m2023-01-27 23:15:08[0m [D] [38;5;113;1mmessage[0m [svc] 拓扑逻辑轰炸龙: @ @ 我2070是完全没戏
[38;5;8m2023-01-27 23:15:12[0m [D] [38;5;113;1mmessage[0m [svc] 开小灶: 跑得比单卡还慢
[38;5;8m2023-01-27 23:15:14[0m [D] [38;5;113;1mmessage[0m [svc] 多玩幻灵qwq: @ @ okok
[38;5;8m2023-01-27 23:15:16[0m [D] [38;5;113;1mmessage[0m [svc] 开小灶: 这是为什么捏
[38;5;8m2023-01-27 23:15:17[0m [D] [38;5;113;1mmessage[0m [svc] 謬紗特 ゚゚゚゚゚゚゚゚: @ 8g炼丹bs太小了  四五天起步
[38;5;8m2023-01-27 23:15:20[0m [D] [38;5;113;1mmessage[0m [svc] 拓扑逻辑轰炸龙: diff估计推理可以
[38;5;8m2023-01-27 23:15:35[0m [D] [38;5;113;1mmessage[0m [svc] 呃呃: 推理一视同仁啊
[38;5;8m2023-01-27 23:15:36[0m [D] [38;5;113;1mmessage[0m [svc] 拓扑逻辑轰炸龙: sovits推理都不够[表情]
[38;5;8m2023-01-27 23:15:36[0m [I] [38;5;167;1mwatch[0m reload plugin at [38;5;167mplugins\huanlin-welcome\src\index.tsx[0m
[38;5;8m2023-01-27 23:15:39[0m [D] [38;5;113;1mmessage[0m [svc] .: @ @ 行吧，只能继续犟九天了
[38;5;8m2023-01-27 23:15:43[0m [D] [38;5;113;1mmessage[0m [svc] 呃呃: 我这长音频也炸显存
[38;5;8m2023-01-27 23:15:53[0m [D] [38;5;113;1mmessage[0m [svc] 红血球AE3803: @ @ 每次启动token都不一样
[38;5;8m2023-01-27 23:16:06[0m [D] [38;5;113;1mmessage[0m [svc] 拓扑逻辑轰炸龙: 我现在sovits推理用colab
[38;5;8m2023-01-27 23:16:07[0m [D] [38;5;113;1mmessage[0m [svc] 呃呃: @ 可以试试autodl，我记得送10元代金券
[38;5;8m2023-01-27 23:16:13[0m [D] [38;5;113;1mmessage[0m [svc] 祐不知苏:                     
[38;5;8m2023-01-27 23:16:29[0m [D] [38;5;113;1mmessage[0m [NovelAi playground] 成分复杂的东方众: [图片]
[38;5;8m2023-01-27 23:16:32[0m [D] [38;5;113;1mmessage[0m [svc] 謬紗特 ゚゚゚゚゚゚゚゚:                     
[38;5;8m2023-01-27 23:16:37[0m [D] [38;5;113;1mmessage[0m [svc] 呃呃:                     
[38;5;8m2023-01-27 23:16:37[0m [D] [38;5;113;1mmessage[0m [svc] 少灬杰:                     
[38;5;8m2023-01-27 23:16:38[0m [D] [38;5;113;1mmessage[0m [svc] .: @ @  OKOK，我去研究看看，穷哥们不是很能用得起比较好的服务器
[38;5;8m2023-01-27 23:16:38[0m [D] [38;5;113;1mmessage[0m [svc] 祐不知苏: [图片]
[38;5;8m2023-01-27 23:16:59[0m [D] [38;5;113;1mmessage[0m [svc] 呃呃: [图片]
[38;5;8m2023-01-27 23:17:03[0m [D] [38;5;113;1mmessage[0m [svc] 多玩幻灵qwq: [图片]
[38;5;8m2023-01-27 23:17:04[0m [D] [38;5;113;1mmessage[0m [svc] 多玩幻灵qwq: 尼玛
[38;5;8m2023-01-27 23:17:12[0m [D] [38;5;113;1mmessage[0m [svc] 多玩幻灵qwq: openi这网速
[38;5;8m2023-01-27 23:17:15[0m [D] [38;5;113;1mmessage[0m [svc] 多玩幻灵qwq: 我想给她干了
[38;5;8m2023-01-27 23:17:44[0m [D] [38;5;113;1mmessage[0m [svc] 呃呃: 九天现在网怎么样了
[38;5;8m2023-01-27 23:17:54[0m [D] [38;5;113;1mmessage[0m [svc] 嗝。: @ 上梯子呀
[38;5;8m2023-01-27 23:18:08[0m [D] [38;5;113;1mmessage[0m [svc] 謬紗特 ゚゚゚゚゚゚゚゚: 九天上锤子梯子
[38;5;8m2023-01-27 23:18:08[0m [D] [38;5;113;1mmessage[0m [svc] 呃呃: 我算力豆整没了
[38;5;8m2023-01-27 23:18:09[0m [D] [38;5;113;1mmessage[0m [svc] 謬紗特 ゚゚゚゚゚゚゚゚: ？
[38;5;8m2023-01-27 23:18:27[0m [D] [38;5;113;1mmessage[0m [svc] 嗝。: 哦我以为本地在搞
[38;5;8m2023-01-27 23:18:34[0m [I] [38;5;167;1mwatch[0m reload plugin at [38;5;167mplugins\huanlin-welcome\src\index.tsx[0m
[38;5;8m2023-01-27 23:18:40[0m [D] [38;5;113;1mmessage[0m [svc] 拓扑逻辑轰炸龙: 九天自带个梯子
[38;5;8m2023-01-27 23:18:42[0m [D] [38;5;113;1mmessage[0m [svc] 多玩幻灵qwq: 这是openi
[38;5;8m2023-01-27 23:18:46[0m [D] [38;5;113;1mmessage[0m [svc] 多玩幻灵qwq: 不是九天
[38;5;8m2023-01-27 23:18:54[0m [D] [38;5;113;1mmessage[0m [svc] 拓扑逻辑轰炸龙: 然后那梯子疯狂抽风[表情]
[38;5;8m2023-01-27 23:18:54[0m [D] [38;5;113;1mmessage[0m [svc] 多玩幻灵qwq: 别看到jupyterlab就喊九天。。
[38;5;8m2023-01-27 23:19:01[0m [D] [38;5;113;1mmessage[0m [svc] 呃呃: @ autodl配置环境很简单，先上上手
[38;5;8m2023-01-27 23:19:05[0m [D] [38;5;113;1mmessage[0m [svc] 呃呃: 很好用的
[38;5;8m2023-01-27 23:19:10[0m [D] [38;5;113;1mmessage[0m [svc] 红血球AE3803: @ @ adl也有这个吧
[38;5;8m2023-01-27 23:19:28[0m [D] [38;5;113;1mmessage[0m [svc] 呃呃: autodl也有吧
[38;5;8m2023-01-27 23:19:31[0m [D] [38;5;113;1mmessage[0m [svc] 多玩幻灵qwq: y
[38;5;8m2023-01-27 23:19:41[0m [D] [38;5;113;1mmessage[0m [svc] 謬紗特 ゚゚゚゚゚゚゚゚: 没差  还是国内的平台
[38;5;8m2023-01-27 23:19:45[0m [D] [38;5;113;1mmessage[0m [svc] 苏颜白: @ @ 正常的
[38;5;8m2023-01-27 23:19:52[0m [D] [38;5;113;1mmessage[0m [svc] 謬紗特 ゚゚゚゚゚゚゚゚: openi不要钱吗
[38;5;8m2023-01-27 23:19:59[0m [D] [38;5;113;1mmessage[0m [svc] 红血球AE3803: 可能默认是国外镜像
[38;5;8m2023-01-27 23:20:00[0m [D] [38;5;113;1mmessage[0m [svc] 苏颜白: 不要
[38;5;8m2023-01-27 23:20:03[0m [D] [38;5;113;1mmessage[0m [svc] 红血球AE3803: pip
[38;5;8m2023-01-27 23:20:03[0m [D] [38;5;113;1mmessage[0m [svc] 多玩幻灵qwq: 不要的
[38;5;8m2023-01-27 23:20:15[0m [D] [38;5;113;1mmessage[0m [svc] 苏颜白: @ @ ？
[38;5;8m2023-01-27 23:20:23[0m [D] [38;5;113;1mmessage[0m [svc] 多玩幻灵qwq: 草了
[38;5;8m2023-01-27 23:20:25[0m [D] [38;5;113;1mmessage[0m [svc] 多玩幻灵qwq: 怎么发了三分
[38;5;8m2023-01-27 23:20:27[0m [D] [38;5;113;1mmessage[0m [svc] 呃呃: ？
[38;5;8m2023-01-27 23:20:33[0m [D] [38;5;113;1mmessage[0m [svc] 苏颜白: ？
[38;5;8m2023-01-27 23:20:33[0m [D] [38;5;113;1mmessage[0m [svc] ⁢A60: 呃
[38;5;8m2023-01-27 23:20:36[0m [D] [38;5;113;1mmessage[0m [svc] ⁢A60: 你这
[38;5;8m2023-01-27 23:20:40[0m [D] [38;5;113;1mmessage[0m [svc] 红血球AE3803: @ @ 出bug了？
[38;5;8m2023-01-27 23:20:46[0m [D] [38;5;113;1mmessage[0m [svc] ⁢A60: 乐
[38;5;8m2023-01-27 23:20:51[0m [D] [38;5;113;1mmessage[0m [svc] 多玩幻灵qwq: 哦哦 同时进了两个人
[38;5;8m2023-01-27 23:20:52[0m [D] [38;5;113;1mmessage[0m [svc] 苏颜白: @ @ ？
[38;5;8m2023-01-27 23:20:57[0m [D] [38;5;113;1mmessage[0m [svc] 多玩幻灵qwq: 总共4份
[38;5;8m2023-01-27 23:21:03[0m [D] [38;5;113;1mmessage[0m [svc] 多玩幻灵qwq: 关闭被动恢复
[38;5;8m2023-01-27 23:21:11[0m [D] [38;5;113;1mmessage[0m [svc] 多玩幻灵qwq: 管理员帮助
[38;5;8m2023-01-27 23:21:25[0m [D] [38;5;113;1mmessage[0m [svc] 謬紗特 ゚゚゚゚゚゚゚゚: @ openi推荐人有东西领吗
[38;5;8m2023-01-27 23:21:30[0m [D] [38;5;113;1mmessage[0m [svc] 多玩幻灵qwq: 没吧
[38;5;8m2023-01-27 23:21:31[0m [D] [38;5;113;1mmessage[0m [svc] 多玩幻灵qwq: 不知道
[38;5;8m2023-01-27 23:21:32[0m [D] [38;5;113;1mmessage[0m [svc] 謬紗特 ゚゚゚゚゚゚゚゚: 我去创个号看看
[38;5;8m2023-01-27 23:21:46[0m [D] [38;5;113;1mmessage[0m [svc] 少灬杰: @ @ 点名表扬
[38;5;8m2023-01-27 23:22:14[0m [D] [38;5;113;1mmessage[0m [svc] 呃呃: 这个答案很抽象
[38;5;8m2023-01-27 23:22:20[0m [D] [38;5;113;1mmessage[0m [svc] 红血球AE3803: @ @ @ 这个能关吗
[38;5;8m2023-01-27 23:22:40[0m [D] [38;5;113;1mmessage[0m [svc] ⁢A60: 为什么要开个聊天功能
[38;5;8m2023-01-27 23:22:43[0m [D] [38;5;113;1mmessage[0m [svc] ⁢A60: 这不是管理bot吗
[38;5;8m2023-01-27 23:22:46[0m [D] [38;5;113;1mmessage[0m [svc] 多玩幻灵qwq: @ @ 我在找了
[38;5;8m2023-01-27 23:22:51[0m [D] [38;5;113;1mmessage[0m [svc] ⁢A60: 整这么多没用的干啥
[38;5;8m2023-01-27 23:22:54[0m [D] [38;5;113;1mmessage[0m [svc] 多玩幻灵qwq: @ @ 这是zhenxun的（（
[38;5;8m2023-01-27 23:22:55[0m [D] [38;5;113;1mmessage[0m [svc] ⁢A60: ？
[38;5;8m2023-01-27 23:23:00[0m [D] [38;5;113;1mmessage[0m [svc] ⁢A60: 呃呃
[38;5;8m2023-01-27 23:23:02[0m [D] [38;5;113;1mmessage[0m [svc] 多玩幻灵qwq: zhenxun_bot
[38;5;8m2023-01-27 23:23:04[0m [D] [38;5;113;1mmessage[0m [svc] 多玩幻灵qwq: 基于nonebot的
[38;5;8m2023-01-27 23:23:07[0m [D] [38;5;113;1mmessage[0m [svc] 多玩幻灵qwq: 我去关
[38;5;8m2023-01-27 23:23:08[0m [D] [38;5;113;1mmessage[0m [svc] ⁢A60: 我知道
[38;5;8m2023-01-27 23:23:17[0m [D] [38;5;113;1mmessage[0m [svc] 少灬杰: 关掉
[38;5;8m2023-01-27 23:23:19[0m [D] [38;5;113;1mmessage[0m [NovelAi playground] VMware01: st [图片]
[38;5;8m2023-01-27 23:23:23[0m [D] [38;5;113;1mmessage[0m [svc] 多玩幻灵qwq: 这破事挺多的
[38;5;8m2023-01-27 23:23:23[0m [D] [38;5;113;1mmessage[0m [NovelAi playground] nai: rr 1girl, ascot, bangs, bare shoulders, black hair, blush, bow, brown hair, detached sleeves, frilled bow, frilled hair tubes, frilled shirt collar, frills, gohei, hair bow, hair tubes, hakurei reimu, holding, long hair, looking at viewer, miko, nontraditional miko, orb, red bow, red eyes, ribbon-trimmed sleeves, ribbon trim, sidelocks, simple background, smile, solo, upper body, white background, wide sleeves, yellow ascot, yin yang
[38;5;8m2023-01-27 23:23:23[0m [D] [38;5;113;1mmessage[0m [NovelAi playground] Mirror: rr a girl holding a globe in her hands and a red bow on her head, with a white background, Alice Prin, global illumination, computer graphics, superflat
[38;5;8m2023-01-27 23:23:23[0m [D] [38;5;113;1mmessage[0m [svc] ⁢A60: 我bot都是一个bot一个功能
[38;5;8m2023-01-27 23:23:23[0m [D] [38;5;113;1mmessage[0m [NovelAi playground] 堇年: 在画了在画了
[38;5;8m2023-01-27 23:23:23[0m [D] [38;5;113;1mmessage[0m [NovelAi playground] 堇年: 等会再约稿吧，我已经忙不过来了……
[38;5;8m2023-01-27 23:23:24[0m [D] [38;5;113;1mmessage[0m [NovelAi playground] 树枝666: 在画了在画了，不过前面还有 1 个稿……
[38;5;8m2023-01-27 23:23:24[0m [D] [38;5;113;1mmessage[0m [NovelAi playground] 树枝666: 你就在此地不要走动，等我给你画一幅
[38;5;8m2023-01-27 23:23:28[0m [D] [38;5;113;1mmessage[0m [svc] ⁢A60: 除非本身就是娱乐bot
[38;5;8m2023-01-27 23:23:29[0m [D] [38;5;113;1mmessage[0m [svc] 多玩幻灵qwq: 我号少
[38;5;8m2023-01-27 23:23:31[0m [D] [38;5;113;1mmessage[0m [svc] ⁢A60: 不然功能很专一
[38;5;8m2023-01-27 23:23:31[0m [D] [38;5;113;1mmessage[0m [NovelAi playground] 堇年: [合并转发]你的QQ暂不支持查看[转发多条消息]，请期待后续版本。
[38;5;8m2023-01-27 23:23:39[0m [D] [38;5;113;1mmessage[0m [svc] 拓扑逻辑轰炸龙: 隔壁纸片人群已经没人聊ai了，全在bot修仙（
[38;5;8m2023-01-27 23:23:41[0m [D] [38;5;113;1mmessage[0m [NovelAi playground] 树枝666: [合并转发]你的QQ暂不支持查看[转发多条消息]，请期待后续版本。
[38;5;8m2023-01-27 23:23:43[0m [D] [38;5;113;1mmessage[0m [svc] ⁢A60: [图片]
[38;5;8m2023-01-27 23:23:44[0m [D] [38;5;113;1mmessage[0m [NovelAi playground] 树枝666: [合并转发]你的QQ暂不支持查看[转发多条消息]，请期待后续版本。
[38;5;8m2023-01-27 23:23:45[0m [D] [38;5;113;1mmessage[0m [svc] ⁢A60: 比如b站的bot
[38;5;8m2023-01-27 23:23:52[0m [D] [38;5;113;1mmessage[0m [svc] ⁢A60: 只干b站推送
[38;5;8m2023-01-27 23:23:57[0m [D] [38;5;113;1mmessage[0m [NovelAi playground] 堇年: [图片] rra girl holding a globe in her hands and a red bow on her head, with a white background, by NHK Animation
[38;5;8m2023-01-27 23:23:59[0m [D] [38;5;113;1mmessage[0m [svc] ⁢A60: 拿来玩的bot就是拿来玩
[38;5;8m2023-01-27 23:24:23[0m [D] [38;5;113;1mmessage[0m [svc] 多玩幻灵qwq: @ @ ddbot？
[38;5;8m2023-01-27 23:24:36[0m [D] [38;5;113;1mmessage[0m [svc] 呃呃: diffsvc频道那个bot推taffy的动态
[38;5;8m2023-01-27 23:24:38[0m [D] [38;5;113;1mmessage[0m [svc] ⁢A60: 这我自己写的
[38;5;8m2023-01-27 23:24:47[0m [D] [38;5;113;1mmessage[0m [svc] 多玩幻灵qwq: oo
[38;5;8m2023-01-27 23:24:56[0m [D] [38;5;113;1mmessage[0m [svc] 多玩幻灵qwq: 我去吧zhenxun干掉算了（（
[38;5;8m2023-01-27 23:24:59[0m [D] [38;5;113;1mmessage[0m [svc] ⁢A60: [图片]
[38;5;8m2023-01-27 23:25:02[0m [W] [38;5;214;1madapter[0m failed to connect to ws://106.52.111.188:7110/, code: 1006, will retry in 5s...
[38;5;8m2023-01-27 23:25:09[0m [W] [38;5;214;1madapter[0m failed to connect to ws://106.52.111.188:7110/, code: 1006, will retry in 5s...
[38;5;8m2023-01-27 23:25:16[0m [W] [38;5;214;1madapter[0m failed to connect to ws://106.52.111.188:7110/, code: 1006, will retry in 5s...
[38;5;8m2023-01-27 23:25:21[0m [I] [38;5;214;1madapter[0m connect to server: [38;5;214mws://106.52.111.188:7110/[0m
[38;5;8m2023-01-27 23:25:22[0m [D] [38;5;113;1mmessage[0m [svc] 呃呃: 说不准这个群里有雏草姬
[38;5;8m2023-01-27 23:25:35[0m [D] [38;5;113;1mmessage[0m [svc] ianini: 我是除草剂
[38;5;8m2023-01-27 23:25:42[0m [D] [38;5;113;1mmessage[0m [svc] 多玩幻灵qwq: @
[38;5;8m2023-01-27 23:25:44[0m [D] [38;5;113;1mmessage[0m [svc] 多玩幻灵qwq: 好了
[38;5;8m2023-01-27 23:26:47[0m [W] [38;5;129;1msession[0m Error: Timeout with request send_group_msg, args: {"group_id":"588056461","message":[{"type":"at","data":{"qq":"2914258026"}},{"type":"text","data":{"text":"欢迎各位来到测试群！"}},{"type":"text","data":{"text":"\n"}},{"type":"text","data":{"text":"请各位在开始动手实践前仔细阅读以下链接\u0001https://www.yuque.com/jiuwei-nui3d/qng6eg\u0002"}},{"type":"text","data":{"text":"\n"}},{"type":"text","data":{"text":"内含本群所有项目介绍"}},{"type":"text","data":{"text":"\n"}},{"type":"text","data":{"text":"以及，如果您有什么问题要问的话，请先阅读群文件中《提问的智慧》，按照文件提示去询问，成功率会大幅提升"}},{"type":"text","data":{"text":"\n"}},{"type":"text","data":{"text":"由于群管理精力有限，本群只解决代码自身的bug，"}},{"type":"text","data":{"text":"\n"}},{"type":"text","data":{"text":"其他请自行百度"}},{"type":"text","data":{"text":"\n"}},{"type":"text","data":{"text":"请在阅读完群公告后点击确认收到，未点击确认收到的群员提出的问题，本群群管有权不予回复"}},{"type":"text","data":{"text":"\n"}},{"type":"text","data":{"text":"最后，祝各位在技术的探索之旅玩的愉快~"}}]}
                            at Timeout._onTimeout (D:\Project\koishinew\node_modules\@satorijs\adapter-onebot\src\ws.ts:113:14)
                            at listOnTimeout (node:internal/timers:564:17)
                            at process.processTimers (node:internal/timers:507:7)
[38;5;8m2023-01-27 23:27:06[0m [I] [38;5;167;1mwatch[0m reload plugin at [38;5;167mplugins\huanlin-welcome\src\index.tsx[0m
