[38;5;8m2023-01-23 00:00:39[0m [W] [38;5;78;1mapp[0m max listener count (64) for event <ready> exceeded, which may be caused by a memory leak
[38;5;8m2023-01-23 00:02:06[0m [W] [38;5;78;1mapp[0m max listener count (64) for event <ready> exceeded, which may be caused by a memory leak
[38;5;8m2023-01-23 00:03:48[0m [W] [38;5;78;1mapp[0m max listener count (64) for event <ready> exceeded, which may be caused by a memory leak
[38;5;8m2023-01-23 00:04:18[0m [W] [38;5;78;1mapp[0m max listener count (64) for event <ready> exceeded, which may be caused by a memory leak
[38;5;8m2023-01-23 00:06:50[0m [I] [38;5;167;1mwatch[0m reload plugin at [38;5;167mplugins\editfile\src\index.ts[0m
[38;5;8m2023-01-23 00:08:19[0m [W] [38;5;78;1mapp[0m max listener count (64) for event <ready> exceeded, which may be caused by a memory leak
[38;5;8m2023-01-23 00:08:28[0m [I] [38;5;167;1mwatch[0m reload plugin at [38;5;167mplugins\editfile\src\index.ts[0m
[38;5;8m2023-01-23 00:10:18[0m [W] [38;5;78;1mapp[0m max listener count (64) for event <ready> exceeded, which may be caused by a memory leak
[38;5;8m2023-01-23 00:10:43[0m [W] [38;5;78;1mapp[0m max listener count (64) for event <ready> exceeded, which may be caused by a memory leak
[38;5;8m2023-01-23 00:13:38[0m [I] [38;5;167;1mwatch[0m reload plugin at [38;5;167mplugins\editfile\src\index.ts[0m
[38;5;8m2023-01-23 00:13:41[0m [W] [38;5;78;1mapp[0m max listener count (64) for event <ready> exceeded, which may be caused by a memory leak
[38;5;8m2023-01-23 00:14:12[0m [W] [38;5;78;1mapp[0m max listener count (64) for event <ready> exceeded, which may be caused by a memory leak
[38;5;8m2023-01-23 00:14:44[0m [W] [38;5;78;1mapp[0m max listener count (64) for event <ready> exceeded, which may be caused by a memory leak
[38;5;8m2023-01-23 00:15:19[0m [I] [38;5;167;1mwatch[0m reload plugin at [38;5;167mplugins\editfile\src\index.ts[0m
[38;5;8m2023-01-23 00:17:01[0m [W] [38;5;78;1mapp[0m max listener count (64) for event <ready> exceeded, which may be caused by a memory leak
[38;5;8m2023-01-23 00:18:46[0m [W] [38;5;78;1mapp[0m max listener count (64) for event <ready> exceeded, which may be caused by a memory leak
[38;5;8m2023-01-23 00:19:35[0m [I] [38;5;167;1mwatch[0m reload plugin at [38;5;167mplugins\editfile\src\index.ts[0m
[38;5;8m2023-01-23 00:23:38[0m [I] [38;5;167;1mwatch[0m reload plugin at [38;5;167mplugins\editfile\src\index.ts[0m
[38;5;8m2023-01-23 00:24:18[0m [W] [38;5;78;1mapp[0m max listener count (64) for event <ready> exceeded, which may be caused by a memory leak
[38;5;8m2023-01-23 00:25:28[0m [W] [38;5;78;1mapp[0m max listener count (64) for event <ready> exceeded, which may be caused by a memory leak
[38;5;8m2023-01-23 00:25:34[0m [W] [38;5;78;1mapp[0m max listener count (64) for event <ready> exceeded, which may be caused by a memory leak
[38;5;8m2023-01-23 00:26:44[0m [W] [38;5;78;1mapp[0m max listener count (64) for event <ready> exceeded, which may be caused by a memory leak
[38;5;8m2023-01-23 00:34:11[0m [W] [38;5;78;1mapp[0m max listener count (64) for event <ready> exceeded, which may be caused by a memory leak
[38;5;8m2023-01-23 00:36:32[0m [W] [38;5;78;1mapp[0m max listener count (64) for event <ready> exceeded, which may be caused by a memory leak
[38;5;8m2023-01-23 00:37:33[0m [W] [38;5;78;1mapp[0m max listener count (64) for event <ready> exceeded, which may be caused by a memory leak
[38;5;8m2023-01-23 00:37:44[0m [W] [38;5;78;1mapp[0m max listener count (64) for event <ready> exceeded, which may be caused by a memory leak
[38;5;8m2023-01-23 00:38:27[0m [W] [38;5;78;1mapp[0m max listener count (64) for event <ready> exceeded, which may be caused by a memory leak
[38;5;8m2023-01-23 00:38:52[0m [W] [38;5;78;1mapp[0m max listener count (64) for event <ready> exceeded, which may be caused by a memory leak
[38;5;8m2023-01-23 00:39:14[0m [W] [38;5;78;1mapp[0m max listener count (64) for event <ready> exceeded, which may be caused by a memory leak
[38;5;8m2023-01-23 00:40:15[0m [W] [38;5;78;1mapp[0m max listener count (64) for event <ready> exceeded, which may be caused by a memory leak
[38;5;8m2023-01-23 00:41:15[0m [W] [38;5;78;1mapp[0m max listener count (64) for event <ready> exceeded, which may be caused by a memory leak
[38;5;8m2023-01-23 00:43:57[0m [W] [38;5;78;1mapp[0m max listener count (64) for event <ready> exceeded, which may be caused by a memory leak
[38;5;8m2023-01-23 00:44:47[0m [W] [38;5;78;1mapp[0m max listener count (64) for event <ready> exceeded, which may be caused by a memory leak
[38;5;8m2023-01-23 00:45:48[0m [W] [38;5;78;1mapp[0m max listener count (64) for event <ready> exceeded, which may be caused by a memory leak
[38;5;8m2023-01-23 00:46:13[0m [W] [38;5;78;1mapp[0m max listener count (64) for event <ready> exceeded, which may be caused by a memory leak
[38;5;8m2023-01-23 00:46:22[0m [W] [38;5;78;1mapp[0m max listener count (64) for event <ready> exceeded, which may be caused by a memory leak
[38;5;8m2023-01-23 00:46:48[0m [W] [38;5;78;1mapp[0m max listener count (64) for event <ready> exceeded, which may be caused by a memory leak
[38;5;8m2023-01-23 00:48:01[0m [W] [38;5;78;1mapp[0m max listener count (64) for event <ready> exceeded, which may be caused by a memory leak
[38;5;8m2023-01-23 00:49:51[0m [W] [38;5;78;1mapp[0m max listener count (64) for event <ready> exceeded, which may be caused by a memory leak
[38;5;8m2023-01-23 00:57:26[0m [W] [38;5;78;1mapp[0m max listener count (64) for event <ready> exceeded, which may be caused by a memory leak
[38;5;8m2023-01-23 00:57:31[0m [W] [38;5;78;1mapp[0m max listener count (64) for event <ready> exceeded, which may be caused by a memory leak
[38;5;8m2023-01-23 00:58:22[0m [W] [38;5;78;1mapp[0m max listener count (64) for event <ready> exceeded, which may be caused by a memory leak
[38;5;8m2023-01-23 01:01:30[0m [W] [38;5;78;1mapp[0m max listener count (64) for event <ready> exceeded, which may be caused by a memory leak
[38;5;8m2023-01-23 01:01:53[0m [W] [38;5;78;1mapp[0m max listener count (64) for event <ready> exceeded, which may be caused by a memory leak
[38;5;8m2023-01-23 01:02:51[0m [W] [38;5;78;1mapp[0m max listener count (64) for event <ready> exceeded, which may be caused by a memory leak
[38;5;8m2023-01-23 01:03:24[0m [W] [38;5;78;1mapp[0m max listener count (64) for event <ready> exceeded, which may be caused by a memory leak
[38;5;8m2023-01-23 01:37:41[0m [I] [38;5;78;1mapp[0m apply plugin [38;5;78mgroup:entry[0m
[38;5;8m2023-01-23 01:37:41[0m [I] [38;5;78;1mapp[0m [38;5;15;1mKoishi/4.11.2[0m
[38;5;8m2023-01-23 01:37:41[0m [I] [38;5;78;1mapp[0m apply plugin [38;5;78mgroup:basic[0m
[38;5;8m2023-01-23 01:37:41[0m [I] [38;5;78;1mapp[0m apply plugin [38;5;78mlocales[0m
[38;5;8m2023-01-23 01:37:41[0m [I] [38;5;78;1mapp[0m apply plugin [38;5;78mrate-limit[0m
[38;5;8m2023-01-23 01:37:42[0m [I] [38;5;78;1mapp[0m apply plugin [38;5;78madmin[0m
[38;5;8m2023-01-23 01:37:42[0m [I] [38;5;78;1mapp[0m apply plugin [38;5;78manalytics[0m
[38;5;8m2023-01-23 01:37:42[0m [I] [38;5;78;1mapp[0m apply plugin [38;5;78mgroup:console[0m
[38;5;8m2023-01-23 01:37:42[0m [I] [38;5;78;1mapp[0m apply plugin [38;5;78mdataview[0m
[38;5;8m2023-01-23 01:37:42[0m [I] [38;5;78;1mapp[0m apply plugin [38;5;78minsight[0m
[38;5;8m2023-01-23 01:37:42[0m [I] [38;5;78;1mapp[0m apply plugin [38;5;78mconsole[0m
[38;5;8m2023-01-23 01:37:42[0m [I] [38;5;78;1mapp[0m apply plugin [38;5;78mlogger[0m
[38;5;8m2023-01-23 01:37:42[0m [I] [38;5;78;1mapp[0m apply plugin [38;5;78mmarket[0m
[38;5;8m2023-01-23 01:37:43[0m [I] [38;5;78;1mapp[0m apply plugin [38;5;78mstatus[0m
[38;5;8m2023-01-23 01:37:43[0m [I] [38;5;78;1mapp[0m apply plugin [38;5;78mgroup:database[0m
[38;5;8m2023-01-23 01:37:42[0m [I] [38;5;78;1mapp[0m apply plugin [38;5;78msandbox[0m
[38;5;8m2023-01-23 01:37:43[0m [I] [38;5;78;1mapp[0m apply plugin [38;5;78massets-local[0m
[38;5;8m2023-01-23 01:37:43[0m [I] [38;5;78;1mapp[0m apply plugin [38;5;78mgroup:adapter[0m
[38;5;8m2023-01-23 01:37:43[0m [I] [38;5;78;1mapp[0m apply plugin [38;5;78mdatabase-sqlite[0m
[38;5;8m2023-01-23 01:37:43[0m [I] [38;5;78;1mapp[0m apply plugin [38;5;78madapter-onebot[0m
[38;5;8m2023-01-23 01:37:43[0m [I] [38;5;78;1mapp[0m apply plugin [38;5;78mgocqhttp[0m
[38;5;8m2023-01-23 01:37:43[0m [I] [38;5;78;1mapp[0m apply plugin [38;5;78mpuppeteer:2oipri[0m
[38;5;8m2023-01-23 01:37:44[0m [W] [38;5;204;1massets[0m missing configuration "selfUrl", fallback to "file:" scheme
[38;5;8m2023-01-23 01:37:44[0m [I] [38;5;78;1mapp[0m apply plugin [38;5;78meditfile:r5cmr0[0m
[38;5;8m2023-01-23 01:37:44[0m [I] [38;5;78;1mapp[0m server listening at [38;5;78mhttp://localhost:5141[0m
[38;5;8m2023-01-23 01:37:45[0m [I] [38;5;221;1mpuppeteer[0m chrome executable found at [38;5;221mC:\Program Files\Google\Chrome\Application\chrome.exe[0m
[38;5;8m2023-01-23 01:37:45[0m [I] [38;5;92;1mlocales[0m loading locale zh.yml
[38;5;8m2023-01-23 01:37:45[0m [I] [38;5;214;1madapter[0m connect to server: [38;5;214mws://106.52.111.188:7110/[0m
[38;5;8m2023-01-23 13:54:17[0m [I] [38;5;78;1mapp[0m [38;5;15;1mKoishi/4.11.2[0m
[38;5;8m2023-01-23 13:54:17[0m [I] [38;5;78;1mapp[0m apply plugin [38;5;78mgroup:entry[0m
[38;5;8m2023-01-23 13:54:17[0m [I] [38;5;78;1mapp[0m apply plugin [38;5;78mgroup:basic[0m
[38;5;8m2023-01-23 13:54:17[0m [I] [38;5;78;1mapp[0m apply plugin [38;5;78mrate-limit[0m
[38;5;8m2023-01-23 13:54:17[0m [I] [38;5;78;1mapp[0m apply plugin [38;5;78mlocales[0m
[38;5;8m2023-01-23 13:54:17[0m [I] [38;5;78;1mapp[0m apply plugin [38;5;78madmin[0m
[38;5;8m2023-01-23 13:54:17[0m [I] [38;5;78;1mapp[0m apply plugin [38;5;78mgroup:console[0m
[38;5;8m2023-01-23 13:54:17[0m [I] [38;5;78;1mapp[0m apply plugin [38;5;78manalytics[0m
[38;5;8m2023-01-23 13:54:17[0m [I] [38;5;78;1mapp[0m apply plugin [38;5;78mconsole[0m
[38;5;8m2023-01-23 13:54:18[0m [I] [38;5;78;1mapp[0m apply plugin [38;5;78mlogger[0m
[38;5;8m2023-01-23 13:54:18[0m [I] [38;5;78;1mapp[0m apply plugin [38;5;78msandbox[0m
[38;5;8m2023-01-23 13:54:18[0m [I] [38;5;78;1mapp[0m apply plugin [38;5;78mdataview[0m
[38;5;8m2023-01-23 13:54:18[0m [I] [38;5;78;1mapp[0m apply plugin [38;5;78minsight[0m
[38;5;8m2023-01-23 13:54:18[0m [I] [38;5;78;1mapp[0m apply plugin [38;5;78mmarket[0m
[38;5;8m2023-01-23 13:54:18[0m [I] [38;5;78;1mapp[0m apply plugin [38;5;78mstatus[0m
[38;5;8m2023-01-23 13:54:18[0m [I] [38;5;78;1mapp[0m apply plugin [38;5;78mgroup:database[0m
[38;5;8m2023-01-23 13:54:18[0m [I] [38;5;78;1mapp[0m apply plugin [38;5;78mdatabase-sqlite[0m
[38;5;8m2023-01-23 13:54:18[0m [I] [38;5;78;1mapp[0m apply plugin [38;5;78massets-local[0m
[38;5;8m2023-01-23 13:54:18[0m [I] [38;5;78;1mapp[0m apply plugin [38;5;78mgroup:adapter[0m
[38;5;8m2023-01-23 13:54:19[0m [I] [38;5;78;1mapp[0m apply plugin [38;5;78mgocqhttp[0m
[38;5;8m2023-01-23 13:54:18[0m [I] [38;5;78;1mapp[0m apply plugin [38;5;78madapter-onebot[0m
[38;5;8m2023-01-23 13:54:19[0m [I] [38;5;78;1mapp[0m apply plugin [38;5;78mpuppeteer:2oipri[0m
[38;5;8m2023-01-23 13:54:19[0m [I] [38;5;78;1mapp[0m apply plugin [38;5;78meditfile:r5cmr0[0m
[38;5;8m2023-01-23 13:54:20[0m [I] [38;5;78;1mapp[0m server listening at [38;5;78mhttp://localhost:5141[0m
[38;5;8m2023-01-23 13:54:20[0m [W] [38;5;204;1massets[0m missing configuration "selfUrl", fallback to "file:" scheme
[38;5;8m2023-01-23 13:54:20[0m [I] [38;5;221;1mpuppeteer[0m chrome executable found at [38;5;221mC:\Program Files\Google\Chrome\Application\chrome.exe[0m
[38;5;8m2023-01-23 13:54:20[0m [I] [38;5;92;1mlocales[0m loading locale zh.yml
[38;5;8m2023-01-23 13:54:20[0m [I] [38;5;214;1madapter[0m connect to server: [38;5;214mws://106.52.111.188:7110/[0m
[38;5;8m2023-01-23 14:11:33[0m [I] [38;5;167;1mwatch[0m reload plugin at [38;5;167mplugins\editfile\src\index.ts[0m
[38;5;8m2023-01-23 14:12:07[0m [I] [38;5;167;1mwatch[0m reload plugin at [38;5;167mplugins\editfile\src\index.ts[0m
[38;5;8m2023-01-23 14:17:09[0m [I] [38;5;167;1mwatch[0m reload plugin at [38;5;167mplugins\editfile\src\index.ts[0m
[38;5;8m2023-01-23 14:26:13[0m [I] [38;5;167;1mwatch[0m reload plugin at [38;5;167mplugins\editfile\src\index.ts[0m
[38;5;8m2023-01-23 14:26:15[0m [I] [38;5;167;1mwatch[0m reload plugin at [38;5;167mplugins\editfile\src\index.ts[0m
[38;5;8m2023-01-23 14:36:05[0m [I] [38;5;167;1mwatch[0m reload plugin at [38;5;167mplugins\editfile\src\index.ts[0m
[38;5;8m2023-01-23 14:37:32[0m [I] [38;5;167;1mwatch[0m reload plugin at [38;5;167mplugins\editfile\src\index.ts[0m
[38;5;8m2023-01-23 15:05:11[0m [I] [38;5;167;1mwatch[0m reload plugin at [38;5;167mplugins\editfile\src\index.ts[0m
[38;5;8m2023-01-23 15:07:20[0m [I] [38;5;167;1mwatch[0m reload plugin at [38;5;167mplugins\editfile\src\index.ts[0m
[38;5;8m2023-01-23 15:08:16[0m [I] [38;5;167;1mwatch[0m reload plugin at [38;5;167mplugins\editfile\src\index.ts[0m
[38;5;8m2023-01-23 15:08:46[0m [I] [38;5;167;1mwatch[0m reload plugin at [38;5;167mplugins\editfile\src\index.ts[0m
[38;5;8m2023-01-23 15:09:53[0m [I] [38;5;167;1mwatch[0m reload plugin at [38;5;167mplugins\editfile\src\index.ts[0m
[38;5;8m2023-01-23 15:16:41[0m [I] [38;5;167;1mwatch[0m reload plugin at [38;5;167mplugins\editfile\src\index.ts[0m
[38;5;8m2023-01-23 15:16:48[0m [I] [38;5;167;1mwatch[0m reload plugin at [38;5;167mplugins\editfile\src\index.ts[0m
[38;5;8m2023-01-23 15:19:19[0m [I] [38;5;167;1mwatch[0m reload plugin at [38;5;167mplugins\editfile\src\index.ts[0m
[38;5;8m2023-01-23 15:20:10[0m [I] [38;5;167;1mwatch[0m reload plugin at [38;5;167mplugins\editfile\src\index.ts[0m
[38;5;8m2023-01-23 15:20:40[0m [I] [38;5;167;1mwatch[0m reload plugin at [38;5;167mplugins\editfile\src\index.ts[0m
[38;5;8m2023-01-23 15:48:44[0m [I] [38;5;167;1mwatch[0m reload plugin at [38;5;167mplugins\editfile\src\index.ts[0m
[38;5;8m2023-01-23 16:29:20[0m [I] [38;5;167;1mwatch[0m reload plugin at [38;5;167mplugins\editfile\src\index.ts[0m
[38;5;8m2023-01-23 16:30:06[0m [I] [38;5;167;1mwatch[0m reload plugin at [38;5;167mplugins\editfile\src\index.ts[0m
[38;5;8m2023-01-23 16:31:16[0m [I] [38;5;167;1mwatch[0m reload plugin at [38;5;167mplugins\editfile\src\index.ts[0m
[38;5;8m2023-01-23 16:31:37[0m [I] [38;5;167;1mwatch[0m reload plugin at [38;5;167mplugins\editfile\src\index.ts[0m
[38;5;8m2023-01-23 16:31:58[0m [I] [38;5;167;1mwatch[0m reload plugin at [38;5;167mplugins\editfile\src\index.ts[0m
[38;5;8m2023-01-23 16:32:30[0m [I] [38;5;167;1mwatch[0m reload plugin at [38;5;167mplugins\editfile\src\index.ts[0m
[38;5;8m2023-01-23 16:32:40[0m [I] [38;5;167;1mwatch[0m reload plugin at [38;5;167mplugins\editfile\src\index.ts[0m
[38;5;8m2023-01-23 16:32:48[0m [I] [38;5;167;1mwatch[0m reload plugin at [38;5;167mplugins\editfile\src\index.ts[0m
[38;5;8m2023-01-23 16:34:09[0m [I] [38;5;167;1mwatch[0m reload plugin at [38;5;167mplugins\editfile\src\index.ts[0m
[38;5;8m2023-01-23 16:34:29[0m [I] [38;5;167;1mwatch[0m reload plugin at [38;5;167mplugins\editfile\src\index.ts[0m
[38;5;8m2023-01-23 16:34:37[0m [I] [38;5;167;1mwatch[0m reload plugin at [38;5;167mplugins\editfile\src\index.ts[0m
[38;5;8m2023-01-23 16:34:40[0m [I] [38;5;167;1mwatch[0m reload plugin at [38;5;167mplugins\editfile\src\index.ts[0m
[38;5;8m2023-01-23 16:34:43[0m [I] [38;5;167;1mwatch[0m reload plugin at [38;5;167mplugins\editfile\src\index.ts[0m
[38;5;8m2023-01-23 16:37:55[0m [I] [38;5;167;1mwatch[0m reload plugin at [38;5;167mplugins\editfile\src\index.ts[0m
[38;5;8m2023-01-23 16:39:02[0m [I] [38;5;167;1mwatch[0m reload plugin at [38;5;167mplugins\editfile\src\index.ts[0m
[38;5;8m2023-01-23 16:40:27[0m [I] [38;5;167;1mwatch[0m reload plugin at [38;5;167mplugins\editfile\src\index.ts[0m
[38;5;8m2023-01-23 16:40:34[0m [I] [38;5;167;1mwatch[0m reload plugin at [38;5;167mplugins\editfile\src\index.ts[0m
[38;5;8m2023-01-23 16:42:50[0m [I] [38;5;167;1mwatch[0m reload plugin at [38;5;167mplugins\editfile\src\index.ts[0m
[38;5;8m2023-01-23 16:43:24[0m [I] [38;5;167;1mwatch[0m reload plugin at [38;5;167mplugins\editfile\src\index.ts[0m
[38;5;8m2023-01-23 16:44:52[0m [I] [38;5;167;1mwatch[0m reload plugin at [38;5;167mplugins\editfile\src\index.ts[0m
[38;5;8m2023-01-23 16:45:49[0m [I] [38;5;167;1mwatch[0m reload plugin at [38;5;167mplugins\editfile\src\index.ts[0m
[38;5;8m2023-01-23 17:03:16[0m [I] [38;5;167;1mwatch[0m reload plugin at [38;5;167mplugins\editfile\src\index.ts[0m
[38;5;8m2023-01-23 17:04:11[0m [I] [38;5;167;1mwatch[0m reload plugin at [38;5;167mplugins\editfile\src\index.ts[0m
[38;5;8m2023-01-23 17:25:50[0m [I] [38;5;167;1mwatch[0m reload plugin at [38;5;167mplugins\editfile\src\index.ts[0m
[38;5;8m2023-01-23 19:26:11[0m [I] [38;5;78;1mapp[0m apply plugin [38;5;78mgroup:basic[0m
[38;5;8m2023-01-23 19:26:11[0m [I] [38;5;78;1mapp[0m [38;5;15;1mKoishi/4.11.2[0m
[38;5;8m2023-01-23 19:26:11[0m [I] [38;5;78;1mapp[0m apply plugin [38;5;78mgroup:entry[0m
[38;5;8m2023-01-23 19:26:11[0m [I] [38;5;78;1mapp[0m apply plugin [38;5;78mgroup:console[0m
[38;5;8m2023-01-23 19:26:11[0m [I] [38;5;78;1mapp[0m apply plugin [38;5;78mlocales[0m
[38;5;8m2023-01-23 19:26:11[0m [I] [38;5;78;1mapp[0m apply plugin [38;5;78manalytics[0m
[38;5;8m2023-01-23 19:26:11[0m [I] [38;5;78;1mapp[0m apply plugin [38;5;78madmin[0m
[38;5;8m2023-01-23 19:26:11[0m [I] [38;5;78;1mapp[0m apply plugin [38;5;78mconsole[0m
[38;5;8m2023-01-23 19:26:11[0m [I] [38;5;78;1mapp[0m apply plugin [38;5;78mdataview[0m
[38;5;8m2023-01-23 19:26:11[0m [I] [38;5;78;1mapp[0m apply plugin [38;5;78mrate-limit[0m
[38;5;8m2023-01-23 19:26:11[0m [I] [38;5;78;1mapp[0m apply plugin [38;5;78mlogger[0m
[38;5;8m2023-01-23 19:26:11[0m [I] [38;5;78;1mapp[0m apply plugin [38;5;78minsight[0m
[38;5;8m2023-01-23 19:26:11[0m [I] [38;5;78;1mapp[0m apply plugin [38;5;78mmarket[0m
[38;5;8m2023-01-23 19:26:12[0m [I] [38;5;78;1mapp[0m apply plugin [38;5;78msandbox[0m
[38;5;8m2023-01-23 19:26:12[0m [I] [38;5;78;1mapp[0m apply plugin [38;5;78mstatus[0m
[38;5;8m2023-01-23 19:26:12[0m [I] [38;5;78;1mapp[0m apply plugin [38;5;78mgroup:database[0m
[38;5;8m2023-01-23 19:26:12[0m [I] [38;5;78;1mapp[0m apply plugin [38;5;78mdatabase-sqlite[0m
[38;5;8m2023-01-23 19:26:12[0m [I] [38;5;78;1mapp[0m apply plugin [38;5;78mgroup:adapter[0m
[38;5;8m2023-01-23 19:26:12[0m [I] [38;5;78;1mapp[0m apply plugin [38;5;78massets-local[0m
[38;5;8m2023-01-23 19:26:12[0m [I] [38;5;78;1mapp[0m apply plugin [38;5;78madapter-onebot[0m
[38;5;8m2023-01-23 19:26:12[0m [I] [38;5;78;1mapp[0m apply plugin [38;5;78mgocqhttp[0m
[38;5;8m2023-01-23 19:26:12[0m [I] [38;5;78;1mapp[0m apply plugin [38;5;78mpuppeteer:2oipri[0m
[38;5;8m2023-01-23 19:26:13[0m [I] [38;5;78;1mapp[0m apply plugin [38;5;78meditfile:r5cmr0[0m
[38;5;8m2023-01-23 19:26:13[0m [E] [38;5;78;1mapp[0m cannot resolve plugin "editfile"
[38;5;8m2023-01-23 19:26:13[0m [W] [38;5;204;1massets[0m missing configuration "selfUrl", fallback to "file:" scheme
[38;5;8m2023-01-23 19:26:13[0m [I] [38;5;78;1mapp[0m server listening at [38;5;78mhttp://localhost:5141[0m
[38;5;8m2023-01-23 19:26:13[0m [I] [38;5;221;1mpuppeteer[0m chrome executable found at [38;5;221mC:\Program Files\Google\Chrome\Application\chrome.exe[0m
[38;5;8m2023-01-23 19:26:13[0m [I] [38;5;92;1mlocales[0m loading locale zh.yml
[38;5;8m2023-01-23 19:26:13[0m [I] [38;5;214;1madapter[0m connect to server: [38;5;214mws://106.52.111.188:7110/[0m
[38;5;8m2023-01-23 19:26:19[0m [W] [38;5;178;1mmarket[0m timeout of 5000ms exceeded
[38;5;8m2023-01-23 19:26:19[0m [W] [38;5;178;1mmarket[0m timeout of 5000ms exceeded
[38;5;8m2023-01-23 19:26:19[0m [W] [38;5;178;1mmarket[0m timeout of 5000ms exceeded
[38;5;8m2023-01-23 19:26:19[0m [W] [38;5;178;1mmarket[0m timeout of 5000ms exceeded
[38;5;8m2023-01-23 19:26:19[0m [W] [38;5;178;1mmarket[0m timeout of 5000ms exceeded
[38;5;8m2023-01-23 19:26:19[0m [W] [38;5;178;1mmarket[0m timeout of 5000ms exceeded
[38;5;8m2023-01-23 19:26:20[0m [W] [38;5;178;1mmarket[0m aborted
[38;5;8m2023-01-23 19:26:53[0m [I] [38;5;78;1mapp[0m [38;5;15;1mKoishi/4.11.2[0m
[38;5;8m2023-01-23 19:26:54[0m [I] [38;5;78;1mapp[0m apply plugin [38;5;78mgroup:entry[0m
[38;5;8m2023-01-23 19:26:54[0m [I] [38;5;78;1mapp[0m apply plugin [38;5;78mgroup:basic[0m
[38;5;8m2023-01-23 19:26:54[0m [I] [38;5;78;1mapp[0m apply plugin [38;5;78mrate-limit[0m
[38;5;8m2023-01-23 19:26:54[0m [I] [38;5;78;1mapp[0m apply plugin [38;5;78mgroup:console[0m
[38;5;8m2023-01-23 19:26:54[0m [I] [38;5;78;1mapp[0m apply plugin [38;5;78mlocales[0m
[38;5;8m2023-01-23 19:26:54[0m [I] [38;5;78;1mapp[0m apply plugin [38;5;78madmin[0m
[38;5;8m2023-01-23 19:26:54[0m [I] [38;5;78;1mapp[0m apply plugin [38;5;78mconsole[0m
[38;5;8m2023-01-23 19:26:54[0m [I] [38;5;78;1mapp[0m apply plugin [38;5;78mdataview[0m
[38;5;8m2023-01-23 19:26:54[0m [I] [38;5;78;1mapp[0m apply plugin [38;5;78mlogger[0m
[38;5;8m2023-01-23 19:26:54[0m [I] [38;5;78;1mapp[0m apply plugin [38;5;78manalytics[0m
[38;5;8m2023-01-23 19:26:54[0m [I] [38;5;78;1mapp[0m apply plugin [38;5;78minsight[0m
[38;5;8m2023-01-23 19:26:54[0m [I] [38;5;78;1mapp[0m apply plugin [38;5;78msandbox[0m
[38;5;8m2023-01-23 19:26:54[0m [I] [38;5;78;1mapp[0m apply plugin [38;5;78mmarket[0m
[38;5;8m2023-01-23 19:26:54[0m [I] [38;5;78;1mapp[0m apply plugin [38;5;78mstatus[0m
[38;5;8m2023-01-23 19:26:54[0m [I] [38;5;78;1mapp[0m apply plugin [38;5;78mgroup:database[0m
[38;5;8m2023-01-23 19:26:54[0m [I] [38;5;78;1mapp[0m apply plugin [38;5;78massets-local[0m
[38;5;8m2023-01-23 19:26:54[0m [I] [38;5;78;1mapp[0m apply plugin [38;5;78mdatabase-sqlite[0m
[38;5;8m2023-01-23 19:26:55[0m [I] [38;5;78;1mapp[0m apply plugin [38;5;78mgroup:adapter[0m
[38;5;8m2023-01-23 19:26:55[0m [I] [38;5;78;1mapp[0m apply plugin [38;5;78madapter-onebot[0m
[38;5;8m2023-01-23 19:26:55[0m [I] [38;5;78;1mapp[0m apply plugin [38;5;78mpuppeteer:2oipri[0m
[38;5;8m2023-01-23 19:26:55[0m [I] [38;5;78;1mapp[0m apply plugin [38;5;78mgocqhttp[0m
[38;5;8m2023-01-23 19:26:55[0m [I] [38;5;78;1mapp[0m apply plugin [38;5;78meditfile:r5cmr0[0m
[38;5;8m2023-01-23 19:26:56[0m [E] [38;5;78;1mapp[0m cannot resolve plugin "editfile"
[38;5;8m2023-01-23 19:26:56[0m [W] [38;5;204;1massets[0m missing configuration "selfUrl", fallback to "file:" scheme
[38;5;8m2023-01-23 19:26:56[0m [I] [38;5;78;1mapp[0m server listening at [38;5;78mhttp://localhost:5141[0m
[38;5;8m2023-01-23 19:26:56[0m [I] [38;5;221;1mpuppeteer[0m chrome executable found at [38;5;221mC:\Program Files\Google\Chrome\Application\chrome.exe[0m
[38;5;8m2023-01-23 19:26:56[0m [I] [38;5;92;1mlocales[0m loading locale zh.yml
[38;5;8m2023-01-23 19:26:56[0m [I] [38;5;214;1madapter[0m connect to server: [38;5;214mws://106.52.111.188:7110/[0m
[38;5;8m2023-01-23 19:27:13[0m [W] [38;5;178;1mmarket[0m aborted
[38;5;8m2023-01-23 19:27:58[0m [I] [38;5;78;1mapp[0m apply plugin [38;5;78meditor:p7tj3h[0m
[38;5;8m2023-01-23 19:34:48[0m [I] [38;5;78;1mapp[0m [38;5;15;1mKoishi/4.11.2[0m
[38;5;8m2023-01-23 19:34:48[0m [I] [38;5;78;1mapp[0m apply plugin [38;5;78mgroup:entry[0m
[38;5;8m2023-01-23 19:34:48[0m [I] [38;5;78;1mapp[0m apply plugin [38;5;78mgroup:basic[0m
[38;5;8m2023-01-23 19:34:48[0m [I] [38;5;78;1mapp[0m apply plugin [38;5;78mrate-limit[0m
[38;5;8m2023-01-23 19:34:48[0m [I] [38;5;78;1mapp[0m apply plugin [38;5;78mlocales[0m
[38;5;8m2023-01-23 19:34:48[0m [I] [38;5;78;1mapp[0m apply plugin [38;5;78madmin[0m
[38;5;8m2023-01-23 19:34:48[0m [I] [38;5;78;1mapp[0m apply plugin [38;5;78mgroup:console[0m
[38;5;8m2023-01-23 19:34:48[0m [I] [38;5;78;1mapp[0m apply plugin [38;5;78manalytics[0m
[38;5;8m2023-01-23 19:34:49[0m [I] [38;5;78;1mapp[0m apply plugin [38;5;78mdataview[0m
[38;5;8m2023-01-23 19:34:48[0m [I] [38;5;78;1mapp[0m apply plugin [38;5;78mconsole[0m
[38;5;8m2023-01-23 19:34:49[0m [I] [38;5;78;1mapp[0m apply plugin [38;5;78mlogger[0m
[38;5;8m2023-01-23 19:34:49[0m [I] [38;5;78;1mapp[0m apply plugin [38;5;78minsight[0m
[38;5;8m2023-01-23 19:34:49[0m [I] [38;5;78;1mapp[0m apply plugin [38;5;78mmarket[0m
[38;5;8m2023-01-23 19:34:49[0m [I] [38;5;78;1mapp[0m apply plugin [38;5;78msandbox[0m
[38;5;8m2023-01-23 19:34:49[0m [I] [38;5;78;1mapp[0m apply plugin [38;5;78mstatus[0m
[38;5;8m2023-01-23 19:34:49[0m [I] [38;5;78;1mapp[0m apply plugin [38;5;78mgroup:database[0m
[38;5;8m2023-01-23 19:34:49[0m [I] [38;5;78;1mapp[0m apply plugin [38;5;78mdatabase-sqlite[0m
[38;5;8m2023-01-23 19:34:49[0m [I] [38;5;78;1mapp[0m apply plugin [38;5;78mgroup:adapter[0m
[38;5;8m2023-01-23 19:34:49[0m [I] [38;5;78;1mapp[0m apply plugin [38;5;78massets-local[0m
[38;5;8m2023-01-23 19:34:49[0m [I] [38;5;78;1mapp[0m apply plugin [38;5;78madapter-onebot[0m
[38;5;8m2023-01-23 19:34:49[0m [I] [38;5;78;1mapp[0m apply plugin [38;5;78mgocqhttp[0m
[38;5;8m2023-01-23 19:34:49[0m [I] [38;5;78;1mapp[0m apply plugin [38;5;78mpuppeteer:2oipri[0m
[38;5;8m2023-01-23 19:34:50[0m [I] [38;5;78;1mapp[0m apply plugin [38;5;78meditfile:r5cmr0[0m
[38;5;8m2023-01-23 19:34:50[0m [E] [38;5;78;1mapp[0m cannot resolve plugin "editfile"
[38;5;8m2023-01-23 19:34:50[0m [W] [38;5;204;1massets[0m missing configuration "selfUrl", fallback to "file:" scheme
[38;5;8m2023-01-23 19:34:50[0m [I] [38;5;78;1mapp[0m apply plugin [38;5;78meditor:p7tj3h[0m
[38;5;8m2023-01-23 19:34:50[0m [I] [38;5;78;1mapp[0m server listening at [38;5;78mhttp://localhost:5141[0m
[38;5;8m2023-01-23 19:34:50[0m [I] [38;5;221;1mpuppeteer[0m chrome executable found at [38;5;221mC:\Program Files\Google\Chrome\Application\chrome.exe[0m
[38;5;8m2023-01-23 19:34:51[0m [I] [38;5;92;1mlocales[0m loading locale zh.yml
[38;5;8m2023-01-23 19:34:51[0m [I] [38;5;214;1madapter[0m connect to server: [38;5;214mws://106.52.111.188:7110/[0m
[38;5;8m2023-01-23 21:03:23[0m [I] [38;5;78;1mapp[0m [38;5;15;1mKoishi/4.11.2[0m
[38;5;8m2023-01-23 21:03:24[0m [I] [38;5;78;1mapp[0m apply plugin [38;5;78mgroup:entry[0m
[38;5;8m2023-01-23 21:03:24[0m [I] [38;5;78;1mapp[0m apply plugin [38;5;78mlocales[0m
[38;5;8m2023-01-23 21:03:24[0m [I] [38;5;78;1mapp[0m apply plugin [38;5;78mgroup:basic[0m
[38;5;8m2023-01-23 21:03:24[0m [I] [38;5;78;1mapp[0m apply plugin [38;5;78mrate-limit[0m
[38;5;8m2023-01-23 21:03:24[0m [I] [38;5;78;1mapp[0m apply plugin [38;5;78madmin[0m
[38;5;8m2023-01-23 21:03:24[0m [I] [38;5;78;1mapp[0m apply plugin [38;5;78mgroup:console[0m
[38;5;8m2023-01-23 21:03:24[0m [I] [38;5;78;1mapp[0m apply plugin [38;5;78manalytics[0m
[38;5;8m2023-01-23 21:03:24[0m [I] [38;5;78;1mapp[0m apply plugin [38;5;78mconsole[0m
[38;5;8m2023-01-23 21:03:24[0m [I] [38;5;78;1mapp[0m apply plugin [38;5;78mdataview[0m
[38;5;8m2023-01-23 21:03:24[0m [I] [38;5;78;1mapp[0m apply plugin [38;5;78mlogger[0m
[38;5;8m2023-01-23 21:03:24[0m [I] [38;5;78;1mapp[0m apply plugin [38;5;78minsight[0m
[38;5;8m2023-01-23 21:03:24[0m [I] [38;5;78;1mapp[0m apply plugin [38;5;78mmarket[0m
[38;5;8m2023-01-23 21:03:24[0m [I] [38;5;78;1mapp[0m apply plugin [38;5;78msandbox[0m
[38;5;8m2023-01-23 21:03:24[0m [I] [38;5;78;1mapp[0m apply plugin [38;5;78mgroup:database[0m
[38;5;8m2023-01-23 21:03:24[0m [I] [38;5;78;1mapp[0m apply plugin [38;5;78mstatus[0m
[38;5;8m2023-01-23 21:03:24[0m [I] [38;5;78;1mapp[0m apply plugin [38;5;78mdatabase-sqlite[0m
[38;5;8m2023-01-23 21:03:24[0m [I] [38;5;78;1mapp[0m apply plugin [38;5;78massets-local[0m
[38;5;8m2023-01-23 21:03:24[0m [I] [38;5;78;1mapp[0m apply plugin [38;5;78mgroup:adapter[0m
[38;5;8m2023-01-23 21:03:24[0m [I] [38;5;78;1mapp[0m apply plugin [38;5;78madapter-onebot[0m
[38;5;8m2023-01-23 21:03:25[0m [I] [38;5;78;1mapp[0m apply plugin [38;5;78mgocqhttp[0m
[38;5;8m2023-01-23 21:03:25[0m [I] [38;5;78;1mapp[0m apply plugin [38;5;78mpuppeteer:2oipri[0m
[38;5;8m2023-01-23 21:03:26[0m [W] [38;5;204;1massets[0m missing configuration "selfUrl", fallback to "file:" scheme
[38;5;8m2023-01-23 21:03:26[0m [I] [38;5;78;1mapp[0m server listening at [38;5;78mhttp://localhost:5141[0m
[38;5;8m2023-01-23 21:03:25[0m [E] [38;5;78;1mapp[0m cannot resolve plugin "editfile"
[38;5;8m2023-01-23 21:03:25[0m [I] [38;5;78;1mapp[0m apply plugin [38;5;78meditfile:r5cmr0[0m
[38;5;8m2023-01-23 21:03:25[0m [I] [38;5;78;1mapp[0m apply plugin [38;5;78meditor:p7tj3h[0m
[38;5;8m2023-01-23 21:03:26[0m [I] [38;5;221;1mpuppeteer[0m chrome executable found at [38;5;221mC:\Program Files\Google\Chrome\Application\chrome.exe[0m
[38;5;8m2023-01-23 21:03:26[0m [I] [38;5;92;1mlocales[0m loading locale zh.yml
[38;5;8m2023-01-23 21:03:26[0m [I] [38;5;214;1madapter[0m connect to server: [38;5;214mws://106.52.111.188:7110/[0m
[38;5;8m2023-01-23 21:20:59[0m [I] [38;5;78;1mapp[0m [38;5;15;1mKoishi/4.11.2[0m
[38;5;8m2023-01-23 21:21:00[0m [I] [38;5;78;1mapp[0m apply plugin [38;5;78mgroup:entry[0m
[38;5;8m2023-01-23 21:21:00[0m [I] [38;5;78;1mapp[0m apply plugin [38;5;78mgroup:basic[0m
[38;5;8m2023-01-23 21:21:00[0m [I] [38;5;78;1mapp[0m apply plugin [38;5;78mlocales[0m
[38;5;8m2023-01-23 21:21:00[0m [I] [38;5;78;1mapp[0m apply plugin [38;5;78mrate-limit[0m
[38;5;8m2023-01-23 21:21:00[0m [I] [38;5;78;1mapp[0m apply plugin [38;5;78madmin[0m
[38;5;8m2023-01-23 21:21:00[0m [I] [38;5;78;1mapp[0m apply plugin [38;5;78manalytics[0m
[38;5;8m2023-01-23 21:21:00[0m [I] [38;5;78;1mapp[0m apply plugin [38;5;78mgroup:console[0m
[38;5;8m2023-01-23 21:21:00[0m [I] [38;5;78;1mapp[0m apply plugin [38;5;78mconsole[0m
[38;5;8m2023-01-23 21:21:00[0m [I] [38;5;78;1mapp[0m apply plugin [38;5;78mdataview[0m
[38;5;8m2023-01-23 21:21:00[0m [I] [38;5;78;1mapp[0m apply plugin [38;5;78mlogger[0m
[38;5;8m2023-01-23 21:21:00[0m [I] [38;5;78;1mapp[0m apply plugin [38;5;78minsight[0m
[38;5;8m2023-01-23 21:21:00[0m [I] [38;5;78;1mapp[0m apply plugin [38;5;78msandbox[0m
[38;5;8m2023-01-23 21:21:00[0m [I] [38;5;78;1mapp[0m apply plugin [38;5;78mmarket[0m
[38;5;8m2023-01-23 21:21:00[0m [I] [38;5;78;1mapp[0m apply plugin [38;5;78mstatus[0m
[38;5;8m2023-01-23 21:21:00[0m [I] [38;5;78;1mapp[0m apply plugin [38;5;78massets-local[0m
[38;5;8m2023-01-23 21:21:00[0m [I] [38;5;78;1mapp[0m apply plugin [38;5;78mgroup:database[0m
[38;5;8m2023-01-23 21:21:00[0m [I] [38;5;78;1mapp[0m apply plugin [38;5;78mgroup:adapter[0m
[38;5;8m2023-01-23 21:21:01[0m [I] [38;5;78;1mapp[0m apply plugin [38;5;78mpuppeteer:2oipri[0m
[38;5;8m2023-01-23 21:21:00[0m [I] [38;5;78;1mapp[0m apply plugin [38;5;78madapter-onebot[0m
[38;5;8m2023-01-23 21:21:02[0m [I] [38;5;78;1mapp[0m apply plugin [38;5;78meditfile:r5cmr0[0m
[38;5;8m2023-01-23 21:21:02[0m [I] [38;5;78;1mapp[0m apply plugin [38;5;78meditor:p7tj3h[0m
[38;5;8m2023-01-23 21:21:01[0m [I] [38;5;78;1mapp[0m apply plugin [38;5;78mgocqhttp[0m
[38;5;8m2023-01-23 21:21:02[0m [E] [38;5;78;1mapp[0m cannot resolve plugin "editfile"
[38;5;8m2023-01-23 21:21:00[0m [I] [38;5;78;1mapp[0m apply plugin [38;5;78mdatabase-sqlite[0m
[38;5;8m2023-01-23 21:21:03[0m [I] [38;5;78;1mapp[0m server listening at [38;5;78mhttp://localhost:5141[0m
[38;5;8m2023-01-23 21:21:03[0m [W] [38;5;204;1massets[0m missing configuration "selfUrl", fallback to "file:" scheme
[38;5;8m2023-01-23 21:21:03[0m [I] [38;5;221;1mpuppeteer[0m chrome executable found at [38;5;221mC:\Program Files\Google\Chrome\Application\chrome.exe[0m
[38;5;8m2023-01-23 21:21:03[0m [I] [38;5;92;1mlocales[0m loading locale zh.yml
[38;5;8m2023-01-23 21:21:03[0m [I] [38;5;214;1madapter[0m connect to server: [38;5;214mws://106.52.111.188:7110/[0m
[38;5;8m2023-01-23 21:21:38[0m [I] [38;5;78;1mapp[0m apply plugin [38;5;78mgocq-session-uploader:3o1mxt[0m
[38;5;8m2023-01-23 21:45:55[0m [I] [38;5;167;1mwatch[0m reload plugin at [38;5;167mplugins\gocq-session-uploader\src\index.ts[0m
[38;5;8m2023-01-23 21:46:31[0m [I] [38;5;167;1mwatch[0m reload plugin at [38;5;167mplugins\gocq-session-uploader\src\index.ts[0m
[38;5;8m2023-01-23 21:49:06[0m [I] [38;5;167;1mwatch[0m reload plugin at [38;5;167mplugins\gocq-session-uploader\src\index.ts[0m
[38;5;8m2023-01-23 21:49:09[0m [I] [38;5;167;1mwatch[0m reload plugin at [38;5;167mplugins\gocq-session-uploader\src\index.ts[0m
[38;5;8m2023-01-23 21:49:16[0m [I] [38;5;167;1mwatch[0m reload plugin at [38;5;167mplugins\gocq-session-uploader\src\index.ts[0m
[38;5;8m2023-01-23 21:53:50[0m [I] [38;5;167;1mwatch[0m reload plugin at [38;5;167mplugins\gocq-session-uploader\src\index.ts[0m
[38;5;8m2023-01-23 21:54:31[0m [I] [38;5;167;1mwatch[0m reload plugin at [38;5;167mplugins\gocq-session-uploader\src\index.ts[0m
[38;5;8m2023-01-23 21:55:03[0m [I] [38;5;167;1mwatch[0m reload plugin at [38;5;167mplugins\gocq-session-uploader\src\index.ts[0m
[38;5;8m2023-01-23 21:55:08[0m [I] [38;5;167;1mwatch[0m reload plugin at [38;5;167mplugins\gocq-session-uploader\src\index.ts[0m
[38;5;8m2023-01-23 21:59:16[0m [I] [38;5;167;1mwatch[0m reload plugin at [38;5;167mplugins\gocq-session-uploader\src\index.ts[0m
[38;5;8m2023-01-23 21:59:25[0m [I] [38;5;167;1mwatch[0m reload plugin at [38;5;167mplugins\gocq-session-uploader\src\index.ts[0m
[38;5;8m2023-01-23 22:02:00[0m [I] [38;5;167;1mwatch[0m reload plugin at [38;5;167mplugins\gocq-session-uploader\src\index.ts[0m
[38;5;8m2023-01-23 22:02:02[0m [I] [38;5;167;1mwatch[0m reload plugin at [38;5;167mplugins\gocq-session-uploader\src\index.ts[0m
[38;5;8m2023-01-23 22:02:09[0m [I] [38;5;167;1mwatch[0m reload plugin at [38;5;167mplugins\gocq-session-uploader\src\index.ts[0m
[38;5;8m2023-01-23 22:02:28[0m [I] [38;5;167;1mwatch[0m reload plugin at [38;5;167mplugins\gocq-session-uploader\src\index.ts[0m
[38;5;8m2023-01-23 22:03:12[0m [W] [38;5;167;1mwatch[0m { detail: [90mundefined[39m, id: [32m''[39m, location: { column: [33m66[39m, file: [32m'D:\\Project\\koishinew\\plugins\\gocq-session-uploader\\src\\index.ts'[39m, length: [33m2[39m, line: [33m21[39m, lineText: [32m"    'gocq-session-uploader-getAccountsList'(): Promise<Map<string,>>"[39m, namespace: [32m''[39m, suggestion: [32m''[39m }, notes: [], pluginName: [32m''[39m, text: [32m'Unexpected ">>"'[39m }
[38;5;8m2023-01-23 22:03:24[0m [I] [38;5;167;1mwatch[0m reload plugin at [38;5;167mplugins\gocq-session-uploader\src\index.ts[0m
[38;5;8m2023-01-23 22:04:00[0m [I] [38;5;167;1mwatch[0m reload plugin at [38;5;167mplugins\gocq-session-uploader\src\index.ts[0m
[38;5;8m2023-01-23 22:11:00[0m [I] [38;5;167;1mwatch[0m reload plugin at [38;5;167mplugins\gocq-session-uploader\src\index.ts[0m
[38;5;8m2023-01-23 22:14:00[0m [I] [38;5;167;1mwatch[0m reload plugin at [38;5;167mplugins\gocq-session-uploader\src\index.ts[0m
[38;5;8m2023-01-23 22:14:36[0m [I] [38;5;167;1mwatch[0m reload plugin at [38;5;167mplugins\gocq-session-uploader\src\index.ts[0m
[38;5;8m2023-01-23 22:14:38[0m [I] [38;5;167;1mwatch[0m reload plugin at [38;5;167mplugins\gocq-session-uploader\src\index.ts[0m
[38;5;8m2023-01-23 22:15:04[0m [I] [38;5;167;1mwatch[0m reload plugin at [38;5;167mplugins\gocq-session-uploader\src\index.ts[0m
[38;5;8m2023-01-23 22:15:07[0m [I] [38;5;167;1mwatch[0m reload plugin at [38;5;167mplugins\gocq-session-uploader\src\index.ts[0m
[38;5;8m2023-01-23 22:15:27[0m [I] [38;5;167;1mwatch[0m reload plugin at [38;5;167mplugins\gocq-session-uploader\src\index.ts[0m
[38;5;8m2023-01-23 22:15:41[0m [I] [38;5;167;1mwatch[0m reload plugin at [38;5;167mplugins\gocq-session-uploader\src\index.ts[0m
[38;5;8m2023-01-23 22:17:32[0m [I] [38;5;167;1mwatch[0m reload plugin at [38;5;167mplugins\gocq-session-uploader\src\index.ts[0m
