[38;5;8m2023-01-21 00:32:11[0m [I] [38;5;78;1mapp[0m [38;5;15;1mKoishi/4.11.1[0m
[38;5;8m2023-01-21 00:32:12[0m [I] [38;5;78;1mapp[0m apply plugin [38;5;78mrate-limit[0m
[38;5;8m2023-01-21 00:32:12[0m [I] [38;5;78;1mapp[0m apply plugin [38;5;78mgroup:basic[0m
[38;5;8m2023-01-21 00:32:12[0m [I] [38;5;78;1mapp[0m apply plugin [38;5;78mlocales[0m
[38;5;8m2023-01-21 00:32:12[0m [I] [38;5;78;1mapp[0m apply plugin [38;5;78mgroup:console[0m
[38;5;8m2023-01-21 00:32:12[0m [I] [38;5;78;1mapp[0m apply plugin [38;5;78madmin[0m
[38;5;8m2023-01-21 00:32:12[0m [I] [38;5;78;1mapp[0m apply plugin [38;5;78manalytics[0m
[38;5;8m2023-01-21 00:32:12[0m [I] [38;5;78;1mapp[0m apply plugin [38;5;78mconsole[0m
[38;5;8m2023-01-21 00:32:12[0m [I] [38;5;78;1mapp[0m apply plugin [38;5;78mlogger[0m
[38;5;8m2023-01-21 00:32:12[0m [I] [38;5;78;1mapp[0m apply plugin [38;5;78mgroup:entry[0m
[38;5;8m2023-01-21 00:32:12[0m [I] [38;5;78;1mapp[0m apply plugin [38;5;78minsight[0m
[38;5;8m2023-01-21 00:32:12[0m [I] [38;5;78;1mapp[0m apply plugin [38;5;78mdataview[0m
[38;5;8m2023-01-21 00:32:12[0m [I] [38;5;78;1mapp[0m apply plugin [38;5;78mmarket[0m
[38;5;8m2023-01-21 00:32:12[0m [I] [38;5;78;1mapp[0m apply plugin [38;5;78msandbox[0m
[38;5;8m2023-01-21 00:32:12[0m [I] [38;5;78;1mapp[0m apply plugin [38;5;78mstatus[0m
[38;5;8m2023-01-21 00:32:12[0m [I] [38;5;78;1mapp[0m apply plugin [38;5;78mgroup:database[0m
[38;5;8m2023-01-21 00:32:12[0m [I] [38;5;78;1mapp[0m apply plugin [38;5;78mdatabase-sqlite[0m
[38;5;8m2023-01-21 00:32:12[0m [I] [38;5;78;1mapp[0m apply plugin [38;5;78massets-local[0m
[38;5;8m2023-01-21 00:32:13[0m [I] [38;5;78;1mapp[0m apply plugin [38;5;78mgroup:adapter[0m
[38;5;8m2023-01-21 00:32:13[0m [I] [38;5;78;1mapp[0m apply plugin [38;5;78madapter-onebot[0m
[38;5;8m2023-01-21 00:32:13[0m [I] [38;5;78;1mapp[0m apply plugin [38;5;78mgocqhttp[0m
[38;5;8m2023-01-21 00:32:13[0m [I] [38;5;78;1mapp[0m apply plugin [38;5;78mrr-image-censor:6wnjr3[0m
[38;5;8m2023-01-21 00:32:13[0m [I] [38;5;78;1mapp[0m apply plugin [38;5;78mblockly:f9lneh[0m
[38;5;8m2023-01-21 00:32:13[0m [I] [38;5;78;1mapp[0m apply plugin [38;5;78mpuppeteer:2oipri[0m
[38;5;8m2023-01-21 00:32:13[0m [I] [38;5;78;1mapp[0m server listening at [38;5;78mhttp://127.0.0.1:5141[0m
[38;5;8m2023-01-21 00:32:13[0m [W] [38;5;204;1massets[0m missing configuration "selfUrl", fallback to "file:" scheme
[38;5;8m2023-01-21 00:32:13[0m [I] [38;5;221;1mpuppeteer[0m chrome executable found at [38;5;221mC:\Program Files\Google\Chrome\Application\chrome.exe[0m
[38;5;8m2023-01-21 00:32:14[0m [I] [38;5;92;1mlocales[0m loading locale zh.yml
[38;5;8m2023-01-21 00:32:14[0m [I] [38;5;214;1mblockly[0m Reloading....
[38;5;8m2023-01-21 00:32:14[0m [I] [38;5;214;1mblockly[0m Reloading....
[38;5;8m2023-01-21 00:32:14[0m [I] [38;5;214;1mblockly[0m Reloading....
[38;5;8m2023-01-21 00:32:14[0m [I] [38;5;214;1madapter[0m connect to server: [38;5;214mws://106.52.111.188:7110/[0m
[38;5;8m2023-01-21 00:32:16[0m [W] [38;5;178;1mmarket[0m failed to parse [38;5;178mkoishi-plugin-market-info[0m
[38;5;8m2023-01-21 00:32:16[0m [W] [38;5;178;1mmarket[0m Error: Cannot find module 'D:\Project\koishinew\node_modules\koishi-plugin-market-info\lib\index.js'. Please verify that the package.json has a valid "main" entry
                            at tryPackage (node:internal/modules/cjs/loader:400:19)
                            at Module._findPath (node:internal/modules/cjs/loader:613:18)
                            at Module._resolveFilename (node:internal/modules/cjs/loader:981:27)
                            at Module._resolveFilename (D:\Project\koishinew\node_modules\esbuild-register\dist\node.js:4787:36)
                            at Function.resolve (node:internal/modules/cjs/helpers:109:19)
                            at PackageProvider.loadPackage (D:\Project\koishinew\node_modules\@koishijs\plugin-market\src\node\packages.ts:95:26)
                            at PackageProvider.loadDirectory (D:\Project\koishinew\node_modules\@koishijs\plugin-market\src\node\packages.ts:85:16)
                            at async Promise.all (index 0)
                            at PackageProvider.prepare (D:\Project\koishinew\node_modules\@koishijs\plugin-market\src\node\packages.ts:53:5)
[38;5;8m2023-01-21 00:32:29[0m [W] [38;5;178;1mmarket[0m timeout of 5000ms exceeded
[38;5;8m2023-01-21 00:32:29[0m [W] [38;5;178;1mmarket[0m timeout of 5000ms exceeded
[38;5;8m2023-01-21 00:32:30[0m [W] [38;5;178;1mmarket[0m aborted
[38;5;8m2023-01-21 00:32:30[0m [W] [38;5;178;1mmarket[0m aborted
[38;5;8m2023-01-21 00:32:30[0m [W] [38;5;178;1mmarket[0m aborted
[38;5;8m2023-01-21 00:33:27[0m [I] [38;5;78;1mapp[0m [38;5;15;1mKoishi/4.11.1[0m
[38;5;8m2023-01-21 00:33:28[0m [I] [38;5;78;1mapp[0m apply plugin [38;5;78mgroup:entry[0m
[38;5;8m2023-01-21 00:33:28[0m [I] [38;5;78;1mapp[0m apply plugin [38;5;78mgroup:basic[0m
[38;5;8m2023-01-21 00:33:28[0m [I] [38;5;78;1mapp[0m apply plugin [38;5;78mrate-limit[0m
[38;5;8m2023-01-21 00:33:28[0m [I] [38;5;78;1mapp[0m apply plugin [38;5;78mlocales[0m
[38;5;8m2023-01-21 00:33:28[0m [I] [38;5;78;1mapp[0m apply plugin [38;5;78madmin[0m
[38;5;8m2023-01-21 00:33:28[0m [I] [38;5;78;1mapp[0m apply plugin [38;5;78manalytics[0m
[38;5;8m2023-01-21 00:33:28[0m [I] [38;5;78;1mapp[0m apply plugin [38;5;78mgroup:console[0m
[38;5;8m2023-01-21 00:33:28[0m [I] [38;5;78;1mapp[0m apply plugin [38;5;78mconsole[0m
[38;5;8m2023-01-21 00:33:28[0m [I] [38;5;78;1mapp[0m apply plugin [38;5;78mdataview[0m
[38;5;8m2023-01-21 00:33:28[0m [I] [38;5;78;1mapp[0m apply plugin [38;5;78mlogger[0m
[38;5;8m2023-01-21 00:33:28[0m [I] [38;5;78;1mapp[0m apply plugin [38;5;78minsight[0m
[38;5;8m2023-01-21 00:33:28[0m [I] [38;5;78;1mapp[0m apply plugin [38;5;78msandbox[0m
[38;5;8m2023-01-21 00:33:28[0m [I] [38;5;78;1mapp[0m apply plugin [38;5;78mstatus[0m
[38;5;8m2023-01-21 00:33:28[0m [I] [38;5;78;1mapp[0m apply plugin [38;5;78mgroup:database[0m
[38;5;8m2023-01-21 00:33:28[0m [I] [38;5;78;1mapp[0m apply plugin [38;5;78mdatabase-sqlite[0m
[38;5;8m2023-01-21 00:33:28[0m [I] [38;5;78;1mapp[0m apply plugin [38;5;78mmarket[0m
[38;5;8m2023-01-21 00:33:28[0m [I] [38;5;78;1mapp[0m apply plugin [38;5;78massets-local[0m
[38;5;8m2023-01-21 00:33:28[0m [I] [38;5;78;1mapp[0m apply plugin [38;5;78mgroup:adapter[0m
[38;5;8m2023-01-21 00:33:28[0m [I] [38;5;78;1mapp[0m apply plugin [38;5;78madapter-onebot[0m
[38;5;8m2023-01-21 00:33:28[0m [I] [38;5;78;1mapp[0m apply plugin [38;5;78mgocqhttp[0m
[38;5;8m2023-01-21 00:33:28[0m [I] [38;5;78;1mapp[0m apply plugin [38;5;78mblockly:f9lneh[0m
[38;5;8m2023-01-21 00:33:28[0m [I] [38;5;78;1mapp[0m apply plugin [38;5;78mrr-image-censor:6wnjr3[0m
[38;5;8m2023-01-21 00:33:28[0m [I] [38;5;78;1mapp[0m apply plugin [38;5;78mpuppeteer:2oipri[0m
[38;5;8m2023-01-21 00:33:29[0m [W] [38;5;204;1massets[0m missing configuration "selfUrl", fallback to "file:" scheme
[38;5;8m2023-01-21 00:33:29[0m [I] [38;5;78;1mapp[0m server listening at [38;5;78mhttp://127.0.0.1:5141[0m
[38;5;8m2023-01-21 00:33:29[0m [I] [38;5;221;1mpuppeteer[0m chrome executable found at [38;5;221mC:\Program Files\Google\Chrome\Application\chrome.exe[0m
[38;5;8m2023-01-21 00:33:29[0m [I] [38;5;92;1mlocales[0m loading locale zh.yml
[38;5;8m2023-01-21 00:33:29[0m [I] [38;5;214;1mblockly[0m Reloading....
[38;5;8m2023-01-21 00:33:29[0m [I] [38;5;214;1mblockly[0m Reloading....
[38;5;8m2023-01-21 00:33:29[0m [I] [38;5;214;1mblockly[0m Reloading....
[38;5;8m2023-01-21 00:33:29[0m [I] [38;5;214;1madapter[0m connect to server: [38;5;214mws://106.52.111.188:7110/[0m
[38;5;8m2023-01-21 00:33:31[0m [W] [38;5;178;1mmarket[0m failed to parse [38;5;178mkoishi-plugin-market-info[0m
[38;5;8m2023-01-21 00:33:31[0m [W] [38;5;178;1mmarket[0m Error: Cannot find module 'D:\Project\koishinew\node_modules\koishi-plugin-market-info\lib\index.js'. Please verify that the package.json has a valid "main" entry
                            at tryPackage (node:internal/modules/cjs/loader:400:19)
                            at Module._findPath (node:internal/modules/cjs/loader:613:18)
                            at Module._resolveFilename (node:internal/modules/cjs/loader:981:27)
                            at Module._resolveFilename (D:\Project\koishinew\node_modules\esbuild-register\dist\node.js:4787:36)
                            at Function.resolve (node:internal/modules/cjs/helpers:109:19)
                            at PackageProvider.loadPackage (D:\Project\koishinew\node_modules\@koishijs\plugin-market\src\node\packages.ts:95:26)
                            at PackageProvider.loadDirectory (D:\Project\koishinew\node_modules\@koishijs\plugin-market\src\node\packages.ts:85:16)
                            at async Promise.all (index 0)
                            at PackageProvider.prepare (D:\Project\koishinew\node_modules\@koishijs\plugin-market\src\node\packages.ts:53:5)
[38;5;8m2023-01-21 00:35:18[0m [I] [38;5;78;1mapp[0m [38;5;15;1mKoishi/4.11.1[0m
[38;5;8m2023-01-21 00:35:19[0m [I] [38;5;78;1mapp[0m apply plugin [38;5;78mgroup:entry[0m
[38;5;8m2023-01-21 00:35:19[0m [I] [38;5;78;1mapp[0m apply plugin [38;5;78mgroup:basic[0m
[38;5;8m2023-01-21 00:35:19[0m [I] [38;5;78;1mapp[0m apply plugin [38;5;78mrate-limit[0m
[38;5;8m2023-01-21 00:35:19[0m [I] [38;5;78;1mapp[0m apply plugin [38;5;78mlocales[0m
[38;5;8m2023-01-21 00:35:19[0m [I] [38;5;78;1mapp[0m apply plugin [38;5;78madmin[0m
[38;5;8m2023-01-21 00:35:19[0m [I] [38;5;78;1mapp[0m apply plugin [38;5;78mgroup:console[0m
[38;5;8m2023-01-21 00:35:19[0m [I] [38;5;78;1mapp[0m apply plugin [38;5;78manalytics[0m
[38;5;8m2023-01-21 00:35:19[0m [I] [38;5;78;1mapp[0m apply plugin [38;5;78mconsole[0m
[38;5;8m2023-01-21 00:35:19[0m [I] [38;5;78;1mapp[0m apply plugin [38;5;78mdataview[0m
[38;5;8m2023-01-21 00:35:19[0m [I] [38;5;78;1mapp[0m apply plugin [38;5;78mlogger[0m
[38;5;8m2023-01-21 00:35:19[0m [I] [38;5;78;1mapp[0m apply plugin [38;5;78minsight[0m
[38;5;8m2023-01-21 00:35:19[0m [I] [38;5;78;1mapp[0m apply plugin [38;5;78mmarket[0m
[38;5;8m2023-01-21 00:35:19[0m [I] [38;5;78;1mapp[0m apply plugin [38;5;78msandbox[0m
[38;5;8m2023-01-21 00:35:19[0m [I] [38;5;78;1mapp[0m apply plugin [38;5;78mstatus[0m
[38;5;8m2023-01-21 00:35:19[0m [I] [38;5;78;1mapp[0m apply plugin [38;5;78mgroup:database[0m
[38;5;8m2023-01-21 00:35:19[0m [I] [38;5;78;1mapp[0m apply plugin [38;5;78mdatabase-sqlite[0m
[38;5;8m2023-01-21 00:35:20[0m [I] [38;5;78;1mapp[0m apply plugin [38;5;78massets-local[0m
[38;5;8m2023-01-21 00:35:20[0m [I] [38;5;78;1mapp[0m apply plugin [38;5;78mgroup:adapter[0m
[38;5;8m2023-01-21 00:35:20[0m [I] [38;5;78;1mapp[0m apply plugin [38;5;78madapter-onebot[0m
[38;5;8m2023-01-21 00:35:20[0m [I] [38;5;78;1mapp[0m apply plugin [38;5;78mgocqhttp[0m
[38;5;8m2023-01-21 00:35:20[0m [I] [38;5;78;1mapp[0m apply plugin [38;5;78mblockly:f9lneh[0m
[38;5;8m2023-01-21 00:35:20[0m [I] [38;5;78;1mapp[0m apply plugin [38;5;78mrr-image-censor:6wnjr3[0m
[38;5;8m2023-01-21 00:35:20[0m [I] [38;5;78;1mapp[0m apply plugin [38;5;78mpuppeteer:2oipri[0m
[38;5;8m2023-01-21 00:35:20[0m [W] [38;5;204;1massets[0m missing configuration "selfUrl", fallback to "file:" scheme
[38;5;8m2023-01-21 00:35:20[0m [I] [38;5;78;1mapp[0m server listening at [38;5;78mhttp://127.0.0.1:5141[0m
[38;5;8m2023-01-21 00:35:20[0m [I] [38;5;221;1mpuppeteer[0m chrome executable found at [38;5;221mC:\Program Files\Google\Chrome\Application\chrome.exe[0m
[38;5;8m2023-01-21 00:35:21[0m [I] [38;5;92;1mlocales[0m loading locale zh.yml
[38;5;8m2023-01-21 00:35:21[0m [I] [38;5;214;1mblockly[0m Reloading....
[38;5;8m2023-01-21 00:35:21[0m [I] [38;5;214;1mblockly[0m Reloading....
[38;5;8m2023-01-21 00:35:21[0m [I] [38;5;214;1mblockly[0m Reloading....
[38;5;8m2023-01-21 00:35:21[0m [I] [38;5;214;1madapter[0m connect to server: [38;5;214mws://106.52.111.188:7110/[0m
[38;5;8m2023-01-21 01:03:32[0m [I] [38;5;78;1mapp[0m apply plugin [38;5;78mspring-festival-ui:zgr8sp[0m
[38;5;8m2023-01-21 01:09:27[0m [I] [38;5;78;1mapp[0m unload plugin [38;5;78mblockly:f9lneh[0m
[38;5;8m2023-01-21 01:09:38[0m [I] [38;5;78;1mapp[0m unload plugin [38;5;78mspring-festival-ui:zgr8sp[0m
[38;5;8m2023-01-21 01:09:51[0m [I] [38;5;78;1mapp[0m apply plugin [38;5;78mspring-festival-ui:zgr8sp[0m
[38;5;8m2023-01-21 01:11:13[0m [I] [38;5;78;1mapp[0m unload plugin [38;5;78mspring-festival-ui:zgr8sp[0m
[38;5;8m2023-01-21 01:11:14[0m [I] [38;5;78;1mapp[0m apply plugin [38;5;78mspring-festival-ui:zgr8sp[0m
[38;5;8m2023-01-21 01:11:21[0m [I] [38;5;78;1mapp[0m apply plugin [38;5;78mgroup:basic[0m
[38;5;8m2023-01-21 01:11:21[0m [I] [38;5;78;1mapp[0m apply plugin [38;5;78mgroup:entry[0m
[38;5;8m2023-01-21 01:11:21[0m [I] [38;5;78;1mapp[0m [38;5;15;1mKoishi/4.11.1[0m
[38;5;8m2023-01-21 01:11:21[0m [I] [38;5;78;1mapp[0m apply plugin [38;5;78mlocales[0m
[38;5;8m2023-01-21 01:11:21[0m [I] [38;5;78;1mapp[0m apply plugin [38;5;78madmin[0m
[38;5;8m2023-01-21 01:11:21[0m [I] [38;5;78;1mapp[0m apply plugin [38;5;78manalytics[0m
[38;5;8m2023-01-21 01:11:21[0m [I] [38;5;78;1mapp[0m apply plugin [38;5;78mgroup:console[0m
[38;5;8m2023-01-21 01:11:21[0m [I] [38;5;78;1mapp[0m apply plugin [38;5;78mconsole[0m
[38;5;8m2023-01-21 01:11:21[0m [I] [38;5;78;1mapp[0m apply plugin [38;5;78mlogger[0m
[38;5;8m2023-01-21 01:11:21[0m [I] [38;5;78;1mapp[0m apply plugin [38;5;78mdataview[0m
[38;5;8m2023-01-21 01:11:21[0m [I] [38;5;78;1mapp[0m apply plugin [38;5;78minsight[0m
[38;5;8m2023-01-21 01:11:21[0m [I] [38;5;78;1mapp[0m apply plugin [38;5;78mmarket[0m
[38;5;8m2023-01-21 01:11:22[0m [I] [38;5;78;1mapp[0m apply plugin [38;5;78msandbox[0m
[38;5;8m2023-01-21 01:11:22[0m [I] [38;5;78;1mapp[0m apply plugin [38;5;78mstatus[0m
[38;5;8m2023-01-21 01:11:22[0m [I] [38;5;78;1mapp[0m apply plugin [38;5;78mgroup:database[0m
[38;5;8m2023-01-21 01:11:22[0m [I] [38;5;78;1mapp[0m apply plugin [38;5;78mdatabase-sqlite[0m
[38;5;8m2023-01-21 01:11:22[0m [I] [38;5;78;1mapp[0m apply plugin [38;5;78massets-local[0m
[38;5;8m2023-01-21 01:11:21[0m [I] [38;5;78;1mapp[0m apply plugin [38;5;78mrate-limit[0m
[38;5;8m2023-01-21 01:11:22[0m [I] [38;5;78;1mapp[0m apply plugin [38;5;78mgroup:adapter[0m
[38;5;8m2023-01-21 01:11:22[0m [I] [38;5;78;1mapp[0m apply plugin [38;5;78madapter-onebot[0m
[38;5;8m2023-01-21 01:11:22[0m [I] [38;5;78;1mapp[0m apply plugin [38;5;78mgocqhttp[0m
[38;5;8m2023-01-21 01:11:22[0m [I] [38;5;78;1mapp[0m apply plugin [38;5;78mrr-image-censor:6wnjr3[0m
[38;5;8m2023-01-21 01:11:22[0m [I] [38;5;78;1mapp[0m apply plugin [38;5;78mpuppeteer:2oipri[0m
[38;5;8m2023-01-21 01:11:22[0m [I] [38;5;78;1mapp[0m apply plugin [38;5;78mspring-festival-ui:zgr8sp[0m
[38;5;8m2023-01-21 01:11:23[0m [W] [38;5;204;1massets[0m missing configuration "selfUrl", fallback to "file:" scheme
[38;5;8m2023-01-21 01:11:23[0m [I] [38;5;78;1mapp[0m server listening at [38;5;78mhttp://127.0.0.1:5141[0m
[38;5;8m2023-01-21 01:11:23[0m [I] [38;5;221;1mpuppeteer[0m chrome executable found at [38;5;221mC:\Program Files\Google\Chrome\Application\chrome.exe[0m
[38;5;8m2023-01-21 01:11:23[0m [I] [38;5;214;1madapter[0m connect to server: [38;5;214mws://106.52.111.188:7110/[0m
[38;5;8m2023-01-21 01:11:23[0m [I] [38;5;92;1mlocales[0m loading locale zh.yml
[38;5;8m2023-01-21 01:11:38[0m [I] [38;5;167;1mwatch[0m reload plugin at [38;5;167mplugins\spring-festival-ui\src\index.ts[0m
[38;5;8m2023-01-21 01:15:27[0m [I] [38;5;78;1mapp[0m [38;5;15;1mKoishi/4.11.1[0m
[38;5;8m2023-01-21 01:15:27[0m [I] [38;5;78;1mapp[0m apply plugin [38;5;78mrate-limit[0m
[38;5;8m2023-01-21 01:15:27[0m [I] [38;5;78;1mapp[0m apply plugin [38;5;78mgroup:basic[0m
[38;5;8m2023-01-21 01:15:27[0m [I] [38;5;78;1mapp[0m apply plugin [38;5;78madmin[0m
[38;5;8m2023-01-21 01:15:27[0m [I] [38;5;78;1mapp[0m apply plugin [38;5;78mlocales[0m
[38;5;8m2023-01-21 01:15:27[0m [I] [38;5;78;1mapp[0m apply plugin [38;5;78mgroup:console[0m
[38;5;8m2023-01-21 01:15:27[0m [I] [38;5;78;1mapp[0m apply plugin [38;5;78manalytics[0m
[38;5;8m2023-01-21 01:15:27[0m [I] [38;5;78;1mapp[0m apply plugin [38;5;78mconsole[0m
[38;5;8m2023-01-21 01:15:27[0m [I] [38;5;78;1mapp[0m apply plugin [38;5;78mdataview[0m
[38;5;8m2023-01-21 01:15:27[0m [I] [38;5;78;1mapp[0m apply plugin [38;5;78mgroup:entry[0m
[38;5;8m2023-01-21 01:15:27[0m [I] [38;5;78;1mapp[0m apply plugin [38;5;78mlogger[0m
[38;5;8m2023-01-21 01:15:27[0m [I] [38;5;78;1mapp[0m apply plugin [38;5;78minsight[0m
[38;5;8m2023-01-21 01:15:27[0m [I] [38;5;78;1mapp[0m apply plugin [38;5;78mmarket[0m
[38;5;8m2023-01-21 01:15:28[0m [I] [38;5;78;1mapp[0m apply plugin [38;5;78msandbox[0m
[38;5;8m2023-01-21 01:15:28[0m [I] [38;5;78;1mapp[0m apply plugin [38;5;78mstatus[0m
[38;5;8m2023-01-21 01:15:28[0m [I] [38;5;78;1mapp[0m apply plugin [38;5;78mdatabase-sqlite[0m
[38;5;8m2023-01-21 01:15:28[0m [I] [38;5;78;1mapp[0m apply plugin [38;5;78mgroup:database[0m
[38;5;8m2023-01-21 01:15:28[0m [I] [38;5;78;1mapp[0m apply plugin [38;5;78massets-local[0m
[38;5;8m2023-01-21 01:15:28[0m [I] [38;5;78;1mapp[0m apply plugin [38;5;78mgroup:adapter[0m
[38;5;8m2023-01-21 01:15:28[0m [I] [38;5;78;1mapp[0m apply plugin [38;5;78madapter-onebot[0m
[38;5;8m2023-01-21 01:15:28[0m [I] [38;5;78;1mapp[0m apply plugin [38;5;78mgocqhttp[0m
[38;5;8m2023-01-21 01:15:28[0m [I] [38;5;78;1mapp[0m apply plugin [38;5;78mpuppeteer:2oipri[0m
[38;5;8m2023-01-21 01:15:28[0m [I] [38;5;78;1mapp[0m apply plugin [38;5;78mspring-festival-ui:zgr8sp[0m
[38;5;8m2023-01-21 01:15:28[0m [I] [38;5;78;1mapp[0m apply plugin [38;5;78mrr-image-censor:6wnjr3[0m
[38;5;8m2023-01-21 01:15:28[0m [W] [38;5;204;1massets[0m missing configuration "selfUrl", fallback to "file:" scheme
[38;5;8m2023-01-21 01:15:28[0m [I] [38;5;78;1mapp[0m server listening at [38;5;78mhttp://127.0.0.1:5141[0m
[38;5;8m2023-01-21 01:15:29[0m [I] [38;5;221;1mpuppeteer[0m chrome executable found at [38;5;221mC:\Program Files\Google\Chrome\Application\chrome.exe[0m
[38;5;8m2023-01-21 01:15:29[0m [I] [38;5;92;1mlocales[0m loading locale zh.yml
[38;5;8m2023-01-21 01:15:29[0m [I] [38;5;214;1madapter[0m connect to server: [38;5;214mws://106.52.111.188:7110/[0m
