[38;5;8m2023-01-26 14:25:36[0m [I] [38;5;78;1mapp[0m [38;5;15;1mKoishi/4.11.2[0m
[38;5;8m2023-01-26 14:25:37[0m [I] [38;5;78;1mapp[0m apply plugin [38;5;78mgroup:entry[0m
[38;5;8m2023-01-26 14:25:37[0m [I] [38;5;78;1mapp[0m apply plugin [38;5;78mrate-limit[0m
[38;5;8m2023-01-26 14:25:37[0m [I] [38;5;78;1mapp[0m apply plugin [38;5;78mgroup:basic[0m
[38;5;8m2023-01-26 14:25:37[0m [I] [38;5;78;1mapp[0m apply plugin [38;5;78mlocales[0m
[38;5;8m2023-01-26 14:25:37[0m [I] [38;5;78;1mapp[0m apply plugin [38;5;78madmin[0m
[38;5;8m2023-01-26 14:25:37[0m [I] [38;5;78;1mapp[0m apply plugin [38;5;78mgroup:console[0m
[38;5;8m2023-01-26 14:25:37[0m [I] [38;5;78;1mapp[0m apply plugin [38;5;78mconsole[0m
[38;5;8m2023-01-26 14:25:37[0m [I] [38;5;78;1mapp[0m apply plugin [38;5;78manalytics[0m
[38;5;8m2023-01-26 14:25:37[0m [I] [38;5;78;1mapp[0m apply plugin [38;5;78minsight[0m
[38;5;8m2023-01-26 14:25:37[0m [I] [38;5;78;1mapp[0m apply plugin [38;5;78mlogger[0m
[38;5;8m2023-01-26 14:25:37[0m [I] [38;5;78;1mapp[0m apply plugin [38;5;78mmarket[0m
[38;5;8m2023-01-26 14:25:37[0m [I] [38;5;78;1mapp[0m apply plugin [38;5;78mdataview[0m
[38;5;8m2023-01-26 14:25:38[0m [I] [38;5;78;1mapp[0m apply plugin [38;5;78msandbox[0m
[38;5;8m2023-01-26 14:25:38[0m [I] [38;5;78;1mapp[0m apply plugin [38;5;78mstatus[0m
[38;5;8m2023-01-26 14:25:38[0m [I] [38;5;78;1mapp[0m apply plugin [38;5;78mdatabase-sqlite[0m
[38;5;8m2023-01-26 14:25:38[0m [I] [38;5;78;1mapp[0m apply plugin [38;5;78mgroup:database[0m
[38;5;8m2023-01-26 14:25:38[0m [I] [38;5;78;1mapp[0m apply plugin [38;5;78massets-local[0m
[38;5;8m2023-01-26 14:25:38[0m [I] [38;5;78;1mapp[0m apply plugin [38;5;78madapter-onebot[0m
[38;5;8m2023-01-26 14:25:39[0m [I] [38;5;78;1mapp[0m apply plugin [38;5;78mgocqhttp[0m
[38;5;8m2023-01-26 14:25:38[0m [I] [38;5;78;1mapp[0m apply plugin [38;5;78mgroup:adapter[0m
[38;5;8m2023-01-26 14:25:40[0m [I] [38;5;78;1mapp[0m apply plugin [38;5;78meditfile:r5cmr0[0m
[38;5;8m2023-01-26 14:25:40[0m [E] [38;5;78;1mapp[0m cannot resolve plugin "editfile"
[38;5;8m2023-01-26 14:25:39[0m [I] [38;5;78;1mapp[0m apply plugin [38;5;78mpuppeteer:2oipri[0m
[38;5;8m2023-01-26 14:25:42[0m [I] [38;5;78;1mapp[0m apply plugin [38;5;78mgocq-session-uploader:3o1mxt[0m
[38;5;8m2023-01-26 14:25:40[0m [I] [38;5;78;1mapp[0m apply plugin [38;5;78meditor:p7tj3h[0m
[38;5;8m2023-01-26 14:25:43[0m [I] [38;5;78;1mapp[0m server listening at [38;5;78mhttp://localhost:5141[0m
[38;5;8m2023-01-26 14:25:42[0m [I] [38;5;78;1mapp[0m apply plugin [38;5;78madapter-onebot:ru8o4v[0m
[38;5;8m2023-01-26 14:25:42[0m [W] [38;5;204;1massets[0m missing configuration "selfUrl", fallback to "file:" scheme
[38;5;8m2023-01-26 14:25:43[0m [I] [38;5;221;1mpuppeteer[0m chrome executable found at [38;5;221mC:\Program Files\Google\Chrome\Application\chrome.exe[0m
[38;5;8m2023-01-26 14:25:43[0m [I] [38;5;92;1mlocales[0m loading locale zh.yml
[38;5;8m2023-01-26 14:25:43[0m [I] [38;5;214;1madapter[0m connect to server: [38;5;214mws://106.52.111.188:7110/[0m
[38;5;8m2023-01-26 14:25:48[0m [W] [38;5;32;1mgocqhttp[0m 账号密码未配置, 将使用二维码登录. 
[38;5;8m2023-01-26 14:25:48[0m [W] [38;5;178;1mmarket[0m timeout of 5000ms exceeded
[38;5;8m2023-01-26 14:25:48[0m [W] [38;5;178;1mmarket[0m timeout of 5000ms exceeded
[38;5;8m2023-01-26 14:25:48[0m [W] [38;5;178;1mmarket[0m timeout of 5000ms exceeded
[38;5;8m2023-01-26 14:25:48[0m [W] [38;5;178;1mmarket[0m timeout of 5000ms exceeded
[38;5;8m2023-01-26 14:25:48[0m [W] [38;5;178;1mmarket[0m timeout of 5000ms exceeded
[38;5;8m2023-01-26 14:25:48[0m [W] [38;5;178;1mmarket[0m timeout of 5000ms exceeded
[38;5;8m2023-01-26 14:25:48[0m [W] [38;5;178;1mmarket[0m timeout of 5000ms exceeded
[38;5;8m2023-01-26 14:25:48[0m [W] [38;5;178;1mmarket[0m timeout of 5000ms exceeded
[38;5;8m2023-01-26 14:25:48[0m [W] [38;5;178;1mmarket[0m timeout of 5000ms exceeded
[38;5;8m2023-01-26 14:25:48[0m [W] [38;5;178;1mmarket[0m timeout of 5000ms exceeded
[38;5;8m2023-01-26 14:25:53[0m [W] [38;5;178;1mmarket[0m timeout of 5000ms exceeded
[38;5;8m2023-01-26 14:25:53[0m [W] [38;5;178;1mmarket[0m timeout of 5000ms exceeded
[38;5;8m2023-01-26 14:25:53[0m [W] [38;5;178;1mmarket[0m timeout of 5000ms exceeded
[38;5;8m2023-01-26 14:25:53[0m [W] [38;5;178;1mmarket[0m timeout of 5000ms exceeded
[38;5;8m2023-01-26 14:25:53[0m [W] [38;5;178;1mmarket[0m timeout of 5000ms exceeded
[38;5;8m2023-01-26 14:25:53[0m [W] [38;5;178;1mmarket[0m timeout of 5000ms exceeded
[38;5;8m2023-01-26 14:25:53[0m [W] [38;5;178;1mmarket[0m timeout of 5000ms exceeded
[38;5;8m2023-01-26 14:25:53[0m [W] [38;5;178;1mmarket[0m timeout of 5000ms exceeded
[38;5;8m2023-01-26 14:25:53[0m [W] [38;5;178;1mmarket[0m timeout of 5000ms exceeded
[38;5;8m2023-01-26 14:25:53[0m [W] [38;5;178;1mmarket[0m timeout of 5000ms exceeded
[38;5;8m2023-01-26 14:26:04[0m [W] [38;5;178;1mmarket[0m timeout of 5000ms exceeded
[38;5;8m2023-01-26 14:26:04[0m [W] [38;5;178;1mmarket[0m timeout of 5000ms exceeded
[38;5;8m2023-01-26 14:26:04[0m [W] [38;5;178;1mmarket[0m timeout of 5000ms exceeded
[38;5;8m2023-01-26 14:26:04[0m [W] [38;5;178;1mmarket[0m timeout of 5000ms exceeded
[38;5;8m2023-01-26 14:26:04[0m [W] [38;5;178;1mmarket[0m timeout of 5000ms exceeded
[38;5;8m2023-01-26 14:26:04[0m [W] [38;5;178;1mmarket[0m timeout of 5000ms exceeded
[38;5;8m2023-01-26 14:26:04[0m [W] [38;5;178;1mmarket[0m timeout of 5000ms exceeded
[38;5;8m2023-01-26 14:26:04[0m [W] [38;5;178;1mmarket[0m timeout of 5000ms exceeded
[38;5;8m2023-01-26 14:26:04[0m [W] [38;5;178;1mmarket[0m timeout of 5000ms exceeded
[38;5;8m2023-01-26 14:27:49[0m [E] [38;5;32;1mgocqhttp[0m 二维码过期
[38;5;8m2023-01-26 17:21:18[0m [W] [38;5;171;1monebot[0m Error: Error with request get_msg, args: {"message_id":"-826495644"}, retcode: 100
                            at _Internal._get (D:\Project\koishinew\node_modules\@satorijs\adapter-onebot\src\types.ts:546:11)
                            at process.processTicksAndRejections (node:internal/process/task_queues:95:5)
                            at _Internal._Internal.<computed> (D:\Project\koishinew\node_modules\@satorijs\adapter-onebot\src\types.ts:572:20)
                            at OneBotBot.getMessage (D:\Project\koishinew\node_modules\@satorijs\adapter-onebot\src\bot\base.ts:21:18)
                            at adaptMessage (D:\Project\koishinew\node_modules\@satorijs\adapter-onebot\src\utils.ts:92:20)
                            at adaptSession (D:\Project\koishinew\node_modules\@satorijs\adapter-onebot\src\utils.ts:154:5)
                            at dispatchSession (D:\Project\koishinew\node_modules\@satorijs\adapter-onebot\src\utils.ts:141:19)
[38;5;8m2023-01-26 17:39:06[0m [W] [38;5;171;1monebot[0m Error: Error with request get_msg, args: {"message_id":"-270452108"}, retcode: 100
                            at _Internal._get (D:\Project\koishinew\node_modules\@satorijs\adapter-onebot\src\types.ts:546:11)
                            at process.processTicksAndRejections (node:internal/process/task_queues:95:5)
                            at _Internal._Internal.<computed> (D:\Project\koishinew\node_modules\@satorijs\adapter-onebot\src\types.ts:572:20)
                            at OneBotBot.getMessage (D:\Project\koishinew\node_modules\@satorijs\adapter-onebot\src\bot\base.ts:21:18)
                            at adaptMessage (D:\Project\koishinew\node_modules\@satorijs\adapter-onebot\src\utils.ts:92:20)
                            at adaptSession (D:\Project\koishinew\node_modules\@satorijs\adapter-onebot\src\utils.ts:154:5)
                            at dispatchSession (D:\Project\koishinew\node_modules\@satorijs\adapter-onebot\src\utils.ts:141:19)
