[38;5;8m2023-01-24 19:36:54[0m [I] [38;5;78;1mapp[0m [38;5;15;1mKoishi/4.11.2[0m
[38;5;8m2023-01-24 19:36:54[0m [I] [38;5;78;1mapp[0m apply plugin [38;5;78mgroup:entry[0m
[38;5;8m2023-01-24 19:36:54[0m [I] [38;5;78;1mapp[0m apply plugin [38;5;78mgroup:basic[0m
[38;5;8m2023-01-24 19:36:54[0m [I] [38;5;78;1mapp[0m apply plugin [38;5;78mrate-limit[0m
[38;5;8m2023-01-24 19:36:54[0m [I] [38;5;78;1mapp[0m apply plugin [38;5;78mlocales[0m
[38;5;8m2023-01-24 19:36:54[0m [I] [38;5;78;1mapp[0m apply plugin [38;5;78madmin[0m
[38;5;8m2023-01-24 19:36:54[0m [I] [38;5;78;1mapp[0m apply plugin [38;5;78mgroup:console[0m
[38;5;8m2023-01-24 19:36:54[0m [I] [38;5;78;1mapp[0m apply plugin [38;5;78manalytics[0m
[38;5;8m2023-01-24 19:36:55[0m [I] [38;5;78;1mapp[0m apply plugin [38;5;78mconsole[0m
[38;5;8m2023-01-24 19:36:55[0m [I] [38;5;78;1mapp[0m apply plugin [38;5;78mlogger[0m
[38;5;8m2023-01-24 19:36:55[0m [I] [38;5;78;1mapp[0m apply plugin [38;5;78minsight[0m
[38;5;8m2023-01-24 19:36:55[0m [I] [38;5;78;1mapp[0m apply plugin [38;5;78mdataview[0m
[38;5;8m2023-01-24 19:36:55[0m [I] [38;5;78;1mapp[0m apply plugin [38;5;78msandbox[0m
[38;5;8m2023-01-24 19:36:55[0m [I] [38;5;78;1mapp[0m apply plugin [38;5;78mmarket[0m
[38;5;8m2023-01-24 19:36:55[0m [I] [38;5;78;1mapp[0m apply plugin [38;5;78mgroup:database[0m
[38;5;8m2023-01-24 19:36:55[0m [I] [38;5;78;1mapp[0m apply plugin [38;5;78mstatus[0m
[38;5;8m2023-01-24 19:36:55[0m [I] [38;5;78;1mapp[0m apply plugin [38;5;78mdatabase-sqlite[0m
[38;5;8m2023-01-24 19:36:55[0m [I] [38;5;78;1mapp[0m apply plugin [38;5;78massets-local[0m
[38;5;8m2023-01-24 19:36:55[0m [I] [38;5;78;1mapp[0m apply plugin [38;5;78madapter-onebot[0m
[38;5;8m2023-01-24 19:36:55[0m [I] [38;5;78;1mapp[0m apply plugin [38;5;78mgroup:adapter[0m
[38;5;8m2023-01-24 19:36:55[0m [I] [38;5;78;1mapp[0m apply plugin [38;5;78mgocqhttp[0m
[38;5;8m2023-01-24 19:36:55[0m [I] [38;5;78;1mapp[0m apply plugin [38;5;78mpuppeteer:2oipri[0m
[38;5;8m2023-01-24 19:36:56[0m [I] [38;5;78;1mapp[0m apply plugin [38;5;78meditfile:r5cmr0[0m
[38;5;8m2023-01-24 19:36:56[0m [E] [38;5;78;1mapp[0m cannot resolve plugin "editfile"
[38;5;8m2023-01-24 19:36:56[0m [I] [38;5;78;1mapp[0m apply plugin [38;5;78meditor:p7tj3h[0m
[38;5;8m2023-01-24 19:36:58[0m [I] [38;5;78;1mapp[0m apply plugin [38;5;78mgocq-session-uploader:3o1mxt[0m
[38;5;8m2023-01-24 19:36:58[0m [W] [38;5;204;1massets[0m missing configuration "selfUrl", fallback to "file:" scheme
[38;5;8m2023-01-24 19:36:58[0m [I] [38;5;78;1mapp[0m server listening at [38;5;78mhttp://localhost:5141[0m
[38;5;8m2023-01-24 19:36:58[0m [I] [38;5;221;1mpuppeteer[0m chrome executable found at [38;5;221mC:\Program Files\Google\Chrome\Application\chrome.exe[0m
[38;5;8m2023-01-24 19:36:58[0m [I] [38;5;92;1mlocales[0m loading locale zh.yml
[38;5;8m2023-01-24 19:36:59[0m [I] [38;5;214;1madapter[0m connect to server: [38;5;214mws://106.52.111.188:7110/[0m
[38;5;8m2023-01-24 20:24:12[0m [I] [38;5;78;1mapp[0m apply plugin [38;5;78madapter-onebot:ru8o4v[0m
[38;5;8m2023-01-24 20:24:39[0m [I] [38;5;78;1mapp[0m reload plugin [38;5;78madapter-onebot:ru8o4v[0m
[38;5;8m2023-01-24 20:24:40[0m [W] [38;5;32;1mgocqhttp[0m 账号密码未配置, 将使用二维码登录. 
[38;5;8m2023-01-24 20:24:40[0m [W] [38;5;32;1mgocqhttp[0m 虚拟设备信息不存在, 将自动生成随机设备. 
[38;5;8m2023-01-24 20:26:42[0m [E] [38;5;32;1mgocqhttp[0m 二维码过期
